<?xml version="1.0" encoding="UTF-8"?>
<!-- Generated by org.testng.reporters.JUnitReportReporter -->
<testsuite hostname="DESKTOP-70SA8NV" name="tests.LockFreeTest" tests="1000" failures="0" timestamp="15 May 2016 08:24:50 GMT" time="0.560" errors="0">
  <testcase name="test2" time="0.000" classname="tests.LockFreeTest"/>
  <testcase name="test2" time="0.000" classname="tests.LockFreeTest"/>
  <testcase name="test2" time="0.000" classname="tests.LockFreeTest"/>
  <testcase name="test2" time="0.000" classname="tests.LockFreeTest"/>
  <testcase name="test2" time="0.000" classname="tests.LockFreeTest"/>
  <testcase name="test2" time="0.000" classname="tests.LockFreeTest"/>
  <testcase name="test2" time="0.000" classname="tests.LockFreeTest"/>
  <testcase name="test2" time="0.000" classname="tests.LockFreeTest"/>
  <testcase name="test2" time="0.000" classname="tests.LockFreeTest"/>
  <testcase name="test2" time="0.016" classname="tests.LockFreeTest"/>
  <testcase name="test2" time="0.000" classname="tests.LockFreeTest"/>
  <testcase name="test2" time="0.000" classname="tests.LockFreeTest"/>
  <testcase name="test2" time="0.000" classname="tests.LockFreeTest"/>
  <testcase name="test2" time="0.000" classname="tests.LockFreeTest"/>
  <testcase name="test2" time="0.000" classname="tests.LockFreeTest"/>
  <testcase name="test2" time="0.000" classname="tests.LockFreeTest"/>
  <testcase name="test2" time="0.000" classname="tests.LockFreeTest"/>
  <testcase name="test2" time="0.000" classname="tests.LockFreeTest"/>
  <testcase name="test2" time="0.000" classname="tests.LockFreeTest"/>
  <testcase name="test2" time="0.000" classname="tests.LockFreeTest"/>
  <testcase name="test2" time="0.000" classname="tests.LockFreeTest"/>
  <testcase name="test2" time="0.000" classname="tests.LockFreeTest"/>
  <testcase name="test2" time="0.000" classname="tests.LockFreeTest"/>
  <testcase name="test2" time="0.000" classname="tests.LockFreeTest"/>
  <testcase name="test2" time="0.000" classname="tests.LockFreeTest"/>
  <testcase name="test2" time="0.000" classname="tests.LockFreeTest"/>
  <testcase name="test2" time="0.000" classname="tests.LockFreeTest"/>
  <testcase name="test2" time="0.000" classname="tests.LockFreeTest"/>
  <testcase name="test2" time="0.000" classname="tests.LockFreeTest"/>
  <testcase name="test2" time="0.000" classname="tests.LockFreeTest"/>
  <testcase name="test2" time="0.000" classname="tests.LockFreeTest"/>
  <testcase name="test2" time="0.000" classname="tests.LockFreeTest"/>
  <testcase name="test2" time="0.000" classname="tests.LockFreeTest"/>
  <testcase name="test2" time="0.000" classname="tests.LockFreeTest"/>
  <testcase name="test2" time="0.000" classname="tests.LockFreeTest"/>
  <testcase name="test2" time="0.000" classname="tests.LockFreeTest"/>
  <testcase name="test2" time="0.000" classname="tests.LockFreeTest"/>
  <testcase name="test2" time="0.000" classname="tests.LockFreeTest"/>
  <testcase name="test2" time="0.000" classname="tests.LockFreeTest"/>
  <testcase name="test2" time="0.000" classname="tests.LockFreeTest"/>
  <testcase name="test2" time="0.000" classname="tests.LockFreeTest"/>
  <testcase name="test2" time="0.000" classname="tests.LockFreeTest"/>
  <testcase name="test2" time="0.000" classname="tests.LockFreeTest"/>
  <testcase name="test2" time="0.000" classname="tests.LockFreeTest"/>
  <testcase name="test2" time="0.000" classname="tests.LockFreeTest"/>
  <testcase name="test2" time="0.000" classname="tests.LockFreeTest"/>
  <testcase name="test2" time="0.016" classname="tests.LockFreeTest"/>
  <testcase name="test2" time="0.000" classname="tests.LockFreeTest"/>
  <testcase name="test2" time="0.000" classname="tests.LockFreeTest"/>
  <testcase name="test2" time="0.000" classname="tests.LockFreeTest"/>
  <testcase name="test2" time="0.000" classname="tests.LockFreeTest"/>
  <testcase name="test2" time="0.000" classname="tests.LockFreeTest"/>
  <testcase name="test2" time="0.000" classname="tests.LockFreeTest"/>
  <testcase name="test2" time="0.000" classname="tests.LockFreeTest"/>
  <testcase name="test2" time="0.000" classname="tests.LockFreeTest"/>
  <testcase name="test2" time="0.000" classname="tests.LockFreeTest"/>
  <testcase name="test2" time="0.000" classname="tests.LockFreeTest"/>
  <testcase name="test2" time="0.000" classname="tests.LockFreeTest"/>
  <testcase name="test2" time="0.000" classname="tests.LockFreeTest"/>
  <testcase name="test2" time="0.000" classname="tests.LockFreeTest"/>
  <testcase name="test2" time="0.000" classname="tests.LockFreeTest"/>
  <testcase name="test2" time="0.000" classname="tests.LockFreeTest"/>
  <testcase name="test2" time="0.000" classname="tests.LockFreeTest"/>
  <testcase name="test2" time="0.000" classname="tests.LockFreeTest"/>
  <testcase name="test2" time="0.000" classname="tests.LockFreeTest"/>
  <testcase name="test2" time="0.000" classname="tests.LockFreeTest"/>
  <testcase name="test2" time="0.000" classname="tests.LockFreeTest"/>
  <testcase name="test2" time="0.000" classname="tests.LockFreeTest"/>
  <testcase name="test2" time="0.000" classname="tests.LockFreeTest"/>
  <testcase name="test2" time="0.000" classname="tests.LockFreeTest"/>
  <testcase name="test2" time="0.000" classname="tests.LockFreeTest"/>
  <testcase name="test2" time="0.000" classname="tests.LockFreeTest"/>
  <testcase name="test2" time="0.000" classname="tests.LockFreeTest"/>
  <testcase name="test2" time="0.000" classname="tests.LockFreeTest"/>
  <testcase name="test2" time="0.000" classname="tests.LockFreeTest"/>
  <testcase name="test2" time="0.000" classname="tests.LockFreeTest"/>
  <testcase name="test2" time="0.000" classname="tests.LockFreeTest"/>
  <testcase name="test2" time="0.000" classname="tests.LockFreeTest"/>
  <testcase name="test2" time="0.000" classname="tests.LockFreeTest"/>
  <testcase name="test2" time="0.000" classname="tests.LockFreeTest"/>
  <testcase name="test2" time="0.000" classname="tests.LockFreeTest"/>
  <testcase name="test2" time="0.000" classname="tests.LockFreeTest"/>
  <testcase name="test2" time="0.000" classname="tests.LockFreeTest"/>
  <testcase name="test2" time="0.000" classname="tests.LockFreeTest"/>
  <testcase name="test2" time="0.000" classname="tests.LockFreeTest"/>
  <testcase name="test2" time="0.000" classname="tests.LockFreeTest"/>
  <testcase name="test2" time="0.000" classname="tests.LockFreeTest"/>
  <testcase name="test2" time="0.000" classname="tests.LockFreeTest"/>
  <testcase name="test2" time="0.000" classname="tests.LockFreeTest"/>
  <testcase name="test2" time="0.000" classname="tests.LockFreeTest"/>
  <testcase name="test2" time="0.000" classname="tests.LockFreeTest"/>
  <testcase name="test2" time="0.000" classname="tests.LockFreeTest"/>
  <testcase name="test2" time="0.000" classname="tests.LockFreeTest"/>
  <testcase name="test2" time="0.000" classname="tests.LockFreeTest"/>
  <testcase name="test2" time="0.000" classname="tests.LockFreeTest"/>
  <testcase name="test2" time="0.000" classname="tests.LockFreeTest"/>
  <testcase name="test2" time="0.000" classname="tests.LockFreeTest"/>
  <testcase name="test2" time="0.000" classname="tests.LockFreeTest"/>
  <testcase name="test2" time="0.000" classname="tests.LockFreeTest"/>
  <testcase name="test2" time="0.000" classname="tests.LockFreeTest"/>
  <testcase name="test2" time="0.000" classname="tests.LockFreeTest"/>
  <testcase name="test2" time="0.000" classname="tests.LockFreeTest"/>
  <testcase name="test2" time="0.000" classname="tests.LockFreeTest"/>
  <testcase name="test2" time="0.000" classname="tests.LockFreeTest"/>
  <testcase name="test2" time="0.000" classname="tests.LockFreeTest"/>
  <testcase name="test2" time="0.000" classname="tests.LockFreeTest"/>
  <testcase name="test2" time="0.000" classname="tests.LockFreeTest"/>
  <testcase name="test2" time="0.000" classname="tests.LockFreeTest"/>
  <testcase name="test2" time="0.016" classname="tests.LockFreeTest"/>
  <testcase name="test2" time="0.000" classname="tests.LockFreeTest"/>
  <testcase name="test2" time="0.000" classname="tests.LockFreeTest"/>
  <testcase name="test2" time="0.000" classname="tests.LockFreeTest"/>
  <testcase name="test2" time="0.000" classname="tests.LockFreeTest"/>
  <testcase name="test2" time="0.000" classname="tests.LockFreeTest"/>
  <testcase name="test2" time="0.000" classname="tests.LockFreeTest"/>
  <testcase name="test2" time="0.000" classname="tests.LockFreeTest"/>
  <testcase name="test2" time="0.000" classname="tests.LockFreeTest"/>
  <testcase name="test2" time="0.000" classname="tests.LockFreeTest"/>
  <testcase name="test2" time="0.000" classname="tests.LockFreeTest"/>
  <testcase name="test2" time="0.000" classname="tests.LockFreeTest"/>
  <testcase name="test2" time="0.000" classname="tests.LockFreeTest"/>
  <testcase name="test2" time="0.000" classname="tests.LockFreeTest"/>
  <testcase name="test2" time="0.000" classname="tests.LockFreeTest"/>
  <testcase name="test2" time="0.000" classname="tests.LockFreeTest"/>
  <testcase name="test2" time="0.000" classname="tests.LockFreeTest"/>
  <testcase name="test2" time="0.000" classname="tests.LockFreeTest"/>
  <testcase name="test2" time="0.000" classname="tests.LockFreeTest"/>
  <testcase name="test2" time="0.000" classname="tests.LockFreeTest"/>
  <testcase name="test2" time="0.000" classname="tests.LockFreeTest"/>
  <testcase name="test2" time="0.000" classname="tests.LockFreeTest"/>
  <testcase name="test2" time="0.000" classname="tests.LockFreeTest"/>
  <testcase name="test2" time="0.000" classname="tests.LockFreeTest"/>
  <testcase name="test2" time="0.000" classname="tests.LockFreeTest"/>
  <testcase name="test2" time="0.000" classname="tests.LockFreeTest"/>
  <testcase name="test2" time="0.000" classname="tests.LockFreeTest"/>
  <testcase name="test2" time="0.000" classname="tests.LockFreeTest"/>
  <testcase name="test2" time="0.000" classname="tests.LockFreeTest"/>
  <testcase name="test2" time="0.000" classname="tests.LockFreeTest"/>
  <testcase name="test2" time="0.000" classname="tests.LockFreeTest"/>
  <testcase name="test2" time="0.000" classname="tests.LockFreeTest"/>
  <testcase name="test2" time="0.000" classname="tests.LockFreeTest"/>
  <testcase name="test2" time="0.000" classname="tests.LockFreeTest"/>
  <testcase name="test2" time="0.000" classname="tests.LockFreeTest"/>
  <testcase name="test2" time="0.000" classname="tests.LockFreeTest"/>
  <testcase name="test2" time="0.000" classname="tests.LockFreeTest"/>
  <testcase name="test2" time="0.000" classname="tests.LockFreeTest"/>
  <testcase name="test2" time="0.000" classname="tests.LockFreeTest"/>
  <testcase name="test2" time="0.015" classname="tests.LockFreeTest"/>
  <testcase name="test2" time="0.016" classname="tests.LockFreeTest"/>
  <testcase name="test2" time="0.000" classname="tests.LockFreeTest"/>
  <testcase name="test2" time="0.000" classname="tests.LockFreeTest"/>
  <testcase name="test2" time="0.000" classname="tests.LockFreeTest"/>
  <testcase name="test2" time="0.000" classname="tests.LockFreeTest"/>
  <testcase name="test2" time="0.000" classname="tests.LockFreeTest"/>
  <testcase name="test2" time="0.000" classname="tests.LockFreeTest"/>
  <testcase name="test2" time="0.000" classname="tests.LockFreeTest"/>
  <testcase name="test2" time="0.015" classname="tests.LockFreeTest"/>
  <testcase name="test2" time="0.000" classname="tests.LockFreeTest"/>
  <testcase name="test2" time="0.000" classname="tests.LockFreeTest"/>
  <testcase name="test2" time="0.000" classname="tests.LockFreeTest"/>
  <testcase name="test2" time="0.000" classname="tests.LockFreeTest"/>
  <testcase name="test2" time="0.000" classname="tests.LockFreeTest"/>
  <testcase name="test2" time="0.000" classname="tests.LockFreeTest"/>
  <testcase name="test2" time="0.000" classname="tests.LockFreeTest"/>
  <testcase name="test2" time="0.000" classname="tests.LockFreeTest"/>
  <testcase name="test2" time="0.000" classname="tests.LockFreeTest"/>
  <testcase name="test2" time="0.000" classname="tests.LockFreeTest"/>
  <testcase name="test2" time="0.000" classname="tests.LockFreeTest"/>
  <testcase name="test2" time="0.000" classname="tests.LockFreeTest"/>
  <testcase name="test2" time="0.000" classname="tests.LockFreeTest"/>
  <testcase name="test2" time="0.000" classname="tests.LockFreeTest"/>
  <testcase name="test2" time="0.000" classname="tests.LockFreeTest"/>
  <testcase name="test2" time="0.000" classname="tests.LockFreeTest"/>
  <testcase name="test2" time="0.000" classname="tests.LockFreeTest"/>
  <testcase name="test2" time="0.000" classname="tests.LockFreeTest"/>
  <testcase name="test2" time="0.000" classname="tests.LockFreeTest"/>
  <testcase name="test2" time="0.016" classname="tests.LockFreeTest"/>
  <testcase name="test2" time="0.000" classname="tests.LockFreeTest"/>
  <testcase name="test2" time="0.000" classname="tests.LockFreeTest"/>
  <testcase name="test2" time="0.000" classname="tests.LockFreeTest"/>
  <testcase name="test2" time="0.000" classname="tests.LockFreeTest"/>
  <testcase name="test2" time="0.000" classname="tests.LockFreeTest"/>
  <testcase name="test2" time="0.000" classname="tests.LockFreeTest"/>
  <testcase name="test2" time="0.000" classname="tests.LockFreeTest"/>
  <testcase name="test2" time="0.000" classname="tests.LockFreeTest"/>
  <testcase name="test2" time="0.000" classname="tests.LockFreeTest"/>
  <testcase name="test2" time="0.000" classname="tests.LockFreeTest"/>
  <testcase name="test2" time="0.000" classname="tests.LockFreeTest"/>
  <testcase name="test2" time="0.000" classname="tests.LockFreeTest"/>
  <testcase name="test2" time="0.000" classname="tests.LockFreeTest"/>
  <testcase name="test2" time="0.000" classname="tests.LockFreeTest"/>
  <testcase name="test2" time="0.000" classname="tests.LockFreeTest"/>
  <testcase name="test2" time="0.000" classname="tests.LockFreeTest"/>
  <testcase name="test2" time="0.000" classname="tests.LockFreeTest"/>
  <testcase name="test2" time="0.000" classname="tests.LockFreeTest"/>
  <testcase name="test2" time="0.000" classname="tests.LockFreeTest"/>
  <testcase name="test2" time="0.000" classname="tests.LockFreeTest"/>
  <testcase name="test2" time="0.000" classname="tests.LockFreeTest"/>
  <testcase name="test2" time="0.000" classname="tests.LockFreeTest"/>
  <testcase name="test2" time="0.000" classname="tests.LockFreeTest"/>
  <testcase name="test2" time="0.000" classname="tests.LockFreeTest"/>
  <testcase name="test2" time="0.015" classname="tests.LockFreeTest"/>
  <testcase name="test2" time="0.000" classname="tests.LockFreeTest"/>
  <testcase name="test2" time="0.000" classname="tests.LockFreeTest"/>
  <testcase name="test2" time="0.000" classname="tests.LockFreeTest"/>
  <testcase name="test2" time="0.000" classname="tests.LockFreeTest"/>
  <testcase name="test2" time="0.000" classname="tests.LockFreeTest"/>
  <testcase name="test2" time="0.000" classname="tests.LockFreeTest"/>
  <testcase name="test2" time="0.000" classname="tests.LockFreeTest"/>
  <testcase name="test2" time="0.000" classname="tests.LockFreeTest"/>
  <testcase name="test2" time="0.000" classname="tests.LockFreeTest"/>
  <testcase name="test2" time="0.000" classname="tests.LockFreeTest"/>
  <testcase name="test2" time="0.000" classname="tests.LockFreeTest"/>
  <testcase name="test2" time="0.000" classname="tests.LockFreeTest"/>
  <testcase name="test2" time="0.000" classname="tests.LockFreeTest"/>
  <testcase name="test2" time="0.000" classname="tests.LockFreeTest"/>
  <testcase name="test2" time="0.000" classname="tests.LockFreeTest"/>
  <testcase name="test2" time="0.000" classname="tests.LockFreeTest"/>
  <testcase name="test2" time="0.000" classname="tests.LockFreeTest"/>
  <testcase name="test2" time="0.000" classname="tests.LockFreeTest"/>
  <testcase name="test2" time="0.000" classname="tests.LockFreeTest"/>
  <testcase name="test2" time="0.000" classname="tests.LockFreeTest"/>
  <testcase name="test2" time="0.000" classname="tests.LockFreeTest"/>
  <testcase name="test2" time="0.000" classname="tests.LockFreeTest"/>
  <testcase name="test2" time="0.000" classname="tests.LockFreeTest"/>
  <testcase name="test2" time="0.000" classname="tests.LockFreeTest"/>
  <testcase name="test2" time="0.000" classname="tests.LockFreeTest"/>
  <testcase name="test2" time="0.000" classname="tests.LockFreeTest"/>
  <testcase name="test2" time="0.000" classname="tests.LockFreeTest"/>
  <testcase name="test2" time="0.016" classname="tests.LockFreeTest"/>
  <testcase name="test2" time="0.000" classname="tests.LockFreeTest"/>
  <testcase name="test2" time="0.000" classname="tests.LockFreeTest"/>
  <testcase name="test2" time="0.000" classname="tests.LockFreeTest"/>
  <testcase name="test2" time="0.000" classname="tests.LockFreeTest"/>
  <testcase name="test2" time="0.000" classname="tests.LockFreeTest"/>
  <testcase name="test2" time="0.000" classname="tests.LockFreeTest"/>
  <testcase name="test2" time="0.000" classname="tests.LockFreeTest"/>
  <testcase name="test2" time="0.000" classname="tests.LockFreeTest"/>
  <testcase name="test2" time="0.000" classname="tests.LockFreeTest"/>
  <testcase name="test2" time="0.000" classname="tests.LockFreeTest"/>
  <testcase name="test2" time="0.000" classname="tests.LockFreeTest"/>
  <testcase name="test2" time="0.000" classname="tests.LockFreeTest"/>
  <testcase name="test2" time="0.000" classname="tests.LockFreeTest"/>
  <testcase name="test2" time="0.000" classname="tests.LockFreeTest"/>
  <testcase name="test2" time="0.000" classname="tests.LockFreeTest"/>
  <testcase name="test2" time="0.000" classname="tests.LockFreeTest"/>
  <testcase name="test2" time="0.015" classname="tests.LockFreeTest"/>
  <testcase name="test2" time="0.000" classname="tests.LockFreeTest"/>
  <testcase name="test2" time="0.000" classname="tests.LockFreeTest"/>
  <testcase name="test2" time="0.000" classname="tests.LockFreeTest"/>
  <testcase name="test2" time="0.000" classname="tests.LockFreeTest"/>
  <testcase name="test2" time="0.000" classname="tests.LockFreeTest"/>
  <testcase name="test2" time="0.000" classname="tests.LockFreeTest"/>
  <testcase name="test2" time="0.000" classname="tests.LockFreeTest"/>
  <testcase name="test2" time="0.000" classname="tests.LockFreeTest"/>
  <testcase name="test2" time="0.000" classname="tests.LockFreeTest"/>
  <testcase name="test2" time="0.000" classname="tests.LockFreeTest"/>
  <testcase name="test2" time="0.000" classname="tests.LockFreeTest"/>
  <testcase name="test2" time="0.000" classname="tests.LockFreeTest"/>
  <testcase name="test2" time="0.000" classname="tests.LockFreeTest"/>
  <testcase name="test2" time="0.000" classname="tests.LockFreeTest"/>
  <testcase name="test2" time="0.000" classname="tests.LockFreeTest"/>
  <testcase name="test2" time="0.000" classname="tests.LockFreeTest"/>
  <testcase name="test2" time="0.000" classname="tests.LockFreeTest"/>
  <testcase name="test2" time="0.000" classname="tests.LockFreeTest"/>
  <testcase name="test2" time="0.000" classname="tests.LockFreeTest"/>
  <testcase name="test2" time="0.000" classname="tests.LockFreeTest"/>
  <testcase name="test2" time="0.000" classname="tests.LockFreeTest"/>
  <testcase name="test2" time="0.000" classname="tests.LockFreeTest"/>
  <testcase name="test2" time="0.000" classname="tests.LockFreeTest"/>
  <testcase name="test2" time="0.000" classname="tests.LockFreeTest"/>
  <testcase name="test2" time="0.000" classname="tests.LockFreeTest"/>
  <testcase name="test2" time="0.016" classname="tests.LockFreeTest"/>
  <testcase name="test2" time="0.000" classname="tests.LockFreeTest"/>
  <testcase name="test2" time="0.000" classname="tests.LockFreeTest"/>
  <testcase name="test2" time="0.000" classname="tests.LockFreeTest"/>
  <testcase name="test2" time="0.000" classname="tests.LockFreeTest"/>
  <testcase name="test2" time="0.000" classname="tests.LockFreeTest"/>
  <testcase name="test2" time="0.000" classname="tests.LockFreeTest"/>
  <testcase name="test2" time="0.000" classname="tests.LockFreeTest"/>
  <testcase name="test2" time="0.000" classname="tests.LockFreeTest"/>
  <testcase name="test2" time="0.000" classname="tests.LockFreeTest"/>
  <testcase name="test2" time="0.000" classname="tests.LockFreeTest"/>
  <testcase name="test2" time="0.000" classname="tests.LockFreeTest"/>
  <testcase name="test2" time="0.000" classname="tests.LockFreeTest"/>
  <testcase name="test2" time="0.000" classname="tests.LockFreeTest"/>
  <testcase name="test2" time="0.000" classname="tests.LockFreeTest"/>
  <testcase name="test2" time="0.000" classname="tests.LockFreeTest"/>
  <testcase name="test2" time="0.000" classname="tests.LockFreeTest"/>
  <testcase name="test2" time="0.000" classname="tests.LockFreeTest"/>
  <testcase name="test2" time="0.000" classname="tests.LockFreeTest"/>
  <testcase name="test2" time="0.000" classname="tests.LockFreeTest"/>
  <testcase name="test2" time="0.000" classname="tests.LockFreeTest"/>
  <testcase name="test2" time="0.000" classname="tests.LockFreeTest"/>
  <testcase name="test2" time="0.000" classname="tests.LockFreeTest"/>
  <testcase name="test2" time="0.015" classname="tests.LockFreeTest"/>
  <testcase name="test2" time="0.000" classname="tests.LockFreeTest"/>
  <testcase name="test2" time="0.000" classname="tests.LockFreeTest"/>
  <testcase name="test2" time="0.000" classname="tests.LockFreeTest"/>
  <testcase name="test2" time="0.000" classname="tests.LockFreeTest"/>
  <testcase name="test2" time="0.000" classname="tests.LockFreeTest"/>
  <testcase name="test2" time="0.000" classname="tests.LockFreeTest"/>
  <testcase name="test2" time="0.000" classname="tests.LockFreeTest"/>
  <testcase name="test2" time="0.000" classname="tests.LockFreeTest"/>
  <testcase name="test2" time="0.000" classname="tests.LockFreeTest"/>
  <testcase name="test2" time="0.000" classname="tests.LockFreeTest"/>
  <testcase name="test2" time="0.000" classname="tests.LockFreeTest"/>
  <testcase name="test2" time="0.000" classname="tests.LockFreeTest"/>
  <testcase name="test2" time="0.000" classname="tests.LockFreeTest"/>
  <testcase name="test2" time="0.000" classname="tests.LockFreeTest"/>
  <testcase name="test2" time="0.000" classname="tests.LockFreeTest"/>
  <testcase name="test2" time="0.000" classname="tests.LockFreeTest"/>
  <testcase name="test2" time="0.000" classname="tests.LockFreeTest"/>
  <testcase name="test2" time="0.016" classname="tests.LockFreeTest"/>
  <testcase name="test2" time="0.000" classname="tests.LockFreeTest"/>
  <testcase name="test2" time="0.000" classname="tests.LockFreeTest"/>
  <testcase name="test2" time="0.000" classname="tests.LockFreeTest"/>
  <testcase name="test2" time="0.000" classname="tests.LockFreeTest"/>
  <testcase name="test2" time="0.000" classname="tests.LockFreeTest"/>
  <testcase name="test2" time="0.000" classname="tests.LockFreeTest"/>
  <testcase name="test2" time="0.000" classname="tests.LockFreeTest"/>
  <testcase name="test2" time="0.047" classname="tests.LockFreeTest"/>
  <testcase name="test2" time="0.000" classname="tests.LockFreeTest"/>
  <testcase name="test2" time="0.000" classname="tests.LockFreeTest"/>
  <testcase name="test2" time="0.000" classname="tests.LockFreeTest"/>
  <testcase name="test2" time="0.000" classname="tests.LockFreeTest"/>
  <testcase name="test2" time="0.000" classname="tests.LockFreeTest"/>
  <testcase name="test2" time="0.000" classname="tests.LockFreeTest"/>
  <testcase name="test2" time="0.000" classname="tests.LockFreeTest"/>
  <testcase name="test2" time="0.000" classname="tests.LockFreeTest"/>
  <testcase name="test2" time="0.000" classname="tests.LockFreeTest"/>
  <testcase name="test2" time="0.000" classname="tests.LockFreeTest"/>
  <testcase name="test2" time="0.000" classname="tests.LockFreeTest"/>
  <testcase name="test2" time="0.000" classname="tests.LockFreeTest"/>
  <testcase name="test2" time="0.000" classname="tests.LockFreeTest"/>
  <testcase name="test2" time="0.000" classname="tests.LockFreeTest"/>
  <testcase name="test2" time="0.000" classname="tests.LockFreeTest"/>
  <testcase name="test2" time="0.000" classname="tests.LockFreeTest"/>
  <testcase name="test2" time="0.000" classname="tests.LockFreeTest"/>
  <testcase name="test2" time="0.000" classname="tests.LockFreeTest"/>
  <testcase name="test2" time="0.000" classname="tests.LockFreeTest"/>
  <testcase name="test2" time="0.000" classname="tests.LockFreeTest"/>
  <testcase name="test2" time="0.000" classname="tests.LockFreeTest"/>
  <testcase name="test2" time="0.000" classname="tests.LockFreeTest"/>
  <testcase name="test2" time="0.000" classname="tests.LockFreeTest"/>
  <testcase name="test2" time="0.000" classname="tests.LockFreeTest"/>
  <testcase name="test2" time="0.000" classname="tests.LockFreeTest"/>
  <testcase name="test2" time="0.015" classname="tests.LockFreeTest"/>
  <testcase name="test2" time="0.000" classname="tests.LockFreeTest"/>
  <testcase name="test2" time="0.000" classname="tests.LockFreeTest"/>
  <testcase name="test2" time="0.000" classname="tests.LockFreeTest"/>
  <testcase name="test2" time="0.000" classname="tests.LockFreeTest"/>
  <testcase name="test2" time="0.000" classname="tests.LockFreeTest"/>
  <testcase name="test2" time="0.000" classname="tests.LockFreeTest"/>
  <testcase name="test2" time="0.000" classname="tests.LockFreeTest"/>
  <testcase name="test2" time="0.000" classname="tests.LockFreeTest"/>
  <testcase name="test2" time="0.000" classname="tests.LockFreeTest"/>
  <testcase name="test2" time="0.000" classname="tests.LockFreeTest"/>
  <testcase name="test2" time="0.000" classname="tests.LockFreeTest"/>
  <testcase name="test2" time="0.000" classname="tests.LockFreeTest"/>
  <testcase name="test2" time="0.000" classname="tests.LockFreeTest"/>
  <testcase name="test2" time="0.000" classname="tests.LockFreeTest"/>
  <testcase name="test2" time="0.000" classname="tests.LockFreeTest"/>
  <testcase name="test2" time="0.000" classname="tests.LockFreeTest"/>
  <testcase name="test2" time="0.000" classname="tests.LockFreeTest"/>
  <testcase name="test2" time="0.000" classname="tests.LockFreeTest"/>
  <testcase name="test2" time="0.000" classname="tests.LockFreeTest"/>
  <testcase name="test2" time="0.000" classname="tests.LockFreeTest"/>
  <testcase name="test2" time="0.000" classname="tests.LockFreeTest"/>
  <testcase name="test2" time="0.000" classname="tests.LockFreeTest"/>
  <testcase name="test2" time="0.000" classname="tests.LockFreeTest"/>
  <testcase name="test2" time="0.000" classname="tests.LockFreeTest"/>
  <testcase name="test2" time="0.000" classname="tests.LockFreeTest"/>
  <testcase name="test2" time="0.000" classname="tests.LockFreeTest"/>
  <testcase name="test2" time="0.000" classname="tests.LockFreeTest"/>
  <testcase name="test2" time="0.000" classname="tests.LockFreeTest"/>
  <testcase name="test2" time="0.000" classname="tests.LockFreeTest"/>
  <testcase name="test2" time="0.000" classname="tests.LockFreeTest"/>
  <testcase name="test2" time="0.000" classname="tests.LockFreeTest"/>
  <testcase name="test2" time="0.015" classname="tests.LockFreeTest"/>
  <testcase name="test2" time="0.000" classname="tests.LockFreeTest"/>
  <testcase name="test2" time="0.000" classname="tests.LockFreeTest"/>
  <testcase name="test2" time="0.000" classname="tests.LockFreeTest"/>
  <testcase name="test2" time="0.000" classname="tests.LockFreeTest"/>
  <testcase name="test2" time="0.000" classname="tests.LockFreeTest"/>
  <testcase name="test2" time="0.000" classname="tests.LockFreeTest"/>
  <testcase name="test2" time="0.000" classname="tests.LockFreeTest"/>
  <testcase name="test2" time="0.000" classname="tests.LockFreeTest"/>
  <testcase name="test2" time="0.000" classname="tests.LockFreeTest"/>
  <testcase name="test2" time="0.000" classname="tests.LockFreeTest"/>
  <testcase name="test2" time="0.000" classname="tests.LockFreeTest"/>
  <testcase name="test2" time="0.000" classname="tests.LockFreeTest"/>
  <testcase name="test2" time="0.000" classname="tests.LockFreeTest"/>
  <testcase name="test2" time="0.000" classname="tests.LockFreeTest"/>
  <testcase name="test2" time="0.000" classname="tests.LockFreeTest"/>
  <testcase name="test2" time="0.000" classname="tests.LockFreeTest"/>
  <testcase name="test2" time="0.000" classname="tests.LockFreeTest"/>
  <testcase name="test2" time="0.000" classname="tests.LockFreeTest"/>
  <testcase name="test2" time="0.000" classname="tests.LockFreeTest"/>
  <testcase name="test2" time="0.000" classname="tests.LockFreeTest"/>
  <testcase name="test2" time="0.000" classname="tests.LockFreeTest"/>
  <testcase name="test2" time="0.000" classname="tests.LockFreeTest"/>
  <testcase name="test2" time="0.000" classname="tests.LockFreeTest"/>
  <testcase name="test2" time="0.000" classname="tests.LockFreeTest"/>
  <testcase name="test2" time="0.000" classname="tests.LockFreeTest"/>
  <testcase name="test2" time="0.000" classname="tests.LockFreeTest"/>
  <testcase name="test2" time="0.000" classname="tests.LockFreeTest"/>
  <testcase name="test2" time="0.000" classname="tests.LockFreeTest"/>
  <testcase name="test2" time="0.000" classname="tests.LockFreeTest"/>
  <testcase name="test2" time="0.000" classname="tests.LockFreeTest"/>
  <testcase name="test2" time="0.000" classname="tests.LockFreeTest"/>
  <testcase name="test2" time="0.000" classname="tests.LockFreeTest"/>
  <testcase name="test2" time="0.000" classname="tests.LockFreeTest"/>
  <testcase name="test2" time="0.000" classname="tests.LockFreeTest"/>
  <testcase name="test2" time="0.000" classname="tests.LockFreeTest"/>
  <testcase name="test2" time="0.000" classname="tests.LockFreeTest"/>
  <testcase name="test2" time="0.000" classname="tests.LockFreeTest"/>
  <testcase name="test2" time="0.000" classname="tests.LockFreeTest"/>
  <testcase name="test2" time="0.000" classname="tests.LockFreeTest"/>
  <testcase name="test2" time="0.000" classname="tests.LockFreeTest"/>
  <testcase name="test2" time="0.000" classname="tests.LockFreeTest"/>
  <testcase name="test2" time="0.000" classname="tests.LockFreeTest"/>
  <testcase name="test2" time="0.000" classname="tests.LockFreeTest"/>
  <testcase name="test2" time="0.000" classname="tests.LockFreeTest"/>
  <testcase name="test2" time="0.000" classname="tests.LockFreeTest"/>
  <testcase name="test2" time="0.000" classname="tests.LockFreeTest"/>
  <testcase name="test2" time="0.000" classname="tests.LockFreeTest"/>
  <testcase name="test2" time="0.000" classname="tests.LockFreeTest"/>
  <testcase name="test2" time="0.000" classname="tests.LockFreeTest"/>
  <testcase name="test2" time="0.000" classname="tests.LockFreeTest"/>
  <testcase name="test2" time="0.000" classname="tests.LockFreeTest"/>
  <testcase name="test2" time="0.000" classname="tests.LockFreeTest"/>
  <testcase name="test2" time="0.000" classname="tests.LockFreeTest"/>
  <testcase name="test2" time="0.000" classname="tests.LockFreeTest"/>
  <testcase name="test2" time="0.000" classname="tests.LockFreeTest"/>
  <testcase name="test2" time="0.000" classname="tests.LockFreeTest"/>
  <testcase name="test2" time="0.000" classname="tests.LockFreeTest"/>
  <testcase name="test2" time="0.000" classname="tests.LockFreeTest"/>
  <testcase name="test2" time="0.000" classname="tests.LockFreeTest"/>
  <testcase name="test2" time="0.000" classname="tests.LockFreeTest"/>
  <testcase name="test2" time="0.000" classname="tests.LockFreeTest"/>
  <testcase name="test2" time="0.000" classname="tests.LockFreeTest"/>
  <testcase name="test2" time="0.000" classname="tests.LockFreeTest"/>
  <testcase name="test2" time="0.000" classname="tests.LockFreeTest"/>
  <testcase name="test2" time="0.000" classname="tests.LockFreeTest"/>
  <testcase name="test2" time="0.000" classname="tests.LockFreeTest"/>
  <testcase name="test2" time="0.000" classname="tests.LockFreeTest"/>
  <testcase name="test2" time="0.000" classname="tests.LockFreeTest"/>
  <testcase name="test2" time="0.000" classname="tests.LockFreeTest"/>
  <testcase name="test2" time="0.000" classname="tests.LockFreeTest"/>
  <testcase name="test2" time="0.000" classname="tests.LockFreeTest"/>
  <testcase name="test2" time="0.000" classname="tests.LockFreeTest"/>
  <testcase name="test2" time="0.000" classname="tests.LockFreeTest"/>
  <testcase name="test2" time="0.000" classname="tests.LockFreeTest"/>
  <testcase name="test2" time="0.000" classname="tests.LockFreeTest"/>
  <testcase name="test2" time="0.000" classname="tests.LockFreeTest"/>
  <testcase name="test2" time="0.000" classname="tests.LockFreeTest"/>
  <testcase name="test2" time="0.000" classname="tests.LockFreeTest"/>
  <testcase name="test2" time="0.016" classname="tests.LockFreeTest"/>
  <testcase name="test2" time="0.000" classname="tests.LockFreeTest"/>
  <testcase name="test2" time="0.000" classname="tests.LockFreeTest"/>
  <testcase name="test2" time="0.000" classname="tests.LockFreeTest"/>
  <testcase name="test2" time="0.000" classname="tests.LockFreeTest"/>
  <testcase name="test2" time="0.000" classname="tests.LockFreeTest"/>
  <testcase name="test2" time="0.000" classname="tests.LockFreeTest"/>
  <testcase name="test2" time="0.000" classname="tests.LockFreeTest"/>
  <testcase name="test2" time="0.000" classname="tests.LockFreeTest"/>
  <testcase name="test2" time="0.000" classname="tests.LockFreeTest"/>
  <testcase name="test2" time="0.000" classname="tests.LockFreeTest"/>
  <testcase name="test2" time="0.000" classname="tests.LockFreeTest"/>
  <testcase name="test2" time="0.000" classname="tests.LockFreeTest"/>
  <testcase name="test2" time="0.000" classname="tests.LockFreeTest"/>
  <testcase name="test2" time="0.000" classname="tests.LockFreeTest"/>
  <testcase name="test2" time="0.000" classname="tests.LockFreeTest"/>
  <testcase name="test2" time="0.000" classname="tests.LockFreeTest"/>
  <testcase name="test2" time="0.000" classname="tests.LockFreeTest"/>
  <testcase name="test2" time="0.000" classname="tests.LockFreeTest"/>
  <testcase name="test2" time="0.000" classname="tests.LockFreeTest"/>
  <testcase name="test2" time="0.000" classname="tests.LockFreeTest"/>
  <testcase name="test2" time="0.000" classname="tests.LockFreeTest"/>
  <testcase name="test2" time="0.000" classname="tests.LockFreeTest"/>
  <testcase name="test2" time="0.000" classname="tests.LockFreeTest"/>
  <testcase name="test2" time="0.000" classname="tests.LockFreeTest"/>
  <testcase name="test2" time="0.000" classname="tests.LockFreeTest"/>
  <testcase name="test2" time="0.000" classname="tests.LockFreeTest"/>
  <testcase name="test2" time="0.000" classname="tests.LockFreeTest"/>
  <testcase name="test2" time="0.000" classname="tests.LockFreeTest"/>
  <testcase name="test2" time="0.000" classname="tests.LockFreeTest"/>
  <testcase name="test2" time="0.000" classname="tests.LockFreeTest"/>
  <testcase name="test2" time="0.000" classname="tests.LockFreeTest"/>
  <testcase name="test2" time="0.000" classname="tests.LockFreeTest"/>
  <testcase name="test2" time="0.000" classname="tests.LockFreeTest"/>
  <testcase name="test2" time="0.000" classname="tests.LockFreeTest"/>
  <testcase name="test2" time="0.000" classname="tests.LockFreeTest"/>
  <testcase name="test2" time="0.000" classname="tests.LockFreeTest"/>
  <testcase name="test2" time="0.000" classname="tests.LockFreeTest"/>
  <testcase name="test2" time="0.000" classname="tests.LockFreeTest"/>
  <testcase name="test2" time="0.000" classname="tests.LockFreeTest"/>
  <testcase name="test2" time="0.000" classname="tests.LockFreeTest"/>
  <testcase name="test2" time="0.000" classname="tests.LockFreeTest"/>
  <testcase name="test2" time="0.000" classname="tests.LockFreeTest"/>
  <testcase name="test2" time="0.000" classname="tests.LockFreeTest"/>
  <testcase name="test2" time="0.000" classname="tests.LockFreeTest"/>
  <testcase name="test2" time="0.000" classname="tests.LockFreeTest"/>
  <testcase name="test2" time="0.000" classname="tests.LockFreeTest"/>
  <testcase name="test2" time="0.000" classname="tests.LockFreeTest"/>
  <testcase name="test2" time="0.000" classname="tests.LockFreeTest"/>
  <testcase name="test2" time="0.000" classname="tests.LockFreeTest"/>
  <testcase name="test2" time="0.000" classname="tests.LockFreeTest"/>
  <testcase name="test2" time="0.000" classname="tests.LockFreeTest"/>
  <testcase name="test2" time="0.000" classname="tests.LockFreeTest"/>
  <testcase name="test2" time="0.000" classname="tests.LockFreeTest"/>
  <testcase name="test2" time="0.015" classname="tests.LockFreeTest"/>
  <testcase name="test2" time="0.000" classname="tests.LockFreeTest"/>
  <testcase name="test2" time="0.000" classname="tests.LockFreeTest"/>
  <testcase name="test2" time="0.000" classname="tests.LockFreeTest"/>
  <testcase name="test2" time="0.000" classname="tests.LockFreeTest"/>
  <testcase name="test2" time="0.000" classname="tests.LockFreeTest"/>
  <testcase name="test2" time="0.000" classname="tests.LockFreeTest"/>
  <testcase name="test2" time="0.000" classname="tests.LockFreeTest"/>
  <testcase name="test2" time="0.000" classname="tests.LockFreeTest"/>
  <testcase name="test2" time="0.000" classname="tests.LockFreeTest"/>
  <testcase name="test2" time="0.000" classname="tests.LockFreeTest"/>
  <testcase name="test2" time="0.000" classname="tests.LockFreeTest"/>
  <testcase name="test2" time="0.000" classname="tests.LockFreeTest"/>
  <testcase name="test2" time="0.000" classname="tests.LockFreeTest"/>
  <testcase name="test2" time="0.000" classname="tests.LockFreeTest"/>
  <testcase name="test2" time="0.000" classname="tests.LockFreeTest"/>
  <testcase name="test2" time="0.000" classname="tests.LockFreeTest"/>
  <testcase name="test2" time="0.000" classname="tests.LockFreeTest"/>
  <testcase name="test2" time="0.000" classname="tests.LockFreeTest"/>
  <testcase name="test2" time="0.000" classname="tests.LockFreeTest"/>
  <testcase name="test2" time="0.000" classname="tests.LockFreeTest"/>
  <testcase name="test2" time="0.000" classname="tests.LockFreeTest"/>
  <testcase name="test2" time="0.000" classname="tests.LockFreeTest"/>
  <testcase name="test2" time="0.000" classname="tests.LockFreeTest"/>
  <testcase name="test2" time="0.000" classname="tests.LockFreeTest"/>
  <testcase name="test2" time="0.000" classname="tests.LockFreeTest"/>
  <testcase name="test2" time="0.000" classname="tests.LockFreeTest"/>
  <testcase name="test2" time="0.000" classname="tests.LockFreeTest"/>
  <testcase name="test2" time="0.000" classname="tests.LockFreeTest"/>
  <testcase name="test2" time="0.000" classname="tests.LockFreeTest"/>
  <testcase name="test2" time="0.000" classname="tests.LockFreeTest"/>
  <testcase name="test2" time="0.000" classname="tests.LockFreeTest"/>
  <testcase name="test2" time="0.000" classname="tests.LockFreeTest"/>
  <testcase name="test2" time="0.000" classname="tests.LockFreeTest"/>
  <testcase name="test2" time="0.000" classname="tests.LockFreeTest"/>
  <testcase name="test2" time="0.000" classname="tests.LockFreeTest"/>
  <testcase name="test2" time="0.000" classname="tests.LockFreeTest"/>
  <testcase name="test2" time="0.000" classname="tests.LockFreeTest"/>
  <testcase name="test2" time="0.000" classname="tests.LockFreeTest"/>
  <testcase name="test2" time="0.000" classname="tests.LockFreeTest"/>
  <testcase name="test2" time="0.000" classname="tests.LockFreeTest"/>
  <testcase name="test2" time="0.000" classname="tests.LockFreeTest"/>
  <testcase name="test2" time="0.016" classname="tests.LockFreeTest"/>
  <testcase name="test2" time="0.000" classname="tests.LockFreeTest"/>
  <testcase name="test2" time="0.000" classname="tests.LockFreeTest"/>
  <testcase name="test2" time="0.000" classname="tests.LockFreeTest"/>
  <testcase name="test2" time="0.000" classname="tests.LockFreeTest"/>
  <testcase name="test2" time="0.000" classname="tests.LockFreeTest"/>
  <testcase name="test2" time="0.000" classname="tests.LockFreeTest"/>
  <testcase name="test2" time="0.000" classname="tests.LockFreeTest"/>
  <testcase name="test2" time="0.000" classname="tests.LockFreeTest"/>
  <testcase name="test2" time="0.000" classname="tests.LockFreeTest"/>
  <testcase name="test2" time="0.000" classname="tests.LockFreeTest"/>
  <testcase name="test2" time="0.000" classname="tests.LockFreeTest"/>
  <testcase name="test2" time="0.000" classname="tests.LockFreeTest"/>
  <testcase name="test2" time="0.000" classname="tests.LockFreeTest"/>
  <testcase name="test2" time="0.000" classname="tests.LockFreeTest"/>
  <testcase name="test2" time="0.000" classname="tests.LockFreeTest"/>
  <testcase name="test2" time="0.000" classname="tests.LockFreeTest"/>
  <testcase name="test2" time="0.000" classname="tests.LockFreeTest"/>
  <testcase name="test2" time="0.000" classname="tests.LockFreeTest"/>
  <testcase name="test2" time="0.000" classname="tests.LockFreeTest"/>
  <testcase name="test2" time="0.000" classname="tests.LockFreeTest"/>
  <testcase name="test2" time="0.000" classname="tests.LockFreeTest"/>
  <testcase name="test2" time="0.000" classname="tests.LockFreeTest"/>
  <testcase name="test2" time="0.000" classname="tests.LockFreeTest"/>
  <testcase name="test2" time="0.016" classname="tests.LockFreeTest"/>
  <testcase name="test2" time="0.000" classname="tests.LockFreeTest"/>
  <testcase name="test2" time="0.000" classname="tests.LockFreeTest"/>
  <testcase name="test2" time="0.000" classname="tests.LockFreeTest"/>
  <testcase name="test2" time="0.000" classname="tests.LockFreeTest"/>
  <testcase name="test2" time="0.000" classname="tests.LockFreeTest"/>
  <testcase name="test2" time="0.000" classname="tests.LockFreeTest"/>
  <testcase name="test2" time="0.000" classname="tests.LockFreeTest"/>
  <testcase name="test2" time="0.000" classname="tests.LockFreeTest"/>
  <testcase name="test2" time="0.000" classname="tests.LockFreeTest"/>
  <testcase name="test2" time="0.000" classname="tests.LockFreeTest"/>
  <testcase name="test2" time="0.000" classname="tests.LockFreeTest"/>
  <testcase name="test2" time="0.000" classname="tests.LockFreeTest"/>
  <testcase name="test2" time="0.000" classname="tests.LockFreeTest"/>
  <testcase name="test2" time="0.000" classname="tests.LockFreeTest"/>
  <testcase name="test2" time="0.000" classname="tests.LockFreeTest"/>
  <testcase name="test2" time="0.000" classname="tests.LockFreeTest"/>
  <testcase name="test2" time="0.000" classname="tests.LockFreeTest"/>
  <testcase name="test2" time="0.000" classname="tests.LockFreeTest"/>
  <testcase name="test2" time="0.000" classname="tests.LockFreeTest"/>
  <testcase name="test2" time="0.000" classname="tests.LockFreeTest"/>
  <testcase name="test2" time="0.000" classname="tests.LockFreeTest"/>
  <testcase name="test2" time="0.000" classname="tests.LockFreeTest"/>
  <testcase name="test2" time="0.000" classname="tests.LockFreeTest"/>
  <testcase name="test2" time="0.000" classname="tests.LockFreeTest"/>
  <testcase name="test2" time="0.000" classname="tests.LockFreeTest"/>
  <testcase name="test2" time="0.000" classname="tests.LockFreeTest"/>
  <testcase name="test2" time="0.000" classname="tests.LockFreeTest"/>
  <testcase name="test2" time="0.000" classname="tests.LockFreeTest"/>
  <testcase name="test2" time="0.000" classname="tests.LockFreeTest"/>
  <testcase name="test2" time="0.000" classname="tests.LockFreeTest"/>
  <testcase name="test2" time="0.000" classname="tests.LockFreeTest"/>
  <testcase name="test2" time="0.000" classname="tests.LockFreeTest"/>
  <testcase name="test2" time="0.000" classname="tests.LockFreeTest"/>
  <testcase name="test2" time="0.000" classname="tests.LockFreeTest"/>
  <testcase name="test2" time="0.000" classname="tests.LockFreeTest"/>
  <testcase name="test2" time="0.000" classname="tests.LockFreeTest"/>
  <testcase name="test2" time="0.000" classname="tests.LockFreeTest"/>
  <testcase name="test2" time="0.000" classname="tests.LockFreeTest"/>
  <testcase name="test2" time="0.000" classname="tests.LockFreeTest"/>
  <testcase name="test2" time="0.000" classname="tests.LockFreeTest"/>
  <testcase name="test2" time="0.000" classname="tests.LockFreeTest"/>
  <testcase name="test2" time="0.000" classname="tests.LockFreeTest"/>
  <testcase name="test2" time="0.000" classname="tests.LockFreeTest"/>
  <testcase name="test2" time="0.000" classname="tests.LockFreeTest"/>
  <testcase name="test2" time="0.000" classname="tests.LockFreeTest"/>
  <testcase name="test2" time="0.000" classname="tests.LockFreeTest"/>
  <testcase name="test2" time="0.000" classname="tests.LockFreeTest"/>
  <testcase name="test2" time="0.000" classname="tests.LockFreeTest"/>
  <testcase name="test2" time="0.000" classname="tests.LockFreeTest"/>
  <testcase name="test2" time="0.000" classname="tests.LockFreeTest"/>
  <testcase name="test2" time="0.000" classname="tests.LockFreeTest"/>
  <testcase name="test2" time="0.000" classname="tests.LockFreeTest"/>
  <testcase name="test2" time="0.000" classname="tests.LockFreeTest"/>
  <testcase name="test2" time="0.000" classname="tests.LockFreeTest"/>
  <testcase name="test2" time="0.000" classname="tests.LockFreeTest"/>
  <testcase name="test2" time="0.000" classname="tests.LockFreeTest"/>
  <testcase name="test2" time="0.000" classname="tests.LockFreeTest"/>
  <testcase name="test2" time="0.000" classname="tests.LockFreeTest"/>
  <testcase name="test2" time="0.000" classname="tests.LockFreeTest"/>
  <testcase name="test2" time="0.000" classname="tests.LockFreeTest"/>
  <testcase name="test2" time="0.015" classname="tests.LockFreeTest"/>
  <testcase name="test2" time="0.000" classname="tests.LockFreeTest"/>
  <testcase name="test2" time="0.000" classname="tests.LockFreeTest"/>
  <testcase name="test2" time="0.000" classname="tests.LockFreeTest"/>
  <testcase name="test2" time="0.000" classname="tests.LockFreeTest"/>
  <testcase name="test2" time="0.000" classname="tests.LockFreeTest"/>
  <testcase name="test2" time="0.000" classname="tests.LockFreeTest"/>
  <testcase name="test2" time="0.000" classname="tests.LockFreeTest"/>
  <testcase name="test2" time="0.000" classname="tests.LockFreeTest"/>
  <testcase name="test2" time="0.000" classname="tests.LockFreeTest"/>
  <testcase name="test2" time="0.000" classname="tests.LockFreeTest"/>
  <testcase name="test2" time="0.000" classname="tests.LockFreeTest"/>
  <testcase name="test2" time="0.000" classname="tests.LockFreeTest"/>
  <testcase name="test2" time="0.000" classname="tests.LockFreeTest"/>
  <testcase name="test2" time="0.000" classname="tests.LockFreeTest"/>
  <testcase name="test2" time="0.000" classname="tests.LockFreeTest"/>
  <testcase name="test2" time="0.000" classname="tests.LockFreeTest"/>
  <testcase name="test2" time="0.000" classname="tests.LockFreeTest"/>
  <testcase name="test2" time="0.000" classname="tests.LockFreeTest"/>
  <testcase name="test2" time="0.000" classname="tests.LockFreeTest"/>
  <testcase name="test2" time="0.000" classname="tests.LockFreeTest"/>
  <testcase name="test2" time="0.000" classname="tests.LockFreeTest"/>
  <testcase name="test2" time="0.000" classname="tests.LockFreeTest"/>
  <testcase name="test2" time="0.000" classname="tests.LockFreeTest"/>
  <testcase name="test2" time="0.000" classname="tests.LockFreeTest"/>
  <testcase name="test2" time="0.000" classname="tests.LockFreeTest"/>
  <testcase name="test2" time="0.000" classname="tests.LockFreeTest"/>
  <testcase name="test2" time="0.000" classname="tests.LockFreeTest"/>
  <testcase name="test2" time="0.000" classname="tests.LockFreeTest"/>
  <testcase name="test2" time="0.000" classname="tests.LockFreeTest"/>
  <testcase name="test2" time="0.000" classname="tests.LockFreeTest"/>
  <testcase name="test2" time="0.000" classname="tests.LockFreeTest"/>
  <testcase name="test2" time="0.000" classname="tests.LockFreeTest"/>
  <testcase name="test2" time="0.000" classname="tests.LockFreeTest"/>
  <testcase name="test2" time="0.000" classname="tests.LockFreeTest"/>
  <testcase name="test2" time="0.000" classname="tests.LockFreeTest"/>
  <testcase name="test2" time="0.000" classname="tests.LockFreeTest"/>
  <testcase name="test2" time="0.000" classname="tests.LockFreeTest"/>
  <testcase name="test2" time="0.000" classname="tests.LockFreeTest"/>
  <testcase name="test2" time="0.000" classname="tests.LockFreeTest"/>
  <testcase name="test2" time="0.000" classname="tests.LockFreeTest"/>
  <testcase name="test2" time="0.000" classname="tests.LockFreeTest"/>
  <testcase name="test2" time="0.000" classname="tests.LockFreeTest"/>
  <testcase name="test2" time="0.000" classname="tests.LockFreeTest"/>
  <testcase name="test2" time="0.000" classname="tests.LockFreeTest"/>
  <testcase name="test2" time="0.000" classname="tests.LockFreeTest"/>
  <testcase name="test2" time="0.000" classname="tests.LockFreeTest"/>
  <testcase name="test2" time="0.000" classname="tests.LockFreeTest"/>
  <testcase name="test2" time="0.000" classname="tests.LockFreeTest"/>
  <testcase name="test2" time="0.000" classname="tests.LockFreeTest"/>
  <testcase name="test2" time="0.000" classname="tests.LockFreeTest"/>
  <testcase name="test2" time="0.000" classname="tests.LockFreeTest"/>
  <testcase name="test2" time="0.000" classname="tests.LockFreeTest"/>
  <testcase name="test2" time="0.000" classname="tests.LockFreeTest"/>
  <testcase name="test2" time="0.000" classname="tests.LockFreeTest"/>
  <testcase name="test2" time="0.000" classname="tests.LockFreeTest"/>
  <testcase name="test2" time="0.000" classname="tests.LockFreeTest"/>
  <testcase name="test2" time="0.000" classname="tests.LockFreeTest"/>
  <testcase name="test2" time="0.000" classname="tests.LockFreeTest"/>
  <testcase name="test2" time="0.000" classname="tests.LockFreeTest"/>
  <testcase name="test2" time="0.000" classname="tests.LockFreeTest"/>
  <testcase name="test2" time="0.000" classname="tests.LockFreeTest"/>
  <testcase name="test2" time="0.000" classname="tests.LockFreeTest"/>
  <testcase name="test2" time="0.000" classname="tests.LockFreeTest"/>
  <testcase name="test2" time="0.000" classname="tests.LockFreeTest"/>
  <testcase name="test2" time="0.000" classname="tests.LockFreeTest"/>
  <testcase name="test2" time="0.000" classname="tests.LockFreeTest"/>
  <testcase name="test2" time="0.000" classname="tests.LockFreeTest"/>
  <testcase name="test2" time="0.016" classname="tests.LockFreeTest"/>
  <testcase name="test2" time="0.000" classname="tests.LockFreeTest"/>
  <testcase name="test2" time="0.000" classname="tests.LockFreeTest"/>
  <testcase name="test2" time="0.000" classname="tests.LockFreeTest"/>
  <testcase name="test2" time="0.000" classname="tests.LockFreeTest"/>
  <testcase name="test2" time="0.000" classname="tests.LockFreeTest"/>
  <testcase name="test2" time="0.000" classname="tests.LockFreeTest"/>
  <testcase name="test2" time="0.000" classname="tests.LockFreeTest"/>
  <testcase name="test2" time="0.000" classname="tests.LockFreeTest"/>
  <testcase name="test2" time="0.015" classname="tests.LockFreeTest"/>
  <testcase name="test2" time="0.000" classname="tests.LockFreeTest"/>
  <testcase name="test2" time="0.000" classname="tests.LockFreeTest"/>
  <testcase name="test2" time="0.000" classname="tests.LockFreeTest"/>
  <testcase name="test2" time="0.000" classname="tests.LockFreeTest"/>
  <testcase name="test2" time="0.000" classname="tests.LockFreeTest"/>
  <testcase name="test2" time="0.000" classname="tests.LockFreeTest"/>
  <testcase name="test2" time="0.000" classname="tests.LockFreeTest"/>
  <testcase name="test2" time="0.000" classname="tests.LockFreeTest"/>
  <testcase name="test2" time="0.000" classname="tests.LockFreeTest"/>
  <testcase name="test2" time="0.000" classname="tests.LockFreeTest"/>
  <testcase name="test2" time="0.000" classname="tests.LockFreeTest"/>
  <testcase name="test2" time="0.000" classname="tests.LockFreeTest"/>
  <testcase name="test2" time="0.000" classname="tests.LockFreeTest"/>
  <testcase name="test2" time="0.000" classname="tests.LockFreeTest"/>
  <testcase name="test2" time="0.000" classname="tests.LockFreeTest"/>
  <testcase name="test2" time="0.016" classname="tests.LockFreeTest"/>
  <testcase name="test2" time="0.000" classname="tests.LockFreeTest"/>
  <testcase name="test2" time="0.000" classname="tests.LockFreeTest"/>
  <testcase name="test2" time="0.000" classname="tests.LockFreeTest"/>
  <testcase name="test2" time="0.000" classname="tests.LockFreeTest"/>
  <testcase name="test2" time="0.000" classname="tests.LockFreeTest"/>
  <testcase name="test2" time="0.000" classname="tests.LockFreeTest"/>
  <testcase name="test2" time="0.000" classname="tests.LockFreeTest"/>
  <testcase name="test2" time="0.000" classname="tests.LockFreeTest"/>
  <testcase name="test2" time="0.000" classname="tests.LockFreeTest"/>
  <testcase name="test2" time="0.000" classname="tests.LockFreeTest"/>
  <testcase name="test2" time="0.000" classname="tests.LockFreeTest"/>
  <testcase name="test2" time="0.015" classname="tests.LockFreeTest"/>
  <testcase name="test2" time="0.000" classname="tests.LockFreeTest"/>
  <testcase name="test2" time="0.000" classname="tests.LockFreeTest"/>
  <testcase name="test2" time="0.000" classname="tests.LockFreeTest"/>
  <testcase name="test2" time="0.000" classname="tests.LockFreeTest"/>
  <testcase name="test2" time="0.000" classname="tests.LockFreeTest"/>
  <testcase name="test2" time="0.000" classname="tests.LockFreeTest"/>
  <testcase name="test2" time="0.000" classname="tests.LockFreeTest"/>
  <testcase name="test2" time="0.000" classname="tests.LockFreeTest"/>
  <testcase name="test2" time="0.000" classname="tests.LockFreeTest"/>
  <testcase name="test2" time="0.000" classname="tests.LockFreeTest"/>
  <testcase name="test2" time="0.000" classname="tests.LockFreeTest"/>
  <testcase name="test2" time="0.016" classname="tests.LockFreeTest"/>
  <testcase name="test2" time="0.000" classname="tests.LockFreeTest"/>
  <testcase name="test2" time="0.000" classname="tests.LockFreeTest"/>
  <testcase name="test2" time="0.000" classname="tests.LockFreeTest"/>
  <testcase name="test2" time="0.000" classname="tests.LockFreeTest"/>
  <testcase name="test2" time="0.000" classname="tests.LockFreeTest"/>
  <testcase name="test2" time="0.000" classname="tests.LockFreeTest"/>
  <testcase name="test2" time="0.000" classname="tests.LockFreeTest"/>
  <testcase name="test2" time="0.000" classname="tests.LockFreeTest"/>
  <testcase name="test2" time="0.000" classname="tests.LockFreeTest"/>
  <testcase name="test2" time="0.000" classname="tests.LockFreeTest"/>
  <testcase name="test2" time="0.000" classname="tests.LockFreeTest"/>
  <testcase name="test2" time="0.000" classname="tests.LockFreeTest"/>
  <testcase name="test2" time="0.000" classname="tests.LockFreeTest"/>
  <testcase name="test2" time="0.000" classname="tests.LockFreeTest"/>
  <testcase name="test2" time="0.000" classname="tests.LockFreeTest"/>
  <testcase name="test2" time="0.000" classname="tests.LockFreeTest"/>
  <testcase name="test2" time="0.000" classname="tests.LockFreeTest"/>
  <testcase name="test2" time="0.000" classname="tests.LockFreeTest"/>
  <testcase name="test2" time="0.000" classname="tests.LockFreeTest"/>
  <testcase name="test2" time="0.000" classname="tests.LockFreeTest"/>
  <testcase name="test2" time="0.000" classname="tests.LockFreeTest"/>
  <testcase name="test2" time="0.000" classname="tests.LockFreeTest"/>
  <testcase name="test2" time="0.000" classname="tests.LockFreeTest"/>
  <testcase name="test2" time="0.000" classname="tests.LockFreeTest"/>
  <testcase name="test2" time="0.000" classname="tests.LockFreeTest"/>
  <testcase name="test2" time="0.000" classname="tests.LockFreeTest"/>
  <testcase name="test2" time="0.000" classname="tests.LockFreeTest"/>
  <testcase name="test2" time="0.000" classname="tests.LockFreeTest"/>
  <testcase name="test2" time="0.000" classname="tests.LockFreeTest"/>
  <testcase name="test2" time="0.000" classname="tests.LockFreeTest"/>
  <testcase name="test2" time="0.000" classname="tests.LockFreeTest"/>
  <testcase name="test2" time="0.000" classname="tests.LockFreeTest"/>
  <testcase name="test2" time="0.000" classname="tests.LockFreeTest"/>
  <testcase name="test2" time="0.000" classname="tests.LockFreeTest"/>
  <testcase name="test2" time="0.000" classname="tests.LockFreeTest"/>
  <testcase name="test2" time="0.000" classname="tests.LockFreeTest"/>
  <testcase name="test2" time="0.000" classname="tests.LockFreeTest"/>
  <testcase name="test2" time="0.000" classname="tests.LockFreeTest"/>
  <testcase name="test2" time="0.000" classname="tests.LockFreeTest"/>
  <testcase name="test2" time="0.016" classname="tests.LockFreeTest"/>
  <testcase name="test2" time="0.000" classname="tests.LockFreeTest"/>
  <testcase name="test2" time="0.000" classname="tests.LockFreeTest"/>
  <testcase name="test2" time="0.000" classname="tests.LockFreeTest"/>
  <testcase name="test2" time="0.000" classname="tests.LockFreeTest"/>
  <testcase name="test2" time="0.000" classname="tests.LockFreeTest"/>
  <testcase name="test2" time="0.016" classname="tests.LockFreeTest"/>
  <testcase name="test2" time="0.000" classname="tests.LockFreeTest"/>
  <testcase name="test2" time="0.000" classname="tests.LockFreeTest"/>
  <testcase name="test2" time="0.000" classname="tests.LockFreeTest"/>
  <testcase name="test2" time="0.000" classname="tests.LockFreeTest"/>
  <testcase name="test2" time="0.000" classname="tests.LockFreeTest"/>
  <testcase name="test2" time="0.000" classname="tests.LockFreeTest"/>
  <testcase name="test2" time="0.000" classname="tests.LockFreeTest"/>
  <testcase name="test2" time="0.000" classname="tests.LockFreeTest"/>
  <testcase name="test2" time="0.000" classname="tests.LockFreeTest"/>
  <testcase name="test2" time="0.000" classname="tests.LockFreeTest"/>
  <testcase name="test2" time="0.000" classname="tests.LockFreeTest"/>
  <testcase name="test2" time="0.000" classname="tests.LockFreeTest"/>
  <testcase name="test2" time="0.000" classname="tests.LockFreeTest"/>
  <testcase name="test2" time="0.000" classname="tests.LockFreeTest"/>
  <testcase name="test2" time="0.000" classname="tests.LockFreeTest"/>
  <testcase name="test2" time="0.000" classname="tests.LockFreeTest"/>
  <testcase name="test2" time="0.000" classname="tests.LockFreeTest"/>
  <testcase name="test2" time="0.000" classname="tests.LockFreeTest"/>
  <testcase name="test2" time="0.000" classname="tests.LockFreeTest"/>
  <testcase name="test2" time="0.000" classname="tests.LockFreeTest"/>
  <testcase name="test2" time="0.000" classname="tests.LockFreeTest"/>
  <testcase name="test2" time="0.015" classname="tests.LockFreeTest"/>
  <testcase name="test2" time="0.000" classname="tests.LockFreeTest"/>
  <testcase name="test2" time="0.000" classname="tests.LockFreeTest"/>
  <testcase name="test2" time="0.000" classname="tests.LockFreeTest"/>
  <testcase name="test2" time="0.000" classname="tests.LockFreeTest"/>
  <testcase name="test2" time="0.000" classname="tests.LockFreeTest"/>
  <testcase name="test2" time="0.000" classname="tests.LockFreeTest"/>
  <testcase name="test2" time="0.000" classname="tests.LockFreeTest"/>
  <testcase name="test2" time="0.000" classname="tests.LockFreeTest"/>
  <testcase name="test2" time="0.000" classname="tests.LockFreeTest"/>
  <testcase name="test2" time="0.000" classname="tests.LockFreeTest"/>
  <testcase name="test2" time="0.000" classname="tests.LockFreeTest"/>
  <testcase name="test2" time="0.000" classname="tests.LockFreeTest"/>
  <testcase name="test2" time="0.000" classname="tests.LockFreeTest"/>
  <testcase name="test2" time="0.000" classname="tests.LockFreeTest"/>
  <testcase name="test2" time="0.000" classname="tests.LockFreeTest"/>
  <testcase name="test2" time="0.000" classname="tests.LockFreeTest"/>
  <testcase name="test2" time="0.000" classname="tests.LockFreeTest"/>
  <testcase name="test2" time="0.000" classname="tests.LockFreeTest"/>
  <testcase name="test2" time="0.000" classname="tests.LockFreeTest"/>
  <testcase name="test2" time="0.000" classname="tests.LockFreeTest"/>
  <testcase name="test2" time="0.016" classname="tests.LockFreeTest"/>
  <testcase name="test2" time="0.000" classname="tests.LockFreeTest"/>
  <testcase name="test2" time="0.000" classname="tests.LockFreeTest"/>
  <testcase name="test2" time="0.000" classname="tests.LockFreeTest"/>
  <testcase name="test2" time="0.000" classname="tests.LockFreeTest"/>
  <testcase name="test2" time="0.000" classname="tests.LockFreeTest"/>
  <testcase name="test2" time="0.000" classname="tests.LockFreeTest"/>
  <testcase name="test2" time="0.000" classname="tests.LockFreeTest"/>
  <testcase name="test2" time="0.000" classname="tests.LockFreeTest"/>
  <testcase name="test2" time="0.000" classname="tests.LockFreeTest"/>
  <testcase name="test2" time="0.000" classname="tests.LockFreeTest"/>
  <testcase name="test2" time="0.000" classname="tests.LockFreeTest"/>
  <testcase name="test2" time="0.000" classname="tests.LockFreeTest"/>
  <testcase name="test2" time="0.000" classname="tests.LockFreeTest"/>
  <testcase name="test2" time="0.000" classname="tests.LockFreeTest"/>
  <testcase name="test2" time="0.000" classname="tests.LockFreeTest"/>
  <testcase name="test2" time="0.000" classname="tests.LockFreeTest"/>
  <testcase name="test2" time="0.000" classname="tests.LockFreeTest"/>
  <testcase name="test2" time="0.000" classname="tests.LockFreeTest"/>
  <testcase name="test2" time="0.000" classname="tests.LockFreeTest"/>
  <testcase name="test2" time="0.015" classname="tests.LockFreeTest"/>
  <testcase name="test2" time="0.000" classname="tests.LockFreeTest"/>
  <testcase name="test2" time="0.000" classname="tests.LockFreeTest"/>
  <testcase name="test2" time="0.000" classname="tests.LockFreeTest"/>
  <testcase name="test2" time="0.000" classname="tests.LockFreeTest"/>
  <testcase name="test2" time="0.000" classname="tests.LockFreeTest"/>
  <testcase name="test2" time="0.000" classname="tests.LockFreeTest"/>
  <testcase name="test2" time="0.000" classname="tests.LockFreeTest"/>
  <testcase name="test2" time="0.000" classname="tests.LockFreeTest"/>
  <testcase name="test2" time="0.015" classname="tests.LockFreeTest"/>
  <testcase name="test2" time="0.000" classname="tests.LockFreeTest"/>
  <testcase name="test2" time="0.000" classname="tests.LockFreeTest"/>
  <testcase name="test2" time="0.000" classname="tests.LockFreeTest"/>
  <testcase name="test2" time="0.000" classname="tests.LockFreeTest"/>
  <testcase name="test2" time="0.000" classname="tests.LockFreeTest"/>
  <testcase name="test2" time="0.000" classname="tests.LockFreeTest"/>
  <testcase name="test2" time="0.000" classname="tests.LockFreeTest"/>
  <testcase name="test2" time="0.000" classname="tests.LockFreeTest"/>
  <testcase name="test2" time="0.000" classname="tests.LockFreeTest"/>
  <testcase name="test2" time="0.000" classname="tests.LockFreeTest"/>
  <testcase name="test2" time="0.000" classname="tests.LockFreeTest"/>
  <testcase name="test2" time="0.000" classname="tests.LockFreeTest"/>
  <testcase name="test2" time="0.000" classname="tests.LockFreeTest"/>
  <testcase name="test2" time="0.000" classname="tests.LockFreeTest"/>
  <testcase name="test2" time="0.000" classname="tests.LockFreeTest"/>
  <testcase name="test2" time="0.000" classname="tests.LockFreeTest"/>
  <testcase name="test2" time="0.000" classname="tests.LockFreeTest"/>
  <testcase name="test2" time="0.000" classname="tests.LockFreeTest"/>
  <testcase name="test2" time="0.000" classname="tests.LockFreeTest"/>
  <testcase name="test2" time="0.000" classname="tests.LockFreeTest"/>
  <testcase name="test2" time="0.000" classname="tests.LockFreeTest"/>
  <testcase name="test2" time="0.000" classname="tests.LockFreeTest"/>
  <testcase name="test2" time="0.000" classname="tests.LockFreeTest"/>
  <testcase name="test2" time="0.000" classname="tests.LockFreeTest"/>
  <testcase name="test2" time="0.000" classname="tests.LockFreeTest"/>
  <testcase name="test2" time="0.000" classname="tests.LockFreeTest"/>
  <testcase name="test2" time="0.000" classname="tests.LockFreeTest"/>
  <testcase name="test2" time="0.000" classname="tests.LockFreeTest"/>
  <testcase name="test2" time="0.000" classname="tests.LockFreeTest"/>
  <testcase name="test2" time="0.000" classname="tests.LockFreeTest"/>
  <testcase name="test2" time="0.000" classname="tests.LockFreeTest"/>
  <testcase name="test2" time="0.000" classname="tests.LockFreeTest"/>
  <testcase name="test2" time="0.000" classname="tests.LockFreeTest"/>
  <testcase name="test2" time="0.000" classname="tests.LockFreeTest"/>
  <testcase name="test2" time="0.000" classname="tests.LockFreeTest"/>
  <testcase name="test2" time="0.000" classname="tests.LockFreeTest"/>
  <testcase name="test2" time="0.000" classname="tests.LockFreeTest"/>
  <testcase name="test2" time="0.000" classname="tests.LockFreeTest"/>
  <testcase name="test2" time="0.000" classname="tests.LockFreeTest"/>
  <testcase name="test2" time="0.000" classname="tests.LockFreeTest"/>
  <testcase name="test2" time="0.000" classname="tests.LockFreeTest"/>
  <testcase name="test2" time="0.000" classname="tests.LockFreeTest"/>
  <testcase name="test2" time="0.000" classname="tests.LockFreeTest"/>
  <testcase name="test2" time="0.000" classname="tests.LockFreeTest"/>
  <testcase name="test2" time="0.000" classname="tests.LockFreeTest"/>
  <testcase name="test2" time="0.000" classname="tests.LockFreeTest"/>
  <testcase name="test2" time="0.000" classname="tests.LockFreeTest"/>
  <testcase name="test2" time="0.000" classname="tests.LockFreeTest"/>
  <testcase name="test2" time="0.000" classname="tests.LockFreeTest"/>
  <testcase name="test2" time="0.000" classname="tests.LockFreeTest"/>
  <testcase name="test2" time="0.000" classname="tests.LockFreeTest"/>
  <testcase name="test2" time="0.000" classname="tests.LockFreeTest"/>
  <testcase name="test2" time="0.000" classname="tests.LockFreeTest"/>
  <testcase name="test2" time="0.000" classname="tests.LockFreeTest"/>
  <testcase name="test2" time="0.000" classname="tests.LockFreeTest"/>
  <testcase name="test2" time="0.000" classname="tests.LockFreeTest"/>
  <testcase name="test2" time="0.000" classname="tests.LockFreeTest"/>
  <testcase name="test2" time="0.000" classname="tests.LockFreeTest"/>
  <testcase name="test2" time="0.000" classname="tests.LockFreeTest"/>
  <testcase name="test2" time="0.000" classname="tests.LockFreeTest"/>
  <testcase name="test2" time="0.000" classname="tests.LockFreeTest"/>
  <testcase name="test2" time="0.000" classname="tests.LockFreeTest"/>
  <testcase name="test2" time="0.016" classname="tests.LockFreeTest"/>
  <testcase name="test2" time="0.000" classname="tests.LockFreeTest"/>
  <testcase name="test2" time="0.000" classname="tests.LockFreeTest"/>
  <testcase name="test2" time="0.000" classname="tests.LockFreeTest"/>
  <testcase name="test2" time="0.000" classname="tests.LockFreeTest"/>
  <testcase name="test2" time="0.000" classname="tests.LockFreeTest"/>
  <testcase name="test2" time="0.000" classname="tests.LockFreeTest"/>
  <testcase name="test2" time="0.000" classname="tests.LockFreeTest"/>
  <testcase name="test2" time="0.000" classname="tests.LockFreeTest"/>
  <testcase name="test2" time="0.000" classname="tests.LockFreeTest"/>
  <testcase name="test2" time="0.000" classname="tests.LockFreeTest"/>
  <testcase name="test2" time="0.000" classname="tests.LockFreeTest"/>
  <testcase name="test2" time="0.000" classname="tests.LockFreeTest"/>
  <testcase name="test2" time="0.000" classname="tests.LockFreeTest"/>
  <testcase name="test2" time="0.000" classname="tests.LockFreeTest"/>
  <testcase name="test2" time="0.000" classname="tests.LockFreeTest"/>
  <testcase name="test2" time="0.000" classname="tests.LockFreeTest"/>
  <testcase name="test2" time="0.000" classname="tests.LockFreeTest"/>
  <testcase name="test2" time="0.000" classname="tests.LockFreeTest"/>
  <testcase name="test2" time="0.000" classname="tests.LockFreeTest"/>
  <testcase name="test2" time="0.000" classname="tests.LockFreeTest"/>
  <testcase name="test2" time="0.000" classname="tests.LockFreeTest"/>
  <testcase name="test2" time="0.000" classname="tests.LockFreeTest"/>
  <testcase name="test2" time="0.000" classname="tests.LockFreeTest"/>
  <testcase name="test2" time="0.000" classname="tests.LockFreeTest"/>
  <testcase name="test2" time="0.000" classname="tests.LockFreeTest"/>
  <testcase name="test2" time="0.000" classname="tests.LockFreeTest"/>
  <testcase name="test2" time="0.000" classname="tests.LockFreeTest"/>
  <testcase name="test2" time="0.000" classname="tests.LockFreeTest"/>
  <testcase name="test2" time="0.000" classname="tests.LockFreeTest"/>
  <testcase name="test2" time="0.000" classname="tests.LockFreeTest"/>
  <testcase name="test2" time="0.000" classname="tests.LockFreeTest"/>
  <testcase name="test2" time="0.000" classname="tests.LockFreeTest"/>
  <testcase name="test2" time="0.000" classname="tests.LockFreeTest"/>
  <testcase name="test2" time="0.000" classname="tests.LockFreeTest"/>
  <testcase name="test2" time="0.000" classname="tests.LockFreeTest"/>
  <testcase name="test2" time="0.000" classname="tests.LockFreeTest"/>
  <testcase name="test2" time="0.000" classname="tests.LockFreeTest"/>
  <testcase name="test2" time="0.000" classname="tests.LockFreeTest"/>
  <testcase name="test2" time="0.000" classname="tests.LockFreeTest"/>
  <testcase name="test2" time="0.000" classname="tests.LockFreeTest"/>
  <testcase name="test2" time="0.000" classname="tests.LockFreeTest"/>
  <testcase name="test2" time="0.000" classname="tests.LockFreeTest"/>
  <testcase name="test2" time="0.000" classname="tests.LockFreeTest"/>
  <testcase name="test2" time="0.015" classname="tests.LockFreeTest"/>
  <testcase name="test2" time="0.000" classname="tests.LockFreeTest"/>
  <testcase name="test2" time="0.000" classname="tests.LockFreeTest"/>
  <testcase name="test2" time="0.000" classname="tests.LockFreeTest"/>
  <testcase name="test2" time="0.000" classname="tests.LockFreeTest"/>
  <testcase name="test2" time="0.000" classname="tests.LockFreeTest"/>
  <testcase name="test2" time="0.000" classname="tests.LockFreeTest"/>
  <testcase name="test2" time="0.000" classname="tests.LockFreeTest"/>
  <testcase name="test2" time="0.000" classname="tests.LockFreeTest"/>
  <testcase name="test2" time="0.000" classname="tests.LockFreeTest"/>
  <testcase name="test2" time="0.000" classname="tests.LockFreeTest"/>
  <testcase name="test2" time="0.000" classname="tests.LockFreeTest"/>
  <testcase name="test2" time="0.000" classname="tests.LockFreeTest"/>
  <testcase name="test2" time="0.000" classname="tests.LockFreeTest"/>
  <testcase name="test2" time="0.000" classname="tests.LockFreeTest"/>
  <testcase name="test2" time="0.000" classname="tests.LockFreeTest"/>
  <testcase name="test2" time="0.000" classname="tests.LockFreeTest"/>
  <testcase name="test2" time="0.000" classname="tests.LockFreeTest"/>
  <testcase name="test2" time="0.000" classname="tests.LockFreeTest"/>
</testsuite> <!-- tests.LockFreeTest -->
