<?xml version="1.0" encoding="UTF-8"?>
<!-- Generated by org.testng.reporters.JUnitReportReporter -->
<testsuite hostname="MW7WWXLOX6IAWR" name="tests.LockWFGTest" tests="500" failures="0" timestamp="8 Apr 2016 09:09:02 GMT" time="5.297" errors="0">
  <testcase name="test2" time="0.001" classname="tests.LockWFGTest"/>
  <testcase name="test2" time="0.010" classname="tests.LockWFGTest"/>
  <testcase name="test2" time="0.010" classname="tests.LockWFGTest"/>
  <testcase name="test2" time="0.020" classname="tests.LockWFGTest"/>
  <testcase name="test2" time="0.000" classname="tests.LockWFGTest"/>
  <testcase name="test2" time="0.010" classname="tests.LockWFGTest"/>
  <testcase name="test2" time="0.010" classname="tests.LockWFGTest"/>
  <testcase name="test2" time="0.020" classname="tests.LockWFGTest"/>
  <testcase name="test2" time="0.010" classname="tests.LockWFGTest"/>
  <testcase name="test2" time="0.000" classname="tests.LockWFGTest"/>
  <testcase name="test2" time="0.020" classname="tests.LockWFGTest"/>
  <testcase name="test2" time="0.010" classname="tests.LockWFGTest"/>
  <testcase name="test2" time="0.020" classname="tests.LockWFGTest"/>
  <testcase name="test2" time="0.010" classname="tests.LockWFGTest"/>
  <testcase name="test2" time="0.000" classname="tests.LockWFGTest"/>
  <testcase name="test2" time="0.020" classname="tests.LockWFGTest"/>
  <testcase name="test2" time="0.020" classname="tests.LockWFGTest"/>
  <testcase name="test2" time="0.010" classname="tests.LockWFGTest"/>
  <testcase name="test2" time="0.000" classname="tests.LockWFGTest"/>
  <testcase name="test2" time="0.010" classname="tests.LockWFGTest"/>
  <testcase name="test2" time="0.000" classname="tests.LockWFGTest"/>
  <testcase name="test2" time="0.000" classname="tests.LockWFGTest"/>
  <testcase name="test2" time="0.020" classname="tests.LockWFGTest"/>
  <testcase name="test2" time="0.021" classname="tests.LockWFGTest"/>
  <testcase name="test2" time="0.020" classname="tests.LockWFGTest"/>
  <testcase name="test2" time="0.000" classname="tests.LockWFGTest"/>
  <testcase name="test2" time="0.010" classname="tests.LockWFGTest"/>
  <testcase name="test2" time="0.010" classname="tests.LockWFGTest"/>
  <testcase name="test2" time="0.010" classname="tests.LockWFGTest"/>
  <testcase name="test2" time="0.020" classname="tests.LockWFGTest"/>
  <testcase name="test2" time="0.011" classname="tests.LockWFGTest"/>
  <testcase name="test2" time="0.020" classname="tests.LockWFGTest"/>
  <testcase name="test2" time="0.010" classname="tests.LockWFGTest"/>
  <testcase name="test2" time="0.020" classname="tests.LockWFGTest"/>
  <testcase name="test2" time="0.010" classname="tests.LockWFGTest"/>
  <testcase name="test2" time="0.010" classname="tests.LockWFGTest"/>
  <testcase name="test2" time="0.010" classname="tests.LockWFGTest"/>
  <testcase name="test2" time="0.020" classname="tests.LockWFGTest"/>
  <testcase name="test2" time="0.021" classname="tests.LockWFGTest"/>
  <testcase name="test2" time="0.010" classname="tests.LockWFGTest"/>
  <testcase name="test2" time="0.020" classname="tests.LockWFGTest"/>
  <testcase name="test2" time="0.000" classname="tests.LockWFGTest"/>
  <testcase name="test2" time="0.000" classname="tests.LockWFGTest"/>
  <testcase name="test2" time="0.010" classname="tests.LockWFGTest"/>
  <testcase name="test2" time="0.020" classname="tests.LockWFGTest"/>
  <testcase name="test2" time="0.020" classname="tests.LockWFGTest"/>
  <testcase name="test2" time="0.021" classname="tests.LockWFGTest"/>
  <testcase name="test2" time="0.000" classname="tests.LockWFGTest"/>
  <testcase name="test2" time="0.010" classname="tests.LockWFGTest"/>
  <testcase name="test2" time="0.020" classname="tests.LockWFGTest"/>
  <testcase name="test2" time="0.010" classname="tests.LockWFGTest"/>
  <testcase name="test2" time="0.010" classname="tests.LockWFGTest"/>
  <testcase name="test2" time="0.010" classname="tests.LockWFGTest"/>
  <testcase name="test2" time="0.000" classname="tests.LockWFGTest"/>
  <testcase name="test2" time="0.001" classname="tests.LockWFGTest"/>
  <testcase name="test2" time="0.010" classname="tests.LockWFGTest"/>
  <testcase name="test2" time="0.010" classname="tests.LockWFGTest"/>
  <testcase name="test2" time="0.010" classname="tests.LockWFGTest"/>
  <testcase name="test2" time="0.010" classname="tests.LockWFGTest"/>
  <testcase name="test2" time="0.010" classname="tests.LockWFGTest"/>
  <testcase name="test2" time="0.000" classname="tests.LockWFGTest"/>
  <testcase name="test2" time="0.010" classname="tests.LockWFGTest"/>
  <testcase name="test2" time="0.011" classname="tests.LockWFGTest"/>
  <testcase name="test2" time="0.021" classname="tests.LockWFGTest"/>
  <testcase name="test2" time="0.000" classname="tests.LockWFGTest"/>
  <testcase name="test2" time="0.010" classname="tests.LockWFGTest"/>
  <testcase name="test2" time="0.010" classname="tests.LockWFGTest"/>
  <testcase name="test2" time="0.010" classname="tests.LockWFGTest"/>
  <testcase name="test2" time="0.010" classname="tests.LockWFGTest"/>
  <testcase name="test2" time="0.010" classname="tests.LockWFGTest"/>
  <testcase name="test2" time="0.000" classname="tests.LockWFGTest"/>
  <testcase name="test2" time="0.010" classname="tests.LockWFGTest"/>
  <testcase name="test2" time="0.010" classname="tests.LockWFGTest"/>
  <testcase name="test2" time="0.000" classname="tests.LockWFGTest"/>
  <testcase name="test2" time="0.021" classname="tests.LockWFGTest"/>
  <testcase name="test2" time="0.000" classname="tests.LockWFGTest"/>
  <testcase name="test2" time="0.000" classname="tests.LockWFGTest"/>
  <testcase name="test2" time="0.010" classname="tests.LockWFGTest"/>
  <testcase name="test2" time="0.010" classname="tests.LockWFGTest"/>
  <testcase name="test2" time="0.000" classname="tests.LockWFGTest"/>
  <testcase name="test2" time="0.000" classname="tests.LockWFGTest"/>
  <testcase name="test2" time="0.021" classname="tests.LockWFGTest"/>
  <testcase name="test2" time="0.010" classname="tests.LockWFGTest"/>
  <testcase name="test2" time="0.010" classname="tests.LockWFGTest"/>
  <testcase name="test2" time="0.020" classname="tests.LockWFGTest"/>
  <testcase name="test2" time="0.010" classname="tests.LockWFGTest"/>
  <testcase name="test2" time="0.020" classname="tests.LockWFGTest"/>
  <testcase name="test2" time="0.010" classname="tests.LockWFGTest"/>
  <testcase name="test2" time="0.020" classname="tests.LockWFGTest"/>
  <testcase name="test2" time="0.000" classname="tests.LockWFGTest"/>
  <testcase name="test2" time="0.010" classname="tests.LockWFGTest"/>
  <testcase name="test2" time="0.010" classname="tests.LockWFGTest"/>
  <testcase name="test2" time="0.010" classname="tests.LockWFGTest"/>
  <testcase name="test2" time="0.010" classname="tests.LockWFGTest"/>
  <testcase name="test2" time="0.010" classname="tests.LockWFGTest"/>
  <testcase name="test2" time="0.010" classname="tests.LockWFGTest"/>
  <testcase name="test2" time="0.020" classname="tests.LockWFGTest"/>
  <testcase name="test2" time="0.020" classname="tests.LockWFGTest"/>
  <testcase name="test2" time="0.010" classname="tests.LockWFGTest"/>
  <testcase name="test2" time="0.010" classname="tests.LockWFGTest"/>
  <testcase name="test2" time="0.010" classname="tests.LockWFGTest"/>
  <testcase name="test2" time="0.020" classname="tests.LockWFGTest"/>
  <testcase name="test2" time="0.020" classname="tests.LockWFGTest"/>
  <testcase name="test2" time="0.000" classname="tests.LockWFGTest"/>
  <testcase name="test2" time="0.020" classname="tests.LockWFGTest"/>
  <testcase name="test2" time="0.010" classname="tests.LockWFGTest"/>
  <testcase name="test2" time="0.000" classname="tests.LockWFGTest"/>
  <testcase name="test2" time="0.000" classname="tests.LockWFGTest"/>
  <testcase name="test2" time="0.010" classname="tests.LockWFGTest"/>
  <testcase name="test2" time="0.020" classname="tests.LockWFGTest"/>
  <testcase name="test2" time="0.010" classname="tests.LockWFGTest"/>
  <testcase name="test2" time="0.010" classname="tests.LockWFGTest"/>
  <testcase name="test2" time="0.010" classname="tests.LockWFGTest"/>
  <testcase name="test2" time="0.010" classname="tests.LockWFGTest"/>
  <testcase name="test2" time="0.010" classname="tests.LockWFGTest"/>
  <testcase name="test2" time="0.010" classname="tests.LockWFGTest"/>
  <testcase name="test2" time="0.020" classname="tests.LockWFGTest"/>
  <testcase name="test2" time="0.000" classname="tests.LockWFGTest"/>
  <testcase name="test2" time="0.010" classname="tests.LockWFGTest"/>
  <testcase name="test2" time="0.010" classname="tests.LockWFGTest"/>
  <testcase name="test2" time="0.020" classname="tests.LockWFGTest"/>
  <testcase name="test2" time="0.010" classname="tests.LockWFGTest"/>
  <testcase name="test2" time="0.020" classname="tests.LockWFGTest"/>
  <testcase name="test2" time="0.000" classname="tests.LockWFGTest"/>
  <testcase name="test2" time="0.010" classname="tests.LockWFGTest"/>
  <testcase name="test2" time="0.000" classname="tests.LockWFGTest"/>
  <testcase name="test2" time="0.000" classname="tests.LockWFGTest"/>
  <testcase name="test2" time="0.021" classname="tests.LockWFGTest"/>
  <testcase name="test2" time="0.010" classname="tests.LockWFGTest"/>
  <testcase name="test2" time="0.010" classname="tests.LockWFGTest"/>
  <testcase name="test2" time="0.020" classname="tests.LockWFGTest"/>
  <testcase name="test2" time="0.010" classname="tests.LockWFGTest"/>
  <testcase name="test2" time="0.010" classname="tests.LockWFGTest"/>
  <testcase name="test2" time="0.010" classname="tests.LockWFGTest"/>
  <testcase name="test2" time="0.001" classname="tests.LockWFGTest"/>
  <testcase name="test2" time="0.000" classname="tests.LockWFGTest"/>
  <testcase name="test2" time="0.010" classname="tests.LockWFGTest"/>
  <testcase name="test2" time="0.020" classname="tests.LockWFGTest"/>
  <testcase name="test2" time="0.010" classname="tests.LockWFGTest"/>
  <testcase name="test2" time="0.010" classname="tests.LockWFGTest"/>
  <testcase name="test2" time="0.000" classname="tests.LockWFGTest"/>
  <testcase name="test2" time="0.020" classname="tests.LockWFGTest"/>
  <testcase name="test2" time="0.010" classname="tests.LockWFGTest"/>
  <testcase name="test2" time="0.021" classname="tests.LockWFGTest"/>
  <testcase name="test2" time="0.000" classname="tests.LockWFGTest"/>
  <testcase name="test2" time="0.021" classname="tests.LockWFGTest"/>
  <testcase name="test2" time="0.020" classname="tests.LockWFGTest"/>
  <testcase name="test2" time="0.020" classname="tests.LockWFGTest"/>
  <testcase name="test2" time="0.010" classname="tests.LockWFGTest"/>
  <testcase name="test2" time="0.020" classname="tests.LockWFGTest"/>
  <testcase name="test2" time="0.010" classname="tests.LockWFGTest"/>
  <testcase name="test2" time="0.000" classname="tests.LockWFGTest"/>
  <testcase name="test2" time="0.010" classname="tests.LockWFGTest"/>
  <testcase name="test2" time="0.000" classname="tests.LockWFGTest"/>
  <testcase name="test2" time="0.020" classname="tests.LockWFGTest"/>
  <testcase name="test2" time="0.010" classname="tests.LockWFGTest"/>
  <testcase name="test2" time="0.020" classname="tests.LockWFGTest"/>
  <testcase name="test2" time="0.010" classname="tests.LockWFGTest"/>
  <testcase name="test2" time="0.020" classname="tests.LockWFGTest"/>
  <testcase name="test2" time="0.010" classname="tests.LockWFGTest"/>
  <testcase name="test2" time="0.020" classname="tests.LockWFGTest"/>
  <testcase name="test2" time="0.020" classname="tests.LockWFGTest"/>
  <testcase name="test2" time="0.010" classname="tests.LockWFGTest"/>
  <testcase name="test2" time="0.010" classname="tests.LockWFGTest"/>
  <testcase name="test2" time="0.010" classname="tests.LockWFGTest"/>
  <testcase name="test2" time="0.020" classname="tests.LockWFGTest"/>
  <testcase name="test2" time="0.010" classname="tests.LockWFGTest"/>
  <testcase name="test2" time="0.020" classname="tests.LockWFGTest"/>
  <testcase name="test2" time="0.020" classname="tests.LockWFGTest"/>
  <testcase name="test2" time="0.020" classname="tests.LockWFGTest"/>
  <testcase name="test2" time="0.020" classname="tests.LockWFGTest"/>
  <testcase name="test2" time="0.010" classname="tests.LockWFGTest"/>
  <testcase name="test2" time="0.020" classname="tests.LockWFGTest"/>
  <testcase name="test2" time="0.000" classname="tests.LockWFGTest"/>
  <testcase name="test2" time="0.020" classname="tests.LockWFGTest"/>
  <testcase name="test2" time="0.010" classname="tests.LockWFGTest"/>
  <testcase name="test2" time="0.010" classname="tests.LockWFGTest"/>
  <testcase name="test2" time="0.011" classname="tests.LockWFGTest"/>
  <testcase name="test2" time="0.010" classname="tests.LockWFGTest"/>
  <testcase name="test2" time="0.010" classname="tests.LockWFGTest"/>
  <testcase name="test2" time="0.000" classname="tests.LockWFGTest"/>
  <testcase name="test2" time="0.010" classname="tests.LockWFGTest"/>
  <testcase name="test2" time="0.020" classname="tests.LockWFGTest"/>
  <testcase name="test2" time="0.010" classname="tests.LockWFGTest"/>
  <testcase name="test2" time="0.010" classname="tests.LockWFGTest"/>
  <testcase name="test2" time="0.010" classname="tests.LockWFGTest"/>
  <testcase name="test2" time="0.010" classname="tests.LockWFGTest"/>
  <testcase name="test2" time="0.000" classname="tests.LockWFGTest"/>
  <testcase name="test2" time="0.010" classname="tests.LockWFGTest"/>
  <testcase name="test2" time="0.020" classname="tests.LockWFGTest"/>
  <testcase name="test2" time="0.010" classname="tests.LockWFGTest"/>
  <testcase name="test2" time="0.020" classname="tests.LockWFGTest"/>
  <testcase name="test2" time="0.000" classname="tests.LockWFGTest"/>
  <testcase name="test2" time="0.011" classname="tests.LockWFGTest"/>
  <testcase name="test2" time="0.020" classname="tests.LockWFGTest"/>
  <testcase name="test2" time="0.020" classname="tests.LockWFGTest"/>
  <testcase name="test2" time="0.010" classname="tests.LockWFGTest"/>
  <testcase name="test2" time="0.010" classname="tests.LockWFGTest"/>
  <testcase name="test2" time="0.000" classname="tests.LockWFGTest"/>
  <testcase name="test2" time="0.020" classname="tests.LockWFGTest"/>
  <testcase name="test2" time="0.010" classname="tests.LockWFGTest"/>
  <testcase name="test2" time="0.020" classname="tests.LockWFGTest"/>
  <testcase name="test2" time="0.010" classname="tests.LockWFGTest"/>
  <testcase name="test2" time="0.010" classname="tests.LockWFGTest"/>
  <testcase name="test2" time="0.010" classname="tests.LockWFGTest"/>
  <testcase name="test2" time="0.010" classname="tests.LockWFGTest"/>
  <testcase name="test2" time="0.011" classname="tests.LockWFGTest"/>
  <testcase name="test2" time="0.010" classname="tests.LockWFGTest"/>
  <testcase name="test2" time="0.010" classname="tests.LockWFGTest"/>
  <testcase name="test2" time="0.020" classname="tests.LockWFGTest"/>
  <testcase name="test2" time="0.000" classname="tests.LockWFGTest"/>
  <testcase name="test2" time="0.010" classname="tests.LockWFGTest"/>
  <testcase name="test2" time="0.010" classname="tests.LockWFGTest"/>
  <testcase name="test2" time="0.010" classname="tests.LockWFGTest"/>
  <testcase name="test2" time="0.000" classname="tests.LockWFGTest"/>
  <testcase name="test2" time="0.000" classname="tests.LockWFGTest"/>
  <testcase name="test2" time="0.010" classname="tests.LockWFGTest"/>
  <testcase name="test2" time="0.010" classname="tests.LockWFGTest"/>
  <testcase name="test2" time="0.010" classname="tests.LockWFGTest"/>
  <testcase name="test2" time="0.020" classname="tests.LockWFGTest"/>
  <testcase name="test2" time="0.010" classname="tests.LockWFGTest"/>
  <testcase name="test2" time="0.001" classname="tests.LockWFGTest"/>
  <testcase name="test2" time="0.010" classname="tests.LockWFGTest"/>
  <testcase name="test2" time="0.010" classname="tests.LockWFGTest"/>
  <testcase name="test2" time="0.020" classname="tests.LockWFGTest"/>
  <testcase name="test2" time="0.020" classname="tests.LockWFGTest"/>
  <testcase name="test2" time="0.010" classname="tests.LockWFGTest"/>
  <testcase name="test2" time="0.010" classname="tests.LockWFGTest"/>
  <testcase name="test2" time="0.001" classname="tests.LockWFGTest"/>
  <testcase name="test2" time="0.000" classname="tests.LockWFGTest"/>
  <testcase name="test2" time="0.010" classname="tests.LockWFGTest"/>
  <testcase name="test2" time="0.000" classname="tests.LockWFGTest"/>
  <testcase name="test2" time="0.010" classname="tests.LockWFGTest"/>
  <testcase name="test2" time="0.020" classname="tests.LockWFGTest"/>
  <testcase name="test2" time="0.010" classname="tests.LockWFGTest"/>
  <testcase name="test2" time="0.010" classname="tests.LockWFGTest"/>
  <testcase name="test2" time="0.010" classname="tests.LockWFGTest"/>
  <testcase name="test2" time="0.021" classname="tests.LockWFGTest"/>
  <testcase name="test2" time="0.000" classname="tests.LockWFGTest"/>
  <testcase name="test2" time="0.000" classname="tests.LockWFGTest"/>
  <testcase name="test2" time="0.010" classname="tests.LockWFGTest"/>
  <testcase name="test2" time="0.010" classname="tests.LockWFGTest"/>
  <testcase name="test2" time="0.020" classname="tests.LockWFGTest"/>
  <testcase name="test2" time="0.010" classname="tests.LockWFGTest"/>
  <testcase name="test2" time="0.020" classname="tests.LockWFGTest"/>
  <testcase name="test2" time="0.010" classname="tests.LockWFGTest"/>
  <testcase name="test2" time="0.000" classname="tests.LockWFGTest"/>
  <testcase name="test2" time="0.030" classname="tests.LockWFGTest"/>
  <testcase name="test2" time="0.000" classname="tests.LockWFGTest"/>
  <testcase name="test2" time="0.000" classname="tests.LockWFGTest"/>
  <testcase name="test2" time="0.010" classname="tests.LockWFGTest"/>
  <testcase name="test2" time="0.020" classname="tests.LockWFGTest"/>
  <testcase name="test2" time="0.000" classname="tests.LockWFGTest"/>
  <testcase name="test2" time="0.020" classname="tests.LockWFGTest"/>
  <testcase name="test2" time="0.020" classname="tests.LockWFGTest"/>
  <testcase name="test2" time="0.010" classname="tests.LockWFGTest"/>
  <testcase name="test2" time="0.010" classname="tests.LockWFGTest"/>
  <testcase name="test2" time="0.010" classname="tests.LockWFGTest"/>
  <testcase name="test2" time="0.010" classname="tests.LockWFGTest"/>
  <testcase name="test2" time="0.010" classname="tests.LockWFGTest"/>
  <testcase name="test2" time="0.010" classname="tests.LockWFGTest"/>
  <testcase name="test2" time="0.010" classname="tests.LockWFGTest"/>
  <testcase name="test2" time="0.000" classname="tests.LockWFGTest"/>
  <testcase name="test2" time="0.020" classname="tests.LockWFGTest"/>
  <testcase name="test2" time="0.000" classname="tests.LockWFGTest"/>
  <testcase name="test2" time="0.010" classname="tests.LockWFGTest"/>
  <testcase name="test2" time="0.000" classname="tests.LockWFGTest"/>
  <testcase name="test2" time="0.000" classname="tests.LockWFGTest"/>
  <testcase name="test2" time="0.020" classname="tests.LockWFGTest"/>
  <testcase name="test2" time="0.020" classname="tests.LockWFGTest"/>
  <testcase name="test2" time="0.000" classname="tests.LockWFGTest"/>
  <testcase name="test2" time="0.020" classname="tests.LockWFGTest"/>
  <testcase name="test2" time="0.010" classname="tests.LockWFGTest"/>
  <testcase name="test2" time="0.010" classname="tests.LockWFGTest"/>
  <testcase name="test2" time="0.000" classname="tests.LockWFGTest"/>
  <testcase name="test2" time="0.000" classname="tests.LockWFGTest"/>
  <testcase name="test2" time="0.030" classname="tests.LockWFGTest"/>
  <testcase name="test2" time="0.010" classname="tests.LockWFGTest"/>
  <testcase name="test2" time="0.000" classname="tests.LockWFGTest"/>
  <testcase name="test2" time="0.000" classname="tests.LockWFGTest"/>
  <testcase name="test2" time="0.010" classname="tests.LockWFGTest"/>
  <testcase name="test2" time="0.010" classname="tests.LockWFGTest"/>
  <testcase name="test2" time="0.010" classname="tests.LockWFGTest"/>
  <testcase name="test2" time="0.020" classname="tests.LockWFGTest"/>
  <testcase name="test2" time="0.000" classname="tests.LockWFGTest"/>
  <testcase name="test2" time="0.010" classname="tests.LockWFGTest"/>
  <testcase name="test2" time="0.010" classname="tests.LockWFGTest"/>
  <testcase name="test2" time="0.020" classname="tests.LockWFGTest"/>
  <testcase name="test2" time="0.010" classname="tests.LockWFGTest"/>
  <testcase name="test2" time="0.010" classname="tests.LockWFGTest"/>
  <testcase name="test2" time="0.000" classname="tests.LockWFGTest"/>
  <testcase name="test2" time="0.020" classname="tests.LockWFGTest"/>
  <testcase name="test2" time="0.020" classname="tests.LockWFGTest"/>
  <testcase name="test2" time="0.000" classname="tests.LockWFGTest"/>
  <testcase name="test2" time="0.010" classname="tests.LockWFGTest"/>
  <testcase name="test2" time="0.010" classname="tests.LockWFGTest"/>
  <testcase name="test2" time="0.020" classname="tests.LockWFGTest"/>
  <testcase name="test2" time="0.000" classname="tests.LockWFGTest"/>
  <testcase name="test2" time="0.010" classname="tests.LockWFGTest"/>
  <testcase name="test2" time="0.010" classname="tests.LockWFGTest"/>
  <testcase name="test2" time="0.010" classname="tests.LockWFGTest"/>
  <testcase name="test2" time="0.010" classname="tests.LockWFGTest"/>
  <testcase name="test2" time="0.010" classname="tests.LockWFGTest"/>
  <testcase name="test2" time="0.020" classname="tests.LockWFGTest"/>
  <testcase name="test2" time="0.010" classname="tests.LockWFGTest"/>
  <testcase name="test2" time="0.020" classname="tests.LockWFGTest"/>
  <testcase name="test2" time="0.000" classname="tests.LockWFGTest"/>
  <testcase name="test2" time="0.000" classname="tests.LockWFGTest"/>
  <testcase name="test2" time="0.000" classname="tests.LockWFGTest"/>
  <testcase name="test2" time="0.010" classname="tests.LockWFGTest"/>
  <testcase name="test2" time="0.010" classname="tests.LockWFGTest"/>
  <testcase name="test2" time="0.000" classname="tests.LockWFGTest"/>
  <testcase name="test2" time="0.010" classname="tests.LockWFGTest"/>
  <testcase name="test2" time="0.000" classname="tests.LockWFGTest"/>
  <testcase name="test2" time="0.010" classname="tests.LockWFGTest"/>
  <testcase name="test2" time="0.000" classname="tests.LockWFGTest"/>
  <testcase name="test2" time="0.000" classname="tests.LockWFGTest"/>
  <testcase name="test2" time="0.010" classname="tests.LockWFGTest"/>
  <testcase name="test2" time="0.010" classname="tests.LockWFGTest"/>
  <testcase name="test2" time="0.010" classname="tests.LockWFGTest"/>
  <testcase name="test2" time="0.010" classname="tests.LockWFGTest"/>
  <testcase name="test2" time="0.010" classname="tests.LockWFGTest"/>
  <testcase name="test2" time="0.010" classname="tests.LockWFGTest"/>
  <testcase name="test2" time="0.010" classname="tests.LockWFGTest"/>
  <testcase name="test2" time="0.010" classname="tests.LockWFGTest"/>
  <testcase name="test2" time="0.020" classname="tests.LockWFGTest"/>
  <testcase name="test2" time="0.020" classname="tests.LockWFGTest"/>
  <testcase name="test2" time="0.000" classname="tests.LockWFGTest"/>
  <testcase name="test2" time="0.010" classname="tests.LockWFGTest"/>
  <testcase name="test2" time="0.000" classname="tests.LockWFGTest"/>
  <testcase name="test2" time="0.020" classname="tests.LockWFGTest"/>
  <testcase name="test2" time="0.020" classname="tests.LockWFGTest"/>
  <testcase name="test2" time="0.010" classname="tests.LockWFGTest"/>
  <testcase name="test2" time="0.020" classname="tests.LockWFGTest"/>
  <testcase name="test2" time="0.000" classname="tests.LockWFGTest"/>
  <testcase name="test2" time="0.010" classname="tests.LockWFGTest"/>
  <testcase name="test2" time="0.010" classname="tests.LockWFGTest"/>
  <testcase name="test2" time="0.010" classname="tests.LockWFGTest"/>
  <testcase name="test2" time="0.000" classname="tests.LockWFGTest"/>
  <testcase name="test2" time="0.010" classname="tests.LockWFGTest"/>
  <testcase name="test2" time="0.020" classname="tests.LockWFGTest"/>
  <testcase name="test2" time="0.010" classname="tests.LockWFGTest"/>
  <testcase name="test2" time="0.010" classname="tests.LockWFGTest"/>
  <testcase name="test2" time="0.010" classname="tests.LockWFGTest"/>
  <testcase name="test2" time="0.010" classname="tests.LockWFGTest"/>
  <testcase name="test2" time="0.000" classname="tests.LockWFGTest"/>
  <testcase name="test2" time="0.000" classname="tests.LockWFGTest"/>
  <testcase name="test2" time="0.011" classname="tests.LockWFGTest"/>
  <testcase name="test2" time="0.010" classname="tests.LockWFGTest"/>
  <testcase name="test2" time="0.000" classname="tests.LockWFGTest"/>
  <testcase name="test2" time="0.010" classname="tests.LockWFGTest"/>
  <testcase name="test2" time="0.010" classname="tests.LockWFGTest"/>
  <testcase name="test2" time="0.000" classname="tests.LockWFGTest"/>
  <testcase name="test2" time="0.010" classname="tests.LockWFGTest"/>
  <testcase name="test2" time="0.020" classname="tests.LockWFGTest"/>
  <testcase name="test2" time="0.020" classname="tests.LockWFGTest"/>
  <testcase name="test2" time="0.010" classname="tests.LockWFGTest"/>
  <testcase name="test2" time="0.010" classname="tests.LockWFGTest"/>
  <testcase name="test2" time="0.000" classname="tests.LockWFGTest"/>
  <testcase name="test2" time="0.020" classname="tests.LockWFGTest"/>
  <testcase name="test2" time="0.000" classname="tests.LockWFGTest"/>
  <testcase name="test2" time="0.000" classname="tests.LockWFGTest"/>
  <testcase name="test2" time="0.020" classname="tests.LockWFGTest"/>
  <testcase name="test2" time="0.010" classname="tests.LockWFGTest"/>
  <testcase name="test2" time="0.010" classname="tests.LockWFGTest"/>
  <testcase name="test2" time="0.010" classname="tests.LockWFGTest"/>
  <testcase name="test2" time="0.000" classname="tests.LockWFGTest"/>
  <testcase name="test2" time="0.020" classname="tests.LockWFGTest"/>
  <testcase name="test2" time="0.010" classname="tests.LockWFGTest"/>
  <testcase name="test2" time="0.010" classname="tests.LockWFGTest"/>
  <testcase name="test2" time="0.010" classname="tests.LockWFGTest"/>
  <testcase name="test2" time="0.021" classname="tests.LockWFGTest"/>
  <testcase name="test2" time="0.020" classname="tests.LockWFGTest"/>
  <testcase name="test2" time="0.020" classname="tests.LockWFGTest"/>
  <testcase name="test2" time="0.020" classname="tests.LockWFGTest"/>
  <testcase name="test2" time="0.010" classname="tests.LockWFGTest"/>
  <testcase name="test2" time="0.020" classname="tests.LockWFGTest"/>
  <testcase name="test2" time="0.000" classname="tests.LockWFGTest"/>
  <testcase name="test2" time="0.000" classname="tests.LockWFGTest"/>
  <testcase name="test2" time="0.020" classname="tests.LockWFGTest"/>
  <testcase name="test2" time="0.010" classname="tests.LockWFGTest"/>
  <testcase name="test2" time="0.020" classname="tests.LockWFGTest"/>
  <testcase name="test2" time="0.010" classname="tests.LockWFGTest"/>
  <testcase name="test2" time="0.010" classname="tests.LockWFGTest"/>
  <testcase name="test2" time="0.000" classname="tests.LockWFGTest"/>
  <testcase name="test2" time="0.000" classname="tests.LockWFGTest"/>
  <testcase name="test2" time="0.010" classname="tests.LockWFGTest"/>
  <testcase name="test2" time="0.010" classname="tests.LockWFGTest"/>
  <testcase name="test2" time="0.020" classname="tests.LockWFGTest"/>
  <testcase name="test2" time="0.020" classname="tests.LockWFGTest"/>
  <testcase name="test2" time="0.010" classname="tests.LockWFGTest"/>
  <testcase name="test2" time="0.010" classname="tests.LockWFGTest"/>
  <testcase name="test2" time="0.010" classname="tests.LockWFGTest"/>
  <testcase name="test2" time="0.010" classname="tests.LockWFGTest"/>
  <testcase name="test2" time="0.020" classname="tests.LockWFGTest"/>
  <testcase name="test2" time="0.020" classname="tests.LockWFGTest"/>
  <testcase name="test2" time="0.010" classname="tests.LockWFGTest"/>
  <testcase name="test2" time="0.010" classname="tests.LockWFGTest"/>
  <testcase name="test2" time="0.000" classname="tests.LockWFGTest"/>
  <testcase name="test2" time="0.010" classname="tests.LockWFGTest"/>
  <testcase name="test2" time="0.010" classname="tests.LockWFGTest"/>
  <testcase name="test2" time="0.010" classname="tests.LockWFGTest"/>
  <testcase name="test2" time="0.020" classname="tests.LockWFGTest"/>
  <testcase name="test2" time="0.010" classname="tests.LockWFGTest"/>
  <testcase name="test2" time="0.010" classname="tests.LockWFGTest"/>
  <testcase name="test2" time="0.000" classname="tests.LockWFGTest"/>
  <testcase name="test2" time="0.010" classname="tests.LockWFGTest"/>
  <testcase name="test2" time="0.000" classname="tests.LockWFGTest"/>
  <testcase name="test2" time="0.020" classname="tests.LockWFGTest"/>
  <testcase name="test2" time="0.020" classname="tests.LockWFGTest"/>
  <testcase name="test2" time="0.000" classname="tests.LockWFGTest"/>
  <testcase name="test2" time="0.010" classname="tests.LockWFGTest"/>
  <testcase name="test2" time="0.020" classname="tests.LockWFGTest"/>
  <testcase name="test2" time="0.031" classname="tests.LockWFGTest"/>
  <testcase name="test2" time="0.010" classname="tests.LockWFGTest"/>
  <testcase name="test2" time="0.010" classname="tests.LockWFGTest"/>
  <testcase name="test2" time="0.010" classname="tests.LockWFGTest"/>
  <testcase name="test2" time="0.010" classname="tests.LockWFGTest"/>
  <testcase name="test2" time="0.020" classname="tests.LockWFGTest"/>
  <testcase name="test2" time="0.021" classname="tests.LockWFGTest"/>
  <testcase name="test2" time="0.010" classname="tests.LockWFGTest"/>
  <testcase name="test2" time="0.010" classname="tests.LockWFGTest"/>
  <testcase name="test2" time="0.020" classname="tests.LockWFGTest"/>
  <testcase name="test2" time="0.020" classname="tests.LockWFGTest"/>
  <testcase name="test2" time="0.021" classname="tests.LockWFGTest"/>
  <testcase name="test2" time="0.021" classname="tests.LockWFGTest"/>
  <testcase name="test2" time="0.000" classname="tests.LockWFGTest"/>
  <testcase name="test2" time="0.010" classname="tests.LockWFGTest"/>
  <testcase name="test2" time="0.010" classname="tests.LockWFGTest"/>
  <testcase name="test2" time="0.010" classname="tests.LockWFGTest"/>
  <testcase name="test2" time="0.020" classname="tests.LockWFGTest"/>
  <testcase name="test2" time="0.000" classname="tests.LockWFGTest"/>
  <testcase name="test2" time="0.000" classname="tests.LockWFGTest"/>
  <testcase name="test2" time="0.000" classname="tests.LockWFGTest"/>
  <testcase name="test2" time="0.000" classname="tests.LockWFGTest"/>
  <testcase name="test2" time="0.000" classname="tests.LockWFGTest"/>
  <testcase name="test2" time="0.000" classname="tests.LockWFGTest"/>
  <testcase name="test2" time="0.000" classname="tests.LockWFGTest"/>
  <testcase name="test2" time="0.010" classname="tests.LockWFGTest"/>
  <testcase name="test2" time="0.000" classname="tests.LockWFGTest"/>
  <testcase name="test2" time="0.010" classname="tests.LockWFGTest"/>
  <testcase name="test2" time="0.000" classname="tests.LockWFGTest"/>
  <testcase name="test2" time="0.020" classname="tests.LockWFGTest"/>
  <testcase name="test2" time="0.010" classname="tests.LockWFGTest"/>
  <testcase name="test2" time="0.000" classname="tests.LockWFGTest"/>
  <testcase name="test2" time="0.020" classname="tests.LockWFGTest"/>
  <testcase name="test2" time="0.010" classname="tests.LockWFGTest"/>
  <testcase name="test2" time="0.020" classname="tests.LockWFGTest"/>
  <testcase name="test2" time="0.000" classname="tests.LockWFGTest"/>
  <testcase name="test2" time="0.010" classname="tests.LockWFGTest"/>
  <testcase name="test2" time="0.000" classname="tests.LockWFGTest"/>
  <testcase name="test2" time="0.010" classname="tests.LockWFGTest"/>
  <testcase name="test2" time="0.020" classname="tests.LockWFGTest"/>
  <testcase name="test2" time="0.000" classname="tests.LockWFGTest"/>
  <testcase name="test2" time="0.020" classname="tests.LockWFGTest"/>
  <testcase name="test2" time="0.020" classname="tests.LockWFGTest"/>
  <testcase name="test2" time="0.020" classname="tests.LockWFGTest"/>
  <testcase name="test2" time="0.020" classname="tests.LockWFGTest"/>
  <testcase name="test2" time="0.000" classname="tests.LockWFGTest"/>
  <testcase name="test2" time="0.010" classname="tests.LockWFGTest"/>
  <testcase name="test2" time="0.000" classname="tests.LockWFGTest"/>
  <testcase name="test2" time="0.010" classname="tests.LockWFGTest"/>
  <testcase name="test2" time="0.020" classname="tests.LockWFGTest"/>
  <testcase name="test2" time="0.000" classname="tests.LockWFGTest"/>
  <testcase name="test2" time="0.020" classname="tests.LockWFGTest"/>
  <testcase name="test2" time="0.020" classname="tests.LockWFGTest"/>
  <testcase name="test2" time="0.000" classname="tests.LockWFGTest"/>
  <testcase name="test2" time="0.000" classname="tests.LockWFGTest"/>
  <testcase name="test2" time="0.000" classname="tests.LockWFGTest"/>
  <testcase name="test2" time="0.000" classname="tests.LockWFGTest"/>
  <testcase name="test2" time="0.021" classname="tests.LockWFGTest"/>
  <testcase name="test2" time="0.020" classname="tests.LockWFGTest"/>
  <testcase name="test2" time="0.020" classname="tests.LockWFGTest"/>
  <testcase name="test2" time="0.000" classname="tests.LockWFGTest"/>
  <testcase name="test2" time="0.000" classname="tests.LockWFGTest"/>
  <testcase name="test2" time="0.020" classname="tests.LockWFGTest"/>
  <testcase name="test2" time="0.000" classname="tests.LockWFGTest"/>
  <testcase name="test2" time="0.020" classname="tests.LockWFGTest"/>
  <testcase name="test2" time="0.000" classname="tests.LockWFGTest"/>
  <testcase name="test2" time="0.020" classname="tests.LockWFGTest"/>
  <testcase name="test2" time="0.010" classname="tests.LockWFGTest"/>
  <testcase name="test2" time="0.010" classname="tests.LockWFGTest"/>
  <testcase name="test2" time="0.020" classname="tests.LockWFGTest"/>
  <testcase name="test2" time="0.000" classname="tests.LockWFGTest"/>
  <testcase name="test2" time="0.010" classname="tests.LockWFGTest"/>
  <testcase name="test2" time="0.010" classname="tests.LockWFGTest"/>
  <testcase name="test2" time="0.010" classname="tests.LockWFGTest"/>
  <testcase name="test2" time="0.010" classname="tests.LockWFGTest"/>
  <testcase name="test2" time="0.020" classname="tests.LockWFGTest"/>
  <testcase name="test2" time="0.020" classname="tests.LockWFGTest"/>
  <testcase name="test2" time="0.010" classname="tests.LockWFGTest"/>
  <testcase name="test2" time="0.010" classname="tests.LockWFGTest"/>
  <testcase name="test2" time="0.020" classname="tests.LockWFGTest"/>
  <testcase name="test2" time="0.010" classname="tests.LockWFGTest"/>
  <testcase name="test2" time="0.010" classname="tests.LockWFGTest"/>
  <testcase name="test2" time="0.020" classname="tests.LockWFGTest"/>
  <testcase name="test2" time="0.010" classname="tests.LockWFGTest"/>
  <testcase name="test2" time="0.020" classname="tests.LockWFGTest"/>
  <testcase name="test2" time="0.010" classname="tests.LockWFGTest"/>
  <testcase name="test2" time="0.010" classname="tests.LockWFGTest"/>
</testsuite> <!-- tests.LockWFGTest -->
