<?xml version="1.0" encoding="UTF-8"?>
<!-- Generated by org.testng.reporters.JUnitReportReporter -->
<testsuite hostname="MW7WWXLOX6IAWR" name="tests.TestCase3" tests="100" failures="0" timestamp="8 Apr 2016 09:01:46 GMT" time="1.200" errors="0">
  <testcase name="test2" time="0.020" classname="tests.TestCase3"/>
  <testcase name="test2" time="0.010" classname="tests.TestCase3"/>
  <testcase name="test2" time="0.020" classname="tests.TestCase3"/>
  <testcase name="test2" time="0.010" classname="tests.TestCase3"/>
  <testcase name="test2" time="0.020" classname="tests.TestCase3"/>
  <testcase name="test2" time="0.010" classname="tests.TestCase3"/>
  <testcase name="test2" time="0.020" classname="tests.TestCase3"/>
  <testcase name="test2" time="0.010" classname="tests.TestCase3"/>
  <testcase name="test2" time="0.010" classname="tests.TestCase3"/>
  <testcase name="test2" time="0.010" classname="tests.TestCase3"/>
  <testcase name="test2" time="0.020" classname="tests.TestCase3"/>
  <testcase name="test2" time="0.000" classname="tests.TestCase3"/>
  <testcase name="test2" time="0.020" classname="tests.TestCase3"/>
  <testcase name="test2" time="0.010" classname="tests.TestCase3"/>
  <testcase name="test2" time="0.010" classname="tests.TestCase3"/>
  <testcase name="test2" time="0.010" classname="tests.TestCase3"/>
  <testcase name="test2" time="0.000" classname="tests.TestCase3"/>
  <testcase name="test2" time="0.020" classname="tests.TestCase3"/>
  <testcase name="test2" time="0.010" classname="tests.TestCase3"/>
  <testcase name="test2" time="0.020" classname="tests.TestCase3"/>
  <testcase name="test2" time="0.000" classname="tests.TestCase3"/>
  <testcase name="test2" time="0.000" classname="tests.TestCase3"/>
  <testcase name="test2" time="0.020" classname="tests.TestCase3"/>
  <testcase name="test2" time="0.010" classname="tests.TestCase3"/>
  <testcase name="test2" time="0.020" classname="tests.TestCase3"/>
  <testcase name="test2" time="0.010" classname="tests.TestCase3"/>
  <testcase name="test2" time="0.010" classname="tests.TestCase3"/>
  <testcase name="test2" time="0.010" classname="tests.TestCase3"/>
  <testcase name="test2" time="0.010" classname="tests.TestCase3"/>
  <testcase name="test2" time="0.010" classname="tests.TestCase3"/>
  <testcase name="test2" time="0.010" classname="tests.TestCase3"/>
  <testcase name="test2" time="0.000" classname="tests.TestCase3"/>
  <testcase name="test2" time="0.000" classname="tests.TestCase3"/>
  <testcase name="test2" time="0.010" classname="tests.TestCase3"/>
  <testcase name="test2" time="0.010" classname="tests.TestCase3"/>
  <testcase name="test2" time="0.010" classname="tests.TestCase3"/>
  <testcase name="test2" time="0.030" classname="tests.TestCase3"/>
  <testcase name="test2" time="0.010" classname="tests.TestCase3"/>
  <testcase name="test2" time="0.010" classname="tests.TestCase3"/>
  <testcase name="test2" time="0.010" classname="tests.TestCase3"/>
  <testcase name="test2" time="0.020" classname="tests.TestCase3"/>
  <testcase name="test2" time="0.010" classname="tests.TestCase3"/>
  <testcase name="test2" time="0.000" classname="tests.TestCase3"/>
  <testcase name="test2" time="0.020" classname="tests.TestCase3"/>
  <testcase name="test2" time="0.010" classname="tests.TestCase3"/>
  <testcase name="test2" time="0.010" classname="tests.TestCase3"/>
  <testcase name="test2" time="0.020" classname="tests.TestCase3"/>
  <testcase name="test2" time="0.020" classname="tests.TestCase3"/>
  <testcase name="test2" time="0.000" classname="tests.TestCase3"/>
  <testcase name="test2" time="0.010" classname="tests.TestCase3"/>
  <testcase name="test2" time="0.000" classname="tests.TestCase3"/>
  <testcase name="test2" time="0.010" classname="tests.TestCase3"/>
  <testcase name="test2" time="0.020" classname="tests.TestCase3"/>
  <testcase name="test2" time="0.010" classname="tests.TestCase3"/>
  <testcase name="test2" time="0.010" classname="tests.TestCase3"/>
  <testcase name="test2" time="0.000" classname="tests.TestCase3"/>
  <testcase name="test2" time="0.010" classname="tests.TestCase3"/>
  <testcase name="test2" time="0.020" classname="tests.TestCase3"/>
  <testcase name="test2" time="0.000" classname="tests.TestCase3"/>
  <testcase name="test2" time="0.020" classname="tests.TestCase3"/>
  <testcase name="test2" time="0.010" classname="tests.TestCase3"/>
  <testcase name="test2" time="0.020" classname="tests.TestCase3"/>
  <testcase name="test2" time="0.010" classname="tests.TestCase3"/>
  <testcase name="test2" time="0.010" classname="tests.TestCase3"/>
  <testcase name="test2" time="0.010" classname="tests.TestCase3"/>
  <testcase name="test2" time="0.010" classname="tests.TestCase3"/>
  <testcase name="test2" time="0.020" classname="tests.TestCase3"/>
  <testcase name="test2" time="0.000" classname="tests.TestCase3"/>
  <testcase name="test2" time="0.010" classname="tests.TestCase3"/>
  <testcase name="test2" time="0.020" classname="tests.TestCase3"/>
  <testcase name="test2" time="0.010" classname="tests.TestCase3"/>
  <testcase name="test2" time="0.010" classname="tests.TestCase3"/>
  <testcase name="test2" time="0.020" classname="tests.TestCase3"/>
  <testcase name="test2" time="0.000" classname="tests.TestCase3"/>
  <testcase name="test2" time="0.020" classname="tests.TestCase3"/>
  <testcase name="test2" time="0.020" classname="tests.TestCase3"/>
  <testcase name="test2" time="0.010" classname="tests.TestCase3"/>
  <testcase name="test2" time="0.020" classname="tests.TestCase3"/>
  <testcase name="test2" time="0.010" classname="tests.TestCase3"/>
  <testcase name="test2" time="0.010" classname="tests.TestCase3"/>
  <testcase name="test2" time="0.020" classname="tests.TestCase3"/>
  <testcase name="test2" time="0.000" classname="tests.TestCase3"/>
  <testcase name="test2" time="0.020" classname="tests.TestCase3"/>
  <testcase name="test2" time="0.020" classname="tests.TestCase3"/>
  <testcase name="test2" time="0.000" classname="tests.TestCase3"/>
  <testcase name="test2" time="0.010" classname="tests.TestCase3"/>
  <testcase name="test2" time="0.010" classname="tests.TestCase3"/>
  <testcase name="test2" time="0.020" classname="tests.TestCase3"/>
  <testcase name="test2" time="0.010" classname="tests.TestCase3"/>
  <testcase name="test2" time="0.020" classname="tests.TestCase3"/>
  <testcase name="test2" time="0.000" classname="tests.TestCase3"/>
  <testcase name="test2" time="0.020" classname="tests.TestCase3"/>
  <testcase name="test2" time="0.020" classname="tests.TestCase3"/>
  <testcase name="test2" time="0.010" classname="tests.TestCase3"/>
  <testcase name="test2" time="0.010" classname="tests.TestCase3"/>
  <testcase name="test2" time="0.010" classname="tests.TestCase3"/>
  <testcase name="test2" time="0.010" classname="tests.TestCase3"/>
  <testcase name="test2" time="0.020" classname="tests.TestCase3"/>
  <testcase name="test2" time="0.020" classname="tests.TestCase3"/>
  <testcase name="test2" time="0.020" classname="tests.TestCase3"/>
</testsuite> <!-- tests.TestCase3 -->
