<?xml version="1.0" encoding="UTF-8"?>
<!-- Generated by org.testng.reporters.JUnitReportReporter -->
<testsuite hostname="MW7WWXLOX6IAWR" name="tests.LockWSynchTest" tests="100" failures="0" timestamp="8 Apr 2016 10:55:18 GMT" time="0.406" errors="0">
  <testcase name="test2" time="0.008" classname="tests.LockWSynchTest"/>
  <testcase name="test2" time="0.001" classname="tests.LockWSynchTest"/>
  <testcase name="test2" time="0.010" classname="tests.LockWSynchTest"/>
  <testcase name="test2" time="0.005" classname="tests.LockWSynchTest"/>
  <testcase name="test2" time="0.004" classname="tests.LockWSynchTest"/>
  <testcase name="test2" time="0.003" classname="tests.LockWSynchTest"/>
  <testcase name="test2" time="0.003" classname="tests.LockWSynchTest"/>
  <testcase name="test2" time="0.008" classname="tests.LockWSynchTest"/>
  <testcase name="test2" time="0.002" classname="tests.LockWSynchTest"/>
  <testcase name="test2" time="0.001" classname="tests.LockWSynchTest"/>
  <testcase name="test2" time="0.006" classname="tests.LockWSynchTest"/>
  <testcase name="test2" time="0.001" classname="tests.LockWSynchTest"/>
  <testcase name="test2" time="0.003" classname="tests.LockWSynchTest"/>
  <testcase name="test2" time="0.003" classname="tests.LockWSynchTest"/>
  <testcase name="test2" time="0.003" classname="tests.LockWSynchTest"/>
  <testcase name="test2" time="0.002" classname="tests.LockWSynchTest"/>
  <testcase name="test2" time="0.003" classname="tests.LockWSynchTest"/>
  <testcase name="test2" time="0.003" classname="tests.LockWSynchTest"/>
  <testcase name="test2" time="0.003" classname="tests.LockWSynchTest"/>
  <testcase name="test2" time="0.005" classname="tests.LockWSynchTest"/>
  <testcase name="test2" time="0.006" classname="tests.LockWSynchTest"/>
  <testcase name="test2" time="0.006" classname="tests.LockWSynchTest"/>
  <testcase name="test2" time="0.003" classname="tests.LockWSynchTest"/>
  <testcase name="test2" time="0.005" classname="tests.LockWSynchTest"/>
  <testcase name="test2" time="0.002" classname="tests.LockWSynchTest"/>
  <testcase name="test2" time="0.004" classname="tests.LockWSynchTest"/>
  <testcase name="test2" time="0.003" classname="tests.LockWSynchTest"/>
  <testcase name="test2" time="0.006" classname="tests.LockWSynchTest"/>
  <testcase name="test2" time="0.005" classname="tests.LockWSynchTest"/>
  <testcase name="test2" time="0.002" classname="tests.LockWSynchTest"/>
  <testcase name="test2" time="0.001" classname="tests.LockWSynchTest"/>
  <testcase name="test2" time="0.007" classname="tests.LockWSynchTest"/>
  <testcase name="test2" time="0.006" classname="tests.LockWSynchTest"/>
  <testcase name="test2" time="0.002" classname="tests.LockWSynchTest"/>
  <testcase name="test2" time="0.005" classname="tests.LockWSynchTest"/>
  <testcase name="test2" time="0.004" classname="tests.LockWSynchTest"/>
  <testcase name="test2" time="0.001" classname="tests.LockWSynchTest"/>
  <testcase name="test2" time="0.002" classname="tests.LockWSynchTest"/>
  <testcase name="test2" time="0.008" classname="tests.LockWSynchTest"/>
  <testcase name="test2" time="0.003" classname="tests.LockWSynchTest"/>
  <testcase name="test2" time="0.001" classname="tests.LockWSynchTest"/>
  <testcase name="test2" time="0.002" classname="tests.LockWSynchTest"/>
  <testcase name="test2" time="0.002" classname="tests.LockWSynchTest"/>
  <testcase name="test2" time="0.014" classname="tests.LockWSynchTest"/>
  <testcase name="test2" time="0.002" classname="tests.LockWSynchTest"/>
  <testcase name="test2" time="0.007" classname="tests.LockWSynchTest"/>
  <testcase name="test2" time="0.002" classname="tests.LockWSynchTest"/>
  <testcase name="test2" time="0.005" classname="tests.LockWSynchTest"/>
  <testcase name="test2" time="0.006" classname="tests.LockWSynchTest"/>
  <testcase name="test2" time="0.003" classname="tests.LockWSynchTest"/>
  <testcase name="test2" time="0.008" classname="tests.LockWSynchTest"/>
  <testcase name="test2" time="0.005" classname="tests.LockWSynchTest"/>
  <testcase name="test2" time="0.004" classname="tests.LockWSynchTest"/>
  <testcase name="test2" time="0.003" classname="tests.LockWSynchTest"/>
  <testcase name="test2" time="0.005" classname="tests.LockWSynchTest"/>
  <testcase name="test2" time="0.005" classname="tests.LockWSynchTest"/>
  <testcase name="test2" time="0.001" classname="tests.LockWSynchTest"/>
  <testcase name="test2" time="0.003" classname="tests.LockWSynchTest"/>
  <testcase name="test2" time="0.005" classname="tests.LockWSynchTest"/>
  <testcase name="test2" time="0.006" classname="tests.LockWSynchTest"/>
  <testcase name="test2" time="0.002" classname="tests.LockWSynchTest"/>
  <testcase name="test2" time="0.003" classname="tests.LockWSynchTest"/>
  <testcase name="test2" time="0.001" classname="tests.LockWSynchTest"/>
  <testcase name="test2" time="0.009" classname="tests.LockWSynchTest"/>
  <testcase name="test2" time="0.003" classname="tests.LockWSynchTest"/>
  <testcase name="test2" time="0.002" classname="tests.LockWSynchTest"/>
  <testcase name="test2" time="0.007" classname="tests.LockWSynchTest"/>
  <testcase name="test2" time="0.007" classname="tests.LockWSynchTest"/>
  <testcase name="test2" time="0.002" classname="tests.LockWSynchTest"/>
  <testcase name="test2" time="0.004" classname="tests.LockWSynchTest"/>
  <testcase name="test2" time="0.005" classname="tests.LockWSynchTest"/>
  <testcase name="test2" time="0.004" classname="tests.LockWSynchTest"/>
  <testcase name="test2" time="0.005" classname="tests.LockWSynchTest"/>
  <testcase name="test2" time="0.005" classname="tests.LockWSynchTest"/>
  <testcase name="test2" time="0.006" classname="tests.LockWSynchTest"/>
  <testcase name="test2" time="0.006" classname="tests.LockWSynchTest"/>
  <testcase name="test2" time="0.002" classname="tests.LockWSynchTest"/>
  <testcase name="test2" time="0.004" classname="tests.LockWSynchTest"/>
  <testcase name="test2" time="0.007" classname="tests.LockWSynchTest"/>
  <testcase name="test2" time="0.001" classname="tests.LockWSynchTest"/>
  <testcase name="test2" time="0.004" classname="tests.LockWSynchTest"/>
  <testcase name="test2" time="0.003" classname="tests.LockWSynchTest"/>
  <testcase name="test2" time="0.004" classname="tests.LockWSynchTest"/>
  <testcase name="test2" time="0.005" classname="tests.LockWSynchTest"/>
  <testcase name="test2" time="0.001" classname="tests.LockWSynchTest"/>
  <testcase name="test2" time="0.002" classname="tests.LockWSynchTest"/>
  <testcase name="test2" time="0.003" classname="tests.LockWSynchTest"/>
  <testcase name="test2" time="0.005" classname="tests.LockWSynchTest"/>
  <testcase name="test2" time="0.003" classname="tests.LockWSynchTest"/>
  <testcase name="test2" time="0.001" classname="tests.LockWSynchTest"/>
  <testcase name="test2" time="0.004" classname="tests.LockWSynchTest"/>
  <testcase name="test2" time="0.001" classname="tests.LockWSynchTest"/>
  <testcase name="test2" time="0.001" classname="tests.LockWSynchTest"/>
  <testcase name="test2" time="0.005" classname="tests.LockWSynchTest"/>
  <testcase name="test2" time="0.006" classname="tests.LockWSynchTest"/>
  <testcase name="test2" time="0.004" classname="tests.LockWSynchTest"/>
  <testcase name="test2" time="0.006" classname="tests.LockWSynchTest"/>
  <testcase name="test2" time="0.002" classname="tests.LockWSynchTest"/>
  <testcase name="test2" time="0.004" classname="tests.LockWSynchTest"/>
  <testcase name="test2" time="0.010" classname="tests.LockWSynchTest"/>
</testsuite> <!-- tests.LockWSynchTest -->
