<?xml version="1.0" encoding="UTF-8"?>
<!-- Generated by org.testng.reporters.JUnitReportReporter -->
<testsuite hostname="MW7WWXLOX6IAWR" name="tests.LockWFineGrainTest" tests="100" failures="0" timestamp="8 Apr 2016 10:55:12 GMT" time="0.513" errors="0">
  <testcase name="test2" time="0.006" classname="tests.LockWFineGrainTest"/>
  <testcase name="test2" time="0.002" classname="tests.LockWFineGrainTest"/>
  <testcase name="test2" time="0.002" classname="tests.LockWFineGrainTest"/>
  <testcase name="test2" time="0.008" classname="tests.LockWFineGrainTest"/>
  <testcase name="test2" time="0.008" classname="tests.LockWFineGrainTest"/>
  <testcase name="test2" time="0.003" classname="tests.LockWFineGrainTest"/>
  <testcase name="test2" time="0.007" classname="tests.LockWFineGrainTest"/>
  <testcase name="test2" time="0.004" classname="tests.LockWFineGrainTest"/>
  <testcase name="test2" time="0.006" classname="tests.LockWFineGrainTest"/>
  <testcase name="test2" time="0.010" classname="tests.LockWFineGrainTest"/>
  <testcase name="test2" time="0.006" classname="tests.LockWFineGrainTest"/>
  <testcase name="test2" time="0.005" classname="tests.LockWFineGrainTest"/>
  <testcase name="test2" time="0.002" classname="tests.LockWFineGrainTest"/>
  <testcase name="test2" time="0.002" classname="tests.LockWFineGrainTest"/>
  <testcase name="test2" time="0.001" classname="tests.LockWFineGrainTest"/>
  <testcase name="test2" time="0.011" classname="tests.LockWFineGrainTest"/>
  <testcase name="test2" time="0.006" classname="tests.LockWFineGrainTest"/>
  <testcase name="test2" time="0.002" classname="tests.LockWFineGrainTest"/>
  <testcase name="test2" time="0.001" classname="tests.LockWFineGrainTest"/>
  <testcase name="test2" time="0.002" classname="tests.LockWFineGrainTest"/>
  <testcase name="test2" time="0.007" classname="tests.LockWFineGrainTest"/>
  <testcase name="test2" time="0.001" classname="tests.LockWFineGrainTest"/>
  <testcase name="test2" time="0.008" classname="tests.LockWFineGrainTest"/>
  <testcase name="test2" time="0.003" classname="tests.LockWFineGrainTest"/>
  <testcase name="test2" time="0.003" classname="tests.LockWFineGrainTest"/>
  <testcase name="test2" time="0.006" classname="tests.LockWFineGrainTest"/>
  <testcase name="test2" time="0.001" classname="tests.LockWFineGrainTest"/>
  <testcase name="test2" time="0.003" classname="tests.LockWFineGrainTest"/>
  <testcase name="test2" time="0.009" classname="tests.LockWFineGrainTest"/>
  <testcase name="test2" time="0.002" classname="tests.LockWFineGrainTest"/>
  <testcase name="test2" time="0.003" classname="tests.LockWFineGrainTest"/>
  <testcase name="test2" time="0.009" classname="tests.LockWFineGrainTest"/>
  <testcase name="test2" time="0.007" classname="tests.LockWFineGrainTest"/>
  <testcase name="test2" time="0.002" classname="tests.LockWFineGrainTest"/>
  <testcase name="test2" time="0.004" classname="tests.LockWFineGrainTest"/>
  <testcase name="test2" time="0.003" classname="tests.LockWFineGrainTest"/>
  <testcase name="test2" time="0.005" classname="tests.LockWFineGrainTest"/>
  <testcase name="test2" time="0.003" classname="tests.LockWFineGrainTest"/>
  <testcase name="test2" time="0.009" classname="tests.LockWFineGrainTest"/>
  <testcase name="test2" time="0.003" classname="tests.LockWFineGrainTest"/>
  <testcase name="test2" time="0.003" classname="tests.LockWFineGrainTest"/>
  <testcase name="test2" time="0.003" classname="tests.LockWFineGrainTest"/>
  <testcase name="test2" time="0.001" classname="tests.LockWFineGrainTest"/>
  <testcase name="test2" time="0.005" classname="tests.LockWFineGrainTest"/>
  <testcase name="test2" time="0.007" classname="tests.LockWFineGrainTest"/>
  <testcase name="test2" time="0.006" classname="tests.LockWFineGrainTest"/>
  <testcase name="test2" time="0.002" classname="tests.LockWFineGrainTest"/>
  <testcase name="test2" time="0.004" classname="tests.LockWFineGrainTest"/>
  <testcase name="test2" time="0.003" classname="tests.LockWFineGrainTest"/>
  <testcase name="test2" time="0.003" classname="tests.LockWFineGrainTest"/>
  <testcase name="test2" time="0.021" classname="tests.LockWFineGrainTest"/>
  <testcase name="test2" time="0.002" classname="tests.LockWFineGrainTest"/>
  <testcase name="test2" time="0.006" classname="tests.LockWFineGrainTest"/>
  <testcase name="test2" time="0.003" classname="tests.LockWFineGrainTest"/>
  <testcase name="test2" time="0.001" classname="tests.LockWFineGrainTest"/>
  <testcase name="test2" time="0.006" classname="tests.LockWFineGrainTest"/>
  <testcase name="test2" time="0.008" classname="tests.LockWFineGrainTest"/>
  <testcase name="test2" time="0.003" classname="tests.LockWFineGrainTest"/>
  <testcase name="test2" time="0.003" classname="tests.LockWFineGrainTest"/>
  <testcase name="test2" time="0.007" classname="tests.LockWFineGrainTest"/>
  <testcase name="test2" time="0.013" classname="tests.LockWFineGrainTest"/>
  <testcase name="test2" time="0.008" classname="tests.LockWFineGrainTest"/>
  <testcase name="test2" time="0.005" classname="tests.LockWFineGrainTest"/>
  <testcase name="test2" time="0.006" classname="tests.LockWFineGrainTest"/>
  <testcase name="test2" time="0.004" classname="tests.LockWFineGrainTest"/>
  <testcase name="test2" time="0.001" classname="tests.LockWFineGrainTest"/>
  <testcase name="test2" time="0.002" classname="tests.LockWFineGrainTest"/>
  <testcase name="test2" time="0.005" classname="tests.LockWFineGrainTest"/>
  <testcase name="test2" time="0.001" classname="tests.LockWFineGrainTest"/>
  <testcase name="test2" time="0.010" classname="tests.LockWFineGrainTest"/>
  <testcase name="test2" time="0.009" classname="tests.LockWFineGrainTest"/>
  <testcase name="test2" time="0.003" classname="tests.LockWFineGrainTest"/>
  <testcase name="test2" time="0.003" classname="tests.LockWFineGrainTest"/>
  <testcase name="test2" time="0.005" classname="tests.LockWFineGrainTest"/>
  <testcase name="test2" time="0.024" classname="tests.LockWFineGrainTest"/>
  <testcase name="test2" time="0.005" classname="tests.LockWFineGrainTest"/>
  <testcase name="test2" time="0.001" classname="tests.LockWFineGrainTest"/>
  <testcase name="test2" time="0.009" classname="tests.LockWFineGrainTest"/>
  <testcase name="test2" time="0.004" classname="tests.LockWFineGrainTest"/>
  <testcase name="test2" time="0.004" classname="tests.LockWFineGrainTest"/>
  <testcase name="test2" time="0.001" classname="tests.LockWFineGrainTest"/>
  <testcase name="test2" time="0.001" classname="tests.LockWFineGrainTest"/>
  <testcase name="test2" time="0.003" classname="tests.LockWFineGrainTest"/>
  <testcase name="test2" time="0.009" classname="tests.LockWFineGrainTest"/>
  <testcase name="test2" time="0.005" classname="tests.LockWFineGrainTest"/>
  <testcase name="test2" time="0.008" classname="tests.LockWFineGrainTest"/>
  <testcase name="test2" time="0.003" classname="tests.LockWFineGrainTest"/>
  <testcase name="test2" time="0.005" classname="tests.LockWFineGrainTest"/>
  <testcase name="test2" time="0.012" classname="tests.LockWFineGrainTest"/>
  <testcase name="test2" time="0.007" classname="tests.LockWFineGrainTest"/>
  <testcase name="test2" time="0.008" classname="tests.LockWFineGrainTest"/>
  <testcase name="test2" time="0.004" classname="tests.LockWFineGrainTest"/>
  <testcase name="test2" time="0.005" classname="tests.LockWFineGrainTest"/>
  <testcase name="test2" time="0.001" classname="tests.LockWFineGrainTest"/>
  <testcase name="test2" time="0.003" classname="tests.LockWFineGrainTest"/>
  <testcase name="test2" time="0.003" classname="tests.LockWFineGrainTest"/>
  <testcase name="test2" time="0.007" classname="tests.LockWFineGrainTest"/>
  <testcase name="test2" time="0.007" classname="tests.LockWFineGrainTest"/>
  <testcase name="test2" time="0.001" classname="tests.LockWFineGrainTest"/>
  <testcase name="test2" time="0.016" classname="tests.LockWFineGrainTest"/>
</testsuite> <!-- tests.LockWFineGrainTest -->
