<?xml version="1.0" encoding="UTF-8"?>
<!-- Generated by org.testng.reporters.JUnitReportReporter -->
<testsuite hostname="MW7WWXLOX6IAWR" name="lockfree.LockFreeCase1" tests="1000" failures="0" timestamp="29 Apr 2016 14:10:34 GMT" time="12.146" errors="0">
  <testcase name="test" time="0.011" classname="lockfree.LockFreeCase1"/>
  <testcase name="test" time="0.011" classname="lockfree.LockFreeCase1"/>
  <testcase name="test" time="0.008" classname="lockfree.LockFreeCase1"/>
  <testcase name="test" time="0.021" classname="lockfree.LockFreeCase1"/>
  <testcase name="test" time="0.010" classname="lockfree.LockFreeCase1"/>
  <testcase name="test" time="0.017" classname="lockfree.LockFreeCase1"/>
  <testcase name="test" time="0.007" classname="lockfree.LockFreeCase1"/>
  <testcase name="test" time="0.020" classname="lockfree.LockFreeCase1"/>
  <testcase name="test" time="0.006" classname="lockfree.LockFreeCase1"/>
  <testcase name="test" time="0.005" classname="lockfree.LockFreeCase1"/>
  <testcase name="test" time="0.014" classname="lockfree.LockFreeCase1"/>
  <testcase name="test" time="0.022" classname="lockfree.LockFreeCase1"/>
  <testcase name="test" time="0.007" classname="lockfree.LockFreeCase1"/>
  <testcase name="test" time="0.017" classname="lockfree.LockFreeCase1"/>
  <testcase name="test" time="0.009" classname="lockfree.LockFreeCase1"/>
  <testcase name="test" time="0.020" classname="lockfree.LockFreeCase1"/>
  <testcase name="test" time="0.006" classname="lockfree.LockFreeCase1"/>
  <testcase name="test" time="0.005" classname="lockfree.LockFreeCase1"/>
  <testcase name="test" time="0.015" classname="lockfree.LockFreeCase1"/>
  <testcase name="test" time="0.003" classname="lockfree.LockFreeCase1"/>
  <testcase name="test" time="0.018" classname="lockfree.LockFreeCase1"/>
  <testcase name="test" time="0.020" classname="lockfree.LockFreeCase1"/>
  <testcase name="test" time="0.019" classname="lockfree.LockFreeCase1"/>
  <testcase name="test" time="0.011" classname="lockfree.LockFreeCase1"/>
  <testcase name="test" time="0.018" classname="lockfree.LockFreeCase1"/>
  <testcase name="test" time="0.010" classname="lockfree.LockFreeCase1"/>
  <testcase name="test" time="0.007" classname="lockfree.LockFreeCase1"/>
  <testcase name="test" time="0.003" classname="lockfree.LockFreeCase1"/>
  <testcase name="test" time="0.005" classname="lockfree.LockFreeCase1"/>
  <testcase name="test" time="0.005" classname="lockfree.LockFreeCase1"/>
  <testcase name="test" time="0.003" classname="lockfree.LockFreeCase1"/>
  <testcase name="test" time="0.007" classname="lockfree.LockFreeCase1"/>
  <testcase name="test" time="0.009" classname="lockfree.LockFreeCase1"/>
  <testcase name="test" time="0.015" classname="lockfree.LockFreeCase1"/>
  <testcase name="test" time="0.023" classname="lockfree.LockFreeCase1"/>
  <testcase name="test" time="0.020" classname="lockfree.LockFreeCase1"/>
  <testcase name="test" time="0.007" classname="lockfree.LockFreeCase1"/>
  <testcase name="test" time="0.006" classname="lockfree.LockFreeCase1"/>
  <testcase name="test" time="0.008" classname="lockfree.LockFreeCase1"/>
  <testcase name="test" time="0.004" classname="lockfree.LockFreeCase1"/>
  <testcase name="test" time="0.016" classname="lockfree.LockFreeCase1"/>
  <testcase name="test" time="0.018" classname="lockfree.LockFreeCase1"/>
  <testcase name="test" time="0.013" classname="lockfree.LockFreeCase1"/>
  <testcase name="test" time="0.007" classname="lockfree.LockFreeCase1"/>
  <testcase name="test" time="0.018" classname="lockfree.LockFreeCase1"/>
  <testcase name="test" time="0.003" classname="lockfree.LockFreeCase1"/>
  <testcase name="test" time="0.018" classname="lockfree.LockFreeCase1"/>
  <testcase name="test" time="0.021" classname="lockfree.LockFreeCase1"/>
  <testcase name="test" time="0.008" classname="lockfree.LockFreeCase1"/>
  <testcase name="test" time="0.015" classname="lockfree.LockFreeCase1"/>
  <testcase name="test" time="0.020" classname="lockfree.LockFreeCase1"/>
  <testcase name="test" time="0.011" classname="lockfree.LockFreeCase1"/>
  <testcase name="test" time="0.019" classname="lockfree.LockFreeCase1"/>
  <testcase name="test" time="0.002" classname="lockfree.LockFreeCase1"/>
  <testcase name="test" time="0.010" classname="lockfree.LockFreeCase1"/>
  <testcase name="test" time="0.002" classname="lockfree.LockFreeCase1"/>
  <testcase name="test" time="0.008" classname="lockfree.LockFreeCase1"/>
  <testcase name="test" time="0.007" classname="lockfree.LockFreeCase1"/>
  <testcase name="test" time="0.022" classname="lockfree.LockFreeCase1"/>
  <testcase name="test" time="0.012" classname="lockfree.LockFreeCase1"/>
  <testcase name="test" time="0.011" classname="lockfree.LockFreeCase1"/>
  <testcase name="test" time="0.007" classname="lockfree.LockFreeCase1"/>
  <testcase name="test" time="0.019" classname="lockfree.LockFreeCase1"/>
  <testcase name="test" time="0.014" classname="lockfree.LockFreeCase1"/>
  <testcase name="test" time="0.022" classname="lockfree.LockFreeCase1"/>
  <testcase name="test" time="0.009" classname="lockfree.LockFreeCase1"/>
  <testcase name="test" time="0.015" classname="lockfree.LockFreeCase1"/>
  <testcase name="test" time="0.013" classname="lockfree.LockFreeCase1"/>
  <testcase name="test" time="0.007" classname="lockfree.LockFreeCase1"/>
  <testcase name="test" time="0.019" classname="lockfree.LockFreeCase1"/>
  <testcase name="test" time="0.014" classname="lockfree.LockFreeCase1"/>
  <testcase name="test" time="0.014" classname="lockfree.LockFreeCase1"/>
  <testcase name="test" time="0.004" classname="lockfree.LockFreeCase1"/>
  <testcase name="test" time="0.006" classname="lockfree.LockFreeCase1"/>
  <testcase name="test" time="0.005" classname="lockfree.LockFreeCase1"/>
  <testcase name="test" time="0.005" classname="lockfree.LockFreeCase1"/>
  <testcase name="test" time="0.021" classname="lockfree.LockFreeCase1"/>
  <testcase name="test" time="0.014" classname="lockfree.LockFreeCase1"/>
  <testcase name="test" time="0.004" classname="lockfree.LockFreeCase1"/>
  <testcase name="test" time="0.006" classname="lockfree.LockFreeCase1"/>
  <testcase name="test" time="0.017" classname="lockfree.LockFreeCase1"/>
  <testcase name="test" time="0.012" classname="lockfree.LockFreeCase1"/>
  <testcase name="test" time="0.003" classname="lockfree.LockFreeCase1"/>
  <testcase name="test" time="0.006" classname="lockfree.LockFreeCase1"/>
  <testcase name="test" time="0.012" classname="lockfree.LockFreeCase1"/>
  <testcase name="test" time="0.011" classname="lockfree.LockFreeCase1"/>
  <testcase name="test" time="0.014" classname="lockfree.LockFreeCase1"/>
  <testcase name="test" time="0.019" classname="lockfree.LockFreeCase1"/>
  <testcase name="test" time="0.017" classname="lockfree.LockFreeCase1"/>
  <testcase name="test" time="0.021" classname="lockfree.LockFreeCase1"/>
  <testcase name="test" time="0.007" classname="lockfree.LockFreeCase1"/>
  <testcase name="test" time="0.020" classname="lockfree.LockFreeCase1"/>
  <testcase name="test" time="0.003" classname="lockfree.LockFreeCase1"/>
  <testcase name="test" time="0.017" classname="lockfree.LockFreeCase1"/>
  <testcase name="test" time="0.017" classname="lockfree.LockFreeCase1"/>
  <testcase name="test" time="0.002" classname="lockfree.LockFreeCase1"/>
  <testcase name="test" time="0.018" classname="lockfree.LockFreeCase1"/>
  <testcase name="test" time="0.019" classname="lockfree.LockFreeCase1"/>
  <testcase name="test" time="0.013" classname="lockfree.LockFreeCase1"/>
  <testcase name="test" time="0.006" classname="lockfree.LockFreeCase1"/>
  <testcase name="test" time="0.021" classname="lockfree.LockFreeCase1"/>
  <testcase name="test" time="0.011" classname="lockfree.LockFreeCase1"/>
  <testcase name="test" time="0.008" classname="lockfree.LockFreeCase1"/>
  <testcase name="test" time="0.013" classname="lockfree.LockFreeCase1"/>
  <testcase name="test" time="0.017" classname="lockfree.LockFreeCase1"/>
  <testcase name="test" time="0.015" classname="lockfree.LockFreeCase1"/>
  <testcase name="test" time="0.012" classname="lockfree.LockFreeCase1"/>
  <testcase name="test" time="0.013" classname="lockfree.LockFreeCase1"/>
  <testcase name="test" time="0.021" classname="lockfree.LockFreeCase1"/>
  <testcase name="test" time="0.020" classname="lockfree.LockFreeCase1"/>
  <testcase name="test" time="0.004" classname="lockfree.LockFreeCase1"/>
  <testcase name="test" time="0.013" classname="lockfree.LockFreeCase1"/>
  <testcase name="test" time="0.011" classname="lockfree.LockFreeCase1"/>
  <testcase name="test" time="0.020" classname="lockfree.LockFreeCase1"/>
  <testcase name="test" time="0.022" classname="lockfree.LockFreeCase1"/>
  <testcase name="test" time="0.004" classname="lockfree.LockFreeCase1"/>
  <testcase name="test" time="0.007" classname="lockfree.LockFreeCase1"/>
  <testcase name="test" time="0.014" classname="lockfree.LockFreeCase1"/>
  <testcase name="test" time="0.018" classname="lockfree.LockFreeCase1"/>
  <testcase name="test" time="0.005" classname="lockfree.LockFreeCase1"/>
  <testcase name="test" time="0.002" classname="lockfree.LockFreeCase1"/>
  <testcase name="test" time="0.008" classname="lockfree.LockFreeCase1"/>
  <testcase name="test" time="0.013" classname="lockfree.LockFreeCase1"/>
  <testcase name="test" time="0.016" classname="lockfree.LockFreeCase1"/>
  <testcase name="test" time="0.018" classname="lockfree.LockFreeCase1"/>
  <testcase name="test" time="0.019" classname="lockfree.LockFreeCase1"/>
  <testcase name="test" time="0.010" classname="lockfree.LockFreeCase1"/>
  <testcase name="test" time="0.019" classname="lockfree.LockFreeCase1"/>
  <testcase name="test" time="0.011" classname="lockfree.LockFreeCase1"/>
  <testcase name="test" time="0.009" classname="lockfree.LockFreeCase1"/>
  <testcase name="test" time="0.014" classname="lockfree.LockFreeCase1"/>
  <testcase name="test" time="0.017" classname="lockfree.LockFreeCase1"/>
  <testcase name="test" time="0.006" classname="lockfree.LockFreeCase1"/>
  <testcase name="test" time="0.011" classname="lockfree.LockFreeCase1"/>
  <testcase name="test" time="0.007" classname="lockfree.LockFreeCase1"/>
  <testcase name="test" time="0.005" classname="lockfree.LockFreeCase1"/>
  <testcase name="test" time="0.010" classname="lockfree.LockFreeCase1"/>
  <testcase name="test" time="0.014" classname="lockfree.LockFreeCase1"/>
  <testcase name="test" time="0.011" classname="lockfree.LockFreeCase1"/>
  <testcase name="test" time="0.017" classname="lockfree.LockFreeCase1"/>
  <testcase name="test" time="0.003" classname="lockfree.LockFreeCase1"/>
  <testcase name="test" time="0.020" classname="lockfree.LockFreeCase1"/>
  <testcase name="test" time="0.015" classname="lockfree.LockFreeCase1"/>
  <testcase name="test" time="0.003" classname="lockfree.LockFreeCase1"/>
  <testcase name="test" time="0.008" classname="lockfree.LockFreeCase1"/>
  <testcase name="test" time="0.022" classname="lockfree.LockFreeCase1"/>
  <testcase name="test" time="0.009" classname="lockfree.LockFreeCase1"/>
  <testcase name="test" time="0.010" classname="lockfree.LockFreeCase1"/>
  <testcase name="test" time="0.008" classname="lockfree.LockFreeCase1"/>
  <testcase name="test" time="0.016" classname="lockfree.LockFreeCase1"/>
  <testcase name="test" time="0.018" classname="lockfree.LockFreeCase1"/>
  <testcase name="test" time="0.004" classname="lockfree.LockFreeCase1"/>
  <testcase name="test" time="0.019" classname="lockfree.LockFreeCase1"/>
  <testcase name="test" time="0.012" classname="lockfree.LockFreeCase1"/>
  <testcase name="test" time="0.017" classname="lockfree.LockFreeCase1"/>
  <testcase name="test" time="0.006" classname="lockfree.LockFreeCase1"/>
  <testcase name="test" time="0.003" classname="lockfree.LockFreeCase1"/>
  <testcase name="test" time="0.011" classname="lockfree.LockFreeCase1"/>
  <testcase name="test" time="0.012" classname="lockfree.LockFreeCase1"/>
  <testcase name="test" time="0.011" classname="lockfree.LockFreeCase1"/>
  <testcase name="test" time="0.005" classname="lockfree.LockFreeCase1"/>
  <testcase name="test" time="0.007" classname="lockfree.LockFreeCase1"/>
  <testcase name="test" time="0.002" classname="lockfree.LockFreeCase1"/>
  <testcase name="test" time="0.018" classname="lockfree.LockFreeCase1"/>
  <testcase name="test" time="0.017" classname="lockfree.LockFreeCase1"/>
  <testcase name="test" time="0.016" classname="lockfree.LockFreeCase1"/>
  <testcase name="test" time="0.011" classname="lockfree.LockFreeCase1"/>
  <testcase name="test" time="0.018" classname="lockfree.LockFreeCase1"/>
  <testcase name="test" time="0.016" classname="lockfree.LockFreeCase1"/>
  <testcase name="test" time="0.018" classname="lockfree.LockFreeCase1"/>
  <testcase name="test" time="0.018" classname="lockfree.LockFreeCase1"/>
  <testcase name="test" time="0.003" classname="lockfree.LockFreeCase1"/>
  <testcase name="test" time="0.006" classname="lockfree.LockFreeCase1"/>
  <testcase name="test" time="0.004" classname="lockfree.LockFreeCase1"/>
  <testcase name="test" time="0.008" classname="lockfree.LockFreeCase1"/>
  <testcase name="test" time="0.010" classname="lockfree.LockFreeCase1"/>
  <testcase name="test" time="0.010" classname="lockfree.LockFreeCase1"/>
  <testcase name="test" time="0.020" classname="lockfree.LockFreeCase1"/>
  <testcase name="test" time="0.007" classname="lockfree.LockFreeCase1"/>
  <testcase name="test" time="0.009" classname="lockfree.LockFreeCase1"/>
  <testcase name="test" time="0.019" classname="lockfree.LockFreeCase1"/>
  <testcase name="test" time="0.005" classname="lockfree.LockFreeCase1"/>
  <testcase name="test" time="0.008" classname="lockfree.LockFreeCase1"/>
  <testcase name="test" time="0.017" classname="lockfree.LockFreeCase1"/>
  <testcase name="test" time="0.015" classname="lockfree.LockFreeCase1"/>
  <testcase name="test" time="0.006" classname="lockfree.LockFreeCase1"/>
  <testcase name="test" time="0.008" classname="lockfree.LockFreeCase1"/>
  <testcase name="test" time="0.004" classname="lockfree.LockFreeCase1"/>
  <testcase name="test" time="0.011" classname="lockfree.LockFreeCase1"/>
  <testcase name="test" time="0.006" classname="lockfree.LockFreeCase1"/>
  <testcase name="test" time="0.004" classname="lockfree.LockFreeCase1"/>
  <testcase name="test" time="0.015" classname="lockfree.LockFreeCase1"/>
  <testcase name="test" time="0.009" classname="lockfree.LockFreeCase1"/>
  <testcase name="test" time="0.007" classname="lockfree.LockFreeCase1"/>
  <testcase name="test" time="0.020" classname="lockfree.LockFreeCase1"/>
  <testcase name="test" time="0.020" classname="lockfree.LockFreeCase1"/>
  <testcase name="test" time="0.013" classname="lockfree.LockFreeCase1"/>
  <testcase name="test" time="0.018" classname="lockfree.LockFreeCase1"/>
  <testcase name="test" time="0.019" classname="lockfree.LockFreeCase1"/>
  <testcase name="test" time="0.010" classname="lockfree.LockFreeCase1"/>
  <testcase name="test" time="0.017" classname="lockfree.LockFreeCase1"/>
  <testcase name="test" time="0.007" classname="lockfree.LockFreeCase1"/>
  <testcase name="test" time="0.022" classname="lockfree.LockFreeCase1"/>
  <testcase name="test" time="0.008" classname="lockfree.LockFreeCase1"/>
  <testcase name="test" time="0.019" classname="lockfree.LockFreeCase1"/>
  <testcase name="test" time="0.011" classname="lockfree.LockFreeCase1"/>
  <testcase name="test" time="0.003" classname="lockfree.LockFreeCase1"/>
  <testcase name="test" time="0.012" classname="lockfree.LockFreeCase1"/>
  <testcase name="test" time="0.017" classname="lockfree.LockFreeCase1"/>
  <testcase name="test" time="0.008" classname="lockfree.LockFreeCase1"/>
  <testcase name="test" time="0.015" classname="lockfree.LockFreeCase1"/>
  <testcase name="test" time="0.017" classname="lockfree.LockFreeCase1"/>
  <testcase name="test" time="0.023" classname="lockfree.LockFreeCase1"/>
  <testcase name="test" time="0.002" classname="lockfree.LockFreeCase1"/>
  <testcase name="test" time="0.004" classname="lockfree.LockFreeCase1"/>
  <testcase name="test" time="0.004" classname="lockfree.LockFreeCase1"/>
  <testcase name="test" time="0.021" classname="lockfree.LockFreeCase1"/>
  <testcase name="test" time="0.012" classname="lockfree.LockFreeCase1"/>
  <testcase name="test" time="0.005" classname="lockfree.LockFreeCase1"/>
  <testcase name="test" time="0.018" classname="lockfree.LockFreeCase1"/>
  <testcase name="test" time="0.005" classname="lockfree.LockFreeCase1"/>
  <testcase name="test" time="0.006" classname="lockfree.LockFreeCase1"/>
  <testcase name="test" time="0.014" classname="lockfree.LockFreeCase1"/>
  <testcase name="test" time="0.011" classname="lockfree.LockFreeCase1"/>
  <testcase name="test" time="0.019" classname="lockfree.LockFreeCase1"/>
  <testcase name="test" time="0.020" classname="lockfree.LockFreeCase1"/>
  <testcase name="test" time="0.006" classname="lockfree.LockFreeCase1"/>
  <testcase name="test" time="0.010" classname="lockfree.LockFreeCase1"/>
  <testcase name="test" time="0.005" classname="lockfree.LockFreeCase1"/>
  <testcase name="test" time="0.021" classname="lockfree.LockFreeCase1"/>
  <testcase name="test" time="0.008" classname="lockfree.LockFreeCase1"/>
  <testcase name="test" time="0.009" classname="lockfree.LockFreeCase1"/>
  <testcase name="test" time="0.006" classname="lockfree.LockFreeCase1"/>
  <testcase name="test" time="0.007" classname="lockfree.LockFreeCase1"/>
  <testcase name="test" time="0.005" classname="lockfree.LockFreeCase1"/>
  <testcase name="test" time="0.015" classname="lockfree.LockFreeCase1"/>
  <testcase name="test" time="0.004" classname="lockfree.LockFreeCase1"/>
  <testcase name="test" time="0.003" classname="lockfree.LockFreeCase1"/>
  <testcase name="test" time="0.010" classname="lockfree.LockFreeCase1"/>
  <testcase name="test" time="0.008" classname="lockfree.LockFreeCase1"/>
  <testcase name="test" time="0.009" classname="lockfree.LockFreeCase1"/>
  <testcase name="test" time="0.004" classname="lockfree.LockFreeCase1"/>
  <testcase name="test" time="0.007" classname="lockfree.LockFreeCase1"/>
  <testcase name="test" time="0.014" classname="lockfree.LockFreeCase1"/>
  <testcase name="test" time="0.007" classname="lockfree.LockFreeCase1"/>
  <testcase name="test" time="0.014" classname="lockfree.LockFreeCase1"/>
  <testcase name="test" time="0.018" classname="lockfree.LockFreeCase1"/>
  <testcase name="test" time="0.017" classname="lockfree.LockFreeCase1"/>
  <testcase name="test" time="0.006" classname="lockfree.LockFreeCase1"/>
  <testcase name="test" time="0.018" classname="lockfree.LockFreeCase1"/>
  <testcase name="test" time="0.020" classname="lockfree.LockFreeCase1"/>
  <testcase name="test" time="0.016" classname="lockfree.LockFreeCase1"/>
  <testcase name="test" time="0.016" classname="lockfree.LockFreeCase1"/>
  <testcase name="test" time="0.018" classname="lockfree.LockFreeCase1"/>
  <testcase name="test" time="0.009" classname="lockfree.LockFreeCase1"/>
  <testcase name="test" time="0.018" classname="lockfree.LockFreeCase1"/>
  <testcase name="test" time="0.003" classname="lockfree.LockFreeCase1"/>
  <testcase name="test" time="0.018" classname="lockfree.LockFreeCase1"/>
  <testcase name="test" time="0.003" classname="lockfree.LockFreeCase1"/>
  <testcase name="test" time="0.019" classname="lockfree.LockFreeCase1"/>
  <testcase name="test" time="0.016" classname="lockfree.LockFreeCase1"/>
  <testcase name="test" time="0.004" classname="lockfree.LockFreeCase1"/>
  <testcase name="test" time="0.012" classname="lockfree.LockFreeCase1"/>
  <testcase name="test" time="0.016" classname="lockfree.LockFreeCase1"/>
  <testcase name="test" time="0.016" classname="lockfree.LockFreeCase1"/>
  <testcase name="test" time="0.010" classname="lockfree.LockFreeCase1"/>
  <testcase name="test" time="0.004" classname="lockfree.LockFreeCase1"/>
  <testcase name="test" time="0.021" classname="lockfree.LockFreeCase1"/>
  <testcase name="test" time="0.015" classname="lockfree.LockFreeCase1"/>
  <testcase name="test" time="0.004" classname="lockfree.LockFreeCase1"/>
  <testcase name="test" time="0.014" classname="lockfree.LockFreeCase1"/>
  <testcase name="test" time="0.023" classname="lockfree.LockFreeCase1"/>
  <testcase name="test" time="0.013" classname="lockfree.LockFreeCase1"/>
  <testcase name="test" time="0.017" classname="lockfree.LockFreeCase1"/>
  <testcase name="test" time="0.020" classname="lockfree.LockFreeCase1"/>
  <testcase name="test" time="0.010" classname="lockfree.LockFreeCase1"/>
  <testcase name="test" time="0.010" classname="lockfree.LockFreeCase1"/>
  <testcase name="test" time="0.004" classname="lockfree.LockFreeCase1"/>
  <testcase name="test" time="0.007" classname="lockfree.LockFreeCase1"/>
  <testcase name="test" time="0.021" classname="lockfree.LockFreeCase1"/>
  <testcase name="test" time="0.016" classname="lockfree.LockFreeCase1"/>
  <testcase name="test" time="0.017" classname="lockfree.LockFreeCase1"/>
  <testcase name="test" time="0.005" classname="lockfree.LockFreeCase1"/>
  <testcase name="test" time="0.006" classname="lockfree.LockFreeCase1"/>
  <testcase name="test" time="0.020" classname="lockfree.LockFreeCase1"/>
  <testcase name="test" time="0.004" classname="lockfree.LockFreeCase1"/>
  <testcase name="test" time="0.010" classname="lockfree.LockFreeCase1"/>
  <testcase name="test" time="0.023" classname="lockfree.LockFreeCase1"/>
  <testcase name="test" time="0.023" classname="lockfree.LockFreeCase1"/>
  <testcase name="test" time="0.004" classname="lockfree.LockFreeCase1"/>
  <testcase name="test" time="0.015" classname="lockfree.LockFreeCase1"/>
  <testcase name="test" time="0.019" classname="lockfree.LockFreeCase1"/>
  <testcase name="test" time="0.011" classname="lockfree.LockFreeCase1"/>
  <testcase name="test" time="0.009" classname="lockfree.LockFreeCase1"/>
  <testcase name="test" time="0.012" classname="lockfree.LockFreeCase1"/>
  <testcase name="test" time="0.008" classname="lockfree.LockFreeCase1"/>
  <testcase name="test" time="0.018" classname="lockfree.LockFreeCase1"/>
  <testcase name="test" time="0.004" classname="lockfree.LockFreeCase1"/>
  <testcase name="test" time="0.007" classname="lockfree.LockFreeCase1"/>
  <testcase name="test" time="0.017" classname="lockfree.LockFreeCase1"/>
  <testcase name="test" time="0.017" classname="lockfree.LockFreeCase1"/>
  <testcase name="test" time="0.017" classname="lockfree.LockFreeCase1"/>
  <testcase name="test" time="0.021" classname="lockfree.LockFreeCase1"/>
  <testcase name="test" time="0.015" classname="lockfree.LockFreeCase1"/>
  <testcase name="test" time="0.009" classname="lockfree.LockFreeCase1"/>
  <testcase name="test" time="0.013" classname="lockfree.LockFreeCase1"/>
  <testcase name="test" time="0.004" classname="lockfree.LockFreeCase1"/>
  <testcase name="test" time="0.012" classname="lockfree.LockFreeCase1"/>
  <testcase name="test" time="0.010" classname="lockfree.LockFreeCase1"/>
  <testcase name="test" time="0.009" classname="lockfree.LockFreeCase1"/>
  <testcase name="test" time="0.018" classname="lockfree.LockFreeCase1"/>
  <testcase name="test" time="0.014" classname="lockfree.LockFreeCase1"/>
  <testcase name="test" time="0.012" classname="lockfree.LockFreeCase1"/>
  <testcase name="test" time="0.016" classname="lockfree.LockFreeCase1"/>
  <testcase name="test" time="0.008" classname="lockfree.LockFreeCase1"/>
  <testcase name="test" time="0.025" classname="lockfree.LockFreeCase1"/>
  <testcase name="test" time="0.012" classname="lockfree.LockFreeCase1"/>
  <testcase name="test" time="0.005" classname="lockfree.LockFreeCase1"/>
  <testcase name="test" time="0.019" classname="lockfree.LockFreeCase1"/>
  <testcase name="test" time="0.009" classname="lockfree.LockFreeCase1"/>
  <testcase name="test" time="0.008" classname="lockfree.LockFreeCase1"/>
  <testcase name="test" time="0.014" classname="lockfree.LockFreeCase1"/>
  <testcase name="test" time="0.019" classname="lockfree.LockFreeCase1"/>
  <testcase name="test" time="0.016" classname="lockfree.LockFreeCase1"/>
  <testcase name="test" time="0.008" classname="lockfree.LockFreeCase1"/>
  <testcase name="test" time="0.009" classname="lockfree.LockFreeCase1"/>
  <testcase name="test" time="0.013" classname="lockfree.LockFreeCase1"/>
  <testcase name="test" time="0.017" classname="lockfree.LockFreeCase1"/>
  <testcase name="test" time="0.016" classname="lockfree.LockFreeCase1"/>
  <testcase name="test" time="0.022" classname="lockfree.LockFreeCase1"/>
  <testcase name="test" time="0.007" classname="lockfree.LockFreeCase1"/>
  <testcase name="test" time="0.003" classname="lockfree.LockFreeCase1"/>
  <testcase name="test" time="0.006" classname="lockfree.LockFreeCase1"/>
  <testcase name="test" time="0.018" classname="lockfree.LockFreeCase1"/>
  <testcase name="test" time="0.018" classname="lockfree.LockFreeCase1"/>
  <testcase name="test" time="0.016" classname="lockfree.LockFreeCase1"/>
  <testcase name="test" time="0.014" classname="lockfree.LockFreeCase1"/>
  <testcase name="test" time="0.007" classname="lockfree.LockFreeCase1"/>
  <testcase name="test" time="0.007" classname="lockfree.LockFreeCase1"/>
  <testcase name="test" time="0.013" classname="lockfree.LockFreeCase1"/>
  <testcase name="test" time="0.018" classname="lockfree.LockFreeCase1"/>
  <testcase name="test" time="0.012" classname="lockfree.LockFreeCase1"/>
  <testcase name="test" time="0.014" classname="lockfree.LockFreeCase1"/>
  <testcase name="test" time="0.021" classname="lockfree.LockFreeCase1"/>
  <testcase name="test" time="0.020" classname="lockfree.LockFreeCase1"/>
  <testcase name="test" time="0.005" classname="lockfree.LockFreeCase1"/>
  <testcase name="test" time="0.018" classname="lockfree.LockFreeCase1"/>
  <testcase name="test" time="0.009" classname="lockfree.LockFreeCase1"/>
  <testcase name="test" time="0.017" classname="lockfree.LockFreeCase1"/>
  <testcase name="test" time="0.004" classname="lockfree.LockFreeCase1"/>
  <testcase name="test" time="0.018" classname="lockfree.LockFreeCase1"/>
  <testcase name="test" time="0.003" classname="lockfree.LockFreeCase1"/>
  <testcase name="test" time="0.022" classname="lockfree.LockFreeCase1"/>
  <testcase name="test" time="0.013" classname="lockfree.LockFreeCase1"/>
  <testcase name="test" time="0.003" classname="lockfree.LockFreeCase1"/>
  <testcase name="test" time="0.014" classname="lockfree.LockFreeCase1"/>
  <testcase name="test" time="0.011" classname="lockfree.LockFreeCase1"/>
  <testcase name="test" time="0.019" classname="lockfree.LockFreeCase1"/>
  <testcase name="test" time="0.013" classname="lockfree.LockFreeCase1"/>
  <testcase name="test" time="0.012" classname="lockfree.LockFreeCase1"/>
  <testcase name="test" time="0.015" classname="lockfree.LockFreeCase1"/>
  <testcase name="test" time="0.009" classname="lockfree.LockFreeCase1"/>
  <testcase name="test" time="0.014" classname="lockfree.LockFreeCase1"/>
  <testcase name="test" time="0.003" classname="lockfree.LockFreeCase1"/>
  <testcase name="test" time="0.012" classname="lockfree.LockFreeCase1"/>
  <testcase name="test" time="0.006" classname="lockfree.LockFreeCase1"/>
  <testcase name="test" time="0.017" classname="lockfree.LockFreeCase1"/>
  <testcase name="test" time="0.016" classname="lockfree.LockFreeCase1"/>
  <testcase name="test" time="0.011" classname="lockfree.LockFreeCase1"/>
  <testcase name="test" time="0.005" classname="lockfree.LockFreeCase1"/>
  <testcase name="test" time="0.014" classname="lockfree.LockFreeCase1"/>
  <testcase name="test" time="0.006" classname="lockfree.LockFreeCase1"/>
  <testcase name="test" time="0.019" classname="lockfree.LockFreeCase1"/>
  <testcase name="test" time="0.017" classname="lockfree.LockFreeCase1"/>
  <testcase name="test" time="0.022" classname="lockfree.LockFreeCase1"/>
  <testcase name="test" time="0.015" classname="lockfree.LockFreeCase1"/>
  <testcase name="test" time="0.021" classname="lockfree.LockFreeCase1"/>
  <testcase name="test" time="0.019" classname="lockfree.LockFreeCase1"/>
  <testcase name="test" time="0.015" classname="lockfree.LockFreeCase1"/>
  <testcase name="test" time="0.013" classname="lockfree.LockFreeCase1"/>
  <testcase name="test" time="0.015" classname="lockfree.LockFreeCase1"/>
  <testcase name="test" time="0.018" classname="lockfree.LockFreeCase1"/>
  <testcase name="test" time="0.009" classname="lockfree.LockFreeCase1"/>
  <testcase name="test" time="0.009" classname="lockfree.LockFreeCase1"/>
  <testcase name="test" time="0.007" classname="lockfree.LockFreeCase1"/>
  <testcase name="test" time="0.013" classname="lockfree.LockFreeCase1"/>
  <testcase name="test" time="0.021" classname="lockfree.LockFreeCase1"/>
  <testcase name="test" time="0.009" classname="lockfree.LockFreeCase1"/>
  <testcase name="test" time="0.005" classname="lockfree.LockFreeCase1"/>
  <testcase name="test" time="0.014" classname="lockfree.LockFreeCase1"/>
  <testcase name="test" time="0.020" classname="lockfree.LockFreeCase1"/>
  <testcase name="test" time="0.015" classname="lockfree.LockFreeCase1"/>
  <testcase name="test" time="0.017" classname="lockfree.LockFreeCase1"/>
  <testcase name="test" time="0.020" classname="lockfree.LockFreeCase1"/>
  <testcase name="test" time="0.016" classname="lockfree.LockFreeCase1"/>
  <testcase name="test" time="0.020" classname="lockfree.LockFreeCase1"/>
  <testcase name="test" time="0.016" classname="lockfree.LockFreeCase1"/>
  <testcase name="test" time="0.014" classname="lockfree.LockFreeCase1"/>
  <testcase name="test" time="0.010" classname="lockfree.LockFreeCase1"/>
  <testcase name="test" time="0.022" classname="lockfree.LockFreeCase1"/>
  <testcase name="test" time="0.014" classname="lockfree.LockFreeCase1"/>
  <testcase name="test" time="0.020" classname="lockfree.LockFreeCase1"/>
  <testcase name="test" time="0.020" classname="lockfree.LockFreeCase1"/>
  <testcase name="test" time="0.025" classname="lockfree.LockFreeCase1"/>
  <testcase name="test" time="0.011" classname="lockfree.LockFreeCase1"/>
  <testcase name="test" time="0.008" classname="lockfree.LockFreeCase1"/>
  <testcase name="test" time="0.005" classname="lockfree.LockFreeCase1"/>
  <testcase name="test" time="0.015" classname="lockfree.LockFreeCase1"/>
  <testcase name="test" time="0.009" classname="lockfree.LockFreeCase1"/>
  <testcase name="test" time="0.020" classname="lockfree.LockFreeCase1"/>
  <testcase name="test" time="0.017" classname="lockfree.LockFreeCase1"/>
  <testcase name="test" time="0.005" classname="lockfree.LockFreeCase1"/>
  <testcase name="test" time="0.019" classname="lockfree.LockFreeCase1"/>
  <testcase name="test" time="0.025" classname="lockfree.LockFreeCase1"/>
  <testcase name="test" time="0.013" classname="lockfree.LockFreeCase1"/>
  <testcase name="test" time="0.012" classname="lockfree.LockFreeCase1"/>
  <testcase name="test" time="0.005" classname="lockfree.LockFreeCase1"/>
  <testcase name="test" time="0.003" classname="lockfree.LockFreeCase1"/>
  <testcase name="test" time="0.021" classname="lockfree.LockFreeCase1"/>
  <testcase name="test" time="0.006" classname="lockfree.LockFreeCase1"/>
  <testcase name="test" time="0.008" classname="lockfree.LockFreeCase1"/>
  <testcase name="test" time="0.009" classname="lockfree.LockFreeCase1"/>
  <testcase name="test" time="0.015" classname="lockfree.LockFreeCase1"/>
  <testcase name="test" time="0.009" classname="lockfree.LockFreeCase1"/>
  <testcase name="test" time="0.007" classname="lockfree.LockFreeCase1"/>
  <testcase name="test" time="0.018" classname="lockfree.LockFreeCase1"/>
  <testcase name="test" time="0.003" classname="lockfree.LockFreeCase1"/>
  <testcase name="test" time="0.008" classname="lockfree.LockFreeCase1"/>
  <testcase name="test" time="0.011" classname="lockfree.LockFreeCase1"/>
  <testcase name="test" time="0.012" classname="lockfree.LockFreeCase1"/>
  <testcase name="test" time="0.004" classname="lockfree.LockFreeCase1"/>
  <testcase name="test" time="0.003" classname="lockfree.LockFreeCase1"/>
  <testcase name="test" time="0.014" classname="lockfree.LockFreeCase1"/>
  <testcase name="test" time="0.004" classname="lockfree.LockFreeCase1"/>
  <testcase name="test" time="0.013" classname="lockfree.LockFreeCase1"/>
  <testcase name="test" time="0.021" classname="lockfree.LockFreeCase1"/>
  <testcase name="test" time="0.020" classname="lockfree.LockFreeCase1"/>
  <testcase name="test" time="0.008" classname="lockfree.LockFreeCase1"/>
  <testcase name="test" time="0.013" classname="lockfree.LockFreeCase1"/>
  <testcase name="test" time="0.020" classname="lockfree.LockFreeCase1"/>
  <testcase name="test" time="0.010" classname="lockfree.LockFreeCase1"/>
  <testcase name="test" time="0.012" classname="lockfree.LockFreeCase1"/>
  <testcase name="test" time="0.011" classname="lockfree.LockFreeCase1"/>
  <testcase name="test" time="0.005" classname="lockfree.LockFreeCase1"/>
  <testcase name="test" time="0.019" classname="lockfree.LockFreeCase1"/>
  <testcase name="test" time="0.003" classname="lockfree.LockFreeCase1"/>
  <testcase name="test" time="0.012" classname="lockfree.LockFreeCase1"/>
  <testcase name="test" time="0.010" classname="lockfree.LockFreeCase1"/>
  <testcase name="test" time="0.010" classname="lockfree.LockFreeCase1"/>
  <testcase name="test" time="0.012" classname="lockfree.LockFreeCase1"/>
  <testcase name="test" time="0.017" classname="lockfree.LockFreeCase1"/>
  <testcase name="test" time="0.019" classname="lockfree.LockFreeCase1"/>
  <testcase name="test" time="0.015" classname="lockfree.LockFreeCase1"/>
  <testcase name="test" time="0.020" classname="lockfree.LockFreeCase1"/>
  <testcase name="test" time="0.010" classname="lockfree.LockFreeCase1"/>
  <testcase name="test" time="0.018" classname="lockfree.LockFreeCase1"/>
  <testcase name="test" time="0.018" classname="lockfree.LockFreeCase1"/>
  <testcase name="test" time="0.013" classname="lockfree.LockFreeCase1"/>
  <testcase name="test" time="0.005" classname="lockfree.LockFreeCase1"/>
  <testcase name="test" time="0.008" classname="lockfree.LockFreeCase1"/>
  <testcase name="test" time="0.003" classname="lockfree.LockFreeCase1"/>
  <testcase name="test" time="0.013" classname="lockfree.LockFreeCase1"/>
  <testcase name="test" time="0.021" classname="lockfree.LockFreeCase1"/>
  <testcase name="test" time="0.011" classname="lockfree.LockFreeCase1"/>
  <testcase name="test" time="0.013" classname="lockfree.LockFreeCase1"/>
  <testcase name="test" time="0.008" classname="lockfree.LockFreeCase1"/>
  <testcase name="test" time="0.019" classname="lockfree.LockFreeCase1"/>
  <testcase name="test" time="0.019" classname="lockfree.LockFreeCase1"/>
  <testcase name="test" time="0.010" classname="lockfree.LockFreeCase1"/>
  <testcase name="test" time="0.012" classname="lockfree.LockFreeCase1"/>
  <testcase name="test" time="0.018" classname="lockfree.LockFreeCase1"/>
  <testcase name="test" time="0.014" classname="lockfree.LockFreeCase1"/>
  <testcase name="test" time="0.004" classname="lockfree.LockFreeCase1"/>
  <testcase name="test" time="0.008" classname="lockfree.LockFreeCase1"/>
  <testcase name="test" time="0.016" classname="lockfree.LockFreeCase1"/>
  <testcase name="test" time="0.020" classname="lockfree.LockFreeCase1"/>
  <testcase name="test" time="0.005" classname="lockfree.LockFreeCase1"/>
  <testcase name="test" time="0.004" classname="lockfree.LockFreeCase1"/>
  <testcase name="test" time="0.013" classname="lockfree.LockFreeCase1"/>
  <testcase name="test" time="0.018" classname="lockfree.LockFreeCase1"/>
  <testcase name="test" time="0.010" classname="lockfree.LockFreeCase1"/>
  <testcase name="test" time="0.019" classname="lockfree.LockFreeCase1"/>
  <testcase name="test" time="0.010" classname="lockfree.LockFreeCase1"/>
  <testcase name="test" time="0.005" classname="lockfree.LockFreeCase1"/>
  <testcase name="test" time="0.010" classname="lockfree.LockFreeCase1"/>
  <testcase name="test" time="0.018" classname="lockfree.LockFreeCase1"/>
  <testcase name="test" time="0.003" classname="lockfree.LockFreeCase1"/>
  <testcase name="test" time="0.009" classname="lockfree.LockFreeCase1"/>
  <testcase name="test" time="0.003" classname="lockfree.LockFreeCase1"/>
  <testcase name="test" time="0.004" classname="lockfree.LockFreeCase1"/>
  <testcase name="test" time="0.015" classname="lockfree.LockFreeCase1"/>
  <testcase name="test" time="0.014" classname="lockfree.LockFreeCase1"/>
  <testcase name="test" time="0.008" classname="lockfree.LockFreeCase1"/>
  <testcase name="test" time="0.012" classname="lockfree.LockFreeCase1"/>
  <testcase name="test" time="0.018" classname="lockfree.LockFreeCase1"/>
  <testcase name="test" time="0.019" classname="lockfree.LockFreeCase1"/>
  <testcase name="test" time="0.014" classname="lockfree.LockFreeCase1"/>
  <testcase name="test" time="0.018" classname="lockfree.LockFreeCase1"/>
  <testcase name="test" time="0.010" classname="lockfree.LockFreeCase1"/>
  <testcase name="test" time="0.009" classname="lockfree.LockFreeCase1"/>
  <testcase name="test" time="0.006" classname="lockfree.LockFreeCase1"/>
  <testcase name="test" time="0.015" classname="lockfree.LockFreeCase1"/>
  <testcase name="test" time="0.013" classname="lockfree.LockFreeCase1"/>
  <testcase name="test" time="0.018" classname="lockfree.LockFreeCase1"/>
  <testcase name="test" time="0.008" classname="lockfree.LockFreeCase1"/>
  <testcase name="test" time="0.006" classname="lockfree.LockFreeCase1"/>
  <testcase name="test" time="0.015" classname="lockfree.LockFreeCase1"/>
  <testcase name="test" time="0.013" classname="lockfree.LockFreeCase1"/>
  <testcase name="test" time="0.012" classname="lockfree.LockFreeCase1"/>
  <testcase name="test" time="0.004" classname="lockfree.LockFreeCase1"/>
  <testcase name="test" time="0.016" classname="lockfree.LockFreeCase1"/>
  <testcase name="test" time="0.005" classname="lockfree.LockFreeCase1"/>
  <testcase name="test" time="0.015" classname="lockfree.LockFreeCase1"/>
  <testcase name="test" time="0.006" classname="lockfree.LockFreeCase1"/>
  <testcase name="test" time="0.019" classname="lockfree.LockFreeCase1"/>
  <testcase name="test" time="0.006" classname="lockfree.LockFreeCase1"/>
  <testcase name="test" time="0.019" classname="lockfree.LockFreeCase1"/>
  <testcase name="test" time="0.009" classname="lockfree.LockFreeCase1"/>
  <testcase name="test" time="0.017" classname="lockfree.LockFreeCase1"/>
  <testcase name="test" time="0.017" classname="lockfree.LockFreeCase1"/>
  <testcase name="test" time="0.007" classname="lockfree.LockFreeCase1"/>
  <testcase name="test" time="0.011" classname="lockfree.LockFreeCase1"/>
  <testcase name="test" time="0.016" classname="lockfree.LockFreeCase1"/>
  <testcase name="test" time="0.013" classname="lockfree.LockFreeCase1"/>
  <testcase name="test" time="0.010" classname="lockfree.LockFreeCase1"/>
  <testcase name="test" time="0.020" classname="lockfree.LockFreeCase1"/>
  <testcase name="test" time="0.016" classname="lockfree.LockFreeCase1"/>
  <testcase name="test" time="0.004" classname="lockfree.LockFreeCase1"/>
  <testcase name="test" time="0.016" classname="lockfree.LockFreeCase1"/>
  <testcase name="test" time="0.010" classname="lockfree.LockFreeCase1"/>
  <testcase name="test" time="0.014" classname="lockfree.LockFreeCase1"/>
  <testcase name="test" time="0.014" classname="lockfree.LockFreeCase1"/>
  <testcase name="test" time="0.018" classname="lockfree.LockFreeCase1"/>
  <testcase name="test" time="0.008" classname="lockfree.LockFreeCase1"/>
  <testcase name="test" time="0.015" classname="lockfree.LockFreeCase1"/>
  <testcase name="test" time="0.016" classname="lockfree.LockFreeCase1"/>
  <testcase name="test" time="0.014" classname="lockfree.LockFreeCase1"/>
  <testcase name="test" time="0.020" classname="lockfree.LockFreeCase1"/>
  <testcase name="test" time="0.013" classname="lockfree.LockFreeCase1"/>
  <testcase name="test" time="0.008" classname="lockfree.LockFreeCase1"/>
  <testcase name="test" time="0.019" classname="lockfree.LockFreeCase1"/>
  <testcase name="test" time="0.012" classname="lockfree.LockFreeCase1"/>
  <testcase name="test" time="0.013" classname="lockfree.LockFreeCase1"/>
  <testcase name="test" time="0.011" classname="lockfree.LockFreeCase1"/>
  <testcase name="test" time="0.019" classname="lockfree.LockFreeCase1"/>
  <testcase name="test" time="0.003" classname="lockfree.LockFreeCase1"/>
  <testcase name="test" time="0.008" classname="lockfree.LockFreeCase1"/>
  <testcase name="test" time="0.005" classname="lockfree.LockFreeCase1"/>
  <testcase name="test" time="0.012" classname="lockfree.LockFreeCase1"/>
  <testcase name="test" time="0.003" classname="lockfree.LockFreeCase1"/>
  <testcase name="test" time="0.007" classname="lockfree.LockFreeCase1"/>
  <testcase name="test" time="0.015" classname="lockfree.LockFreeCase1"/>
  <testcase name="test" time="0.013" classname="lockfree.LockFreeCase1"/>
  <testcase name="test" time="0.016" classname="lockfree.LockFreeCase1"/>
  <testcase name="test" time="0.014" classname="lockfree.LockFreeCase1"/>
  <testcase name="test" time="0.016" classname="lockfree.LockFreeCase1"/>
  <testcase name="test" time="0.003" classname="lockfree.LockFreeCase1"/>
  <testcase name="test" time="0.017" classname="lockfree.LockFreeCase1"/>
  <testcase name="test" time="0.020" classname="lockfree.LockFreeCase1"/>
  <testcase name="test" time="0.005" classname="lockfree.LockFreeCase1"/>
  <testcase name="test" time="0.014" classname="lockfree.LockFreeCase1"/>
  <testcase name="test" time="0.005" classname="lockfree.LockFreeCase1"/>
  <testcase name="test" time="0.013" classname="lockfree.LockFreeCase1"/>
  <testcase name="test" time="0.008" classname="lockfree.LockFreeCase1"/>
  <testcase name="test" time="0.022" classname="lockfree.LockFreeCase1"/>
  <testcase name="test" time="0.006" classname="lockfree.LockFreeCase1"/>
  <testcase name="test" time="0.020" classname="lockfree.LockFreeCase1"/>
  <testcase name="test" time="0.017" classname="lockfree.LockFreeCase1"/>
  <testcase name="test" time="0.003" classname="lockfree.LockFreeCase1"/>
  <testcase name="test" time="0.003" classname="lockfree.LockFreeCase1"/>
  <testcase name="test" time="0.008" classname="lockfree.LockFreeCase1"/>
  <testcase name="test" time="0.009" classname="lockfree.LockFreeCase1"/>
  <testcase name="test" time="0.002" classname="lockfree.LockFreeCase1"/>
  <testcase name="test" time="0.023" classname="lockfree.LockFreeCase1"/>
  <testcase name="test" time="0.010" classname="lockfree.LockFreeCase1"/>
  <testcase name="test" time="0.021" classname="lockfree.LockFreeCase1"/>
  <testcase name="test" time="0.016" classname="lockfree.LockFreeCase1"/>
  <testcase name="test" time="0.017" classname="lockfree.LockFreeCase1"/>
  <testcase name="test" time="0.007" classname="lockfree.LockFreeCase1"/>
  <testcase name="test" time="0.016" classname="lockfree.LockFreeCase1"/>
  <testcase name="test" time="0.023" classname="lockfree.LockFreeCase1"/>
  <testcase name="test" time="0.011" classname="lockfree.LockFreeCase1"/>
  <testcase name="test" time="0.012" classname="lockfree.LockFreeCase1"/>
  <testcase name="test" time="0.011" classname="lockfree.LockFreeCase1"/>
  <testcase name="test" time="0.007" classname="lockfree.LockFreeCase1"/>
  <testcase name="test" time="0.009" classname="lockfree.LockFreeCase1"/>
  <testcase name="test" time="0.012" classname="lockfree.LockFreeCase1"/>
  <testcase name="test" time="0.014" classname="lockfree.LockFreeCase1"/>
  <testcase name="test" time="0.016" classname="lockfree.LockFreeCase1"/>
  <testcase name="test" time="0.005" classname="lockfree.LockFreeCase1"/>
  <testcase name="test" time="0.014" classname="lockfree.LockFreeCase1"/>
  <testcase name="test" time="0.014" classname="lockfree.LockFreeCase1"/>
  <testcase name="test" time="0.015" classname="lockfree.LockFreeCase1"/>
  <testcase name="test" time="0.004" classname="lockfree.LockFreeCase1"/>
  <testcase name="test" time="0.003" classname="lockfree.LockFreeCase1"/>
  <testcase name="test" time="0.011" classname="lockfree.LockFreeCase1"/>
  <testcase name="test" time="0.007" classname="lockfree.LockFreeCase1"/>
  <testcase name="test" time="0.003" classname="lockfree.LockFreeCase1"/>
  <testcase name="test" time="0.017" classname="lockfree.LockFreeCase1"/>
  <testcase name="test" time="0.019" classname="lockfree.LockFreeCase1"/>
  <testcase name="test" time="0.015" classname="lockfree.LockFreeCase1"/>
  <testcase name="test" time="0.011" classname="lockfree.LockFreeCase1"/>
  <testcase name="test" time="0.010" classname="lockfree.LockFreeCase1"/>
  <testcase name="test" time="0.012" classname="lockfree.LockFreeCase1"/>
  <testcase name="test" time="0.008" classname="lockfree.LockFreeCase1"/>
  <testcase name="test" time="0.016" classname="lockfree.LockFreeCase1"/>
  <testcase name="test" time="0.006" classname="lockfree.LockFreeCase1"/>
  <testcase name="test" time="0.017" classname="lockfree.LockFreeCase1"/>
  <testcase name="test" time="0.010" classname="lockfree.LockFreeCase1"/>
  <testcase name="test" time="0.021" classname="lockfree.LockFreeCase1"/>
  <testcase name="test" time="0.013" classname="lockfree.LockFreeCase1"/>
  <testcase name="test" time="0.006" classname="lockfree.LockFreeCase1"/>
  <testcase name="test" time="0.016" classname="lockfree.LockFreeCase1"/>
  <testcase name="test" time="0.005" classname="lockfree.LockFreeCase1"/>
  <testcase name="test" time="0.012" classname="lockfree.LockFreeCase1"/>
  <testcase name="test" time="0.011" classname="lockfree.LockFreeCase1"/>
  <testcase name="test" time="0.010" classname="lockfree.LockFreeCase1"/>
  <testcase name="test" time="0.017" classname="lockfree.LockFreeCase1"/>
  <testcase name="test" time="0.013" classname="lockfree.LockFreeCase1"/>
  <testcase name="test" time="0.011" classname="lockfree.LockFreeCase1"/>
  <testcase name="test" time="0.011" classname="lockfree.LockFreeCase1"/>
  <testcase name="test" time="0.011" classname="lockfree.LockFreeCase1"/>
  <testcase name="test" time="0.014" classname="lockfree.LockFreeCase1"/>
  <testcase name="test" time="0.009" classname="lockfree.LockFreeCase1"/>
  <testcase name="test" time="0.006" classname="lockfree.LockFreeCase1"/>
  <testcase name="test" time="0.020" classname="lockfree.LockFreeCase1"/>
  <testcase name="test" time="0.015" classname="lockfree.LockFreeCase1"/>
  <testcase name="test" time="0.005" classname="lockfree.LockFreeCase1"/>
  <testcase name="test" time="0.023" classname="lockfree.LockFreeCase1"/>
  <testcase name="test" time="0.010" classname="lockfree.LockFreeCase1"/>
  <testcase name="test" time="0.017" classname="lockfree.LockFreeCase1"/>
  <testcase name="test" time="0.019" classname="lockfree.LockFreeCase1"/>
  <testcase name="test" time="0.009" classname="lockfree.LockFreeCase1"/>
  <testcase name="test" time="0.009" classname="lockfree.LockFreeCase1"/>
  <testcase name="test" time="0.017" classname="lockfree.LockFreeCase1"/>
  <testcase name="test" time="0.016" classname="lockfree.LockFreeCase1"/>
  <testcase name="test" time="0.009" classname="lockfree.LockFreeCase1"/>
  <testcase name="test" time="0.009" classname="lockfree.LockFreeCase1"/>
  <testcase name="test" time="0.008" classname="lockfree.LockFreeCase1"/>
  <testcase name="test" time="0.022" classname="lockfree.LockFreeCase1"/>
  <testcase name="test" time="0.015" classname="lockfree.LockFreeCase1"/>
  <testcase name="test" time="0.014" classname="lockfree.LockFreeCase1"/>
  <testcase name="test" time="0.003" classname="lockfree.LockFreeCase1"/>
  <testcase name="test" time="0.018" classname="lockfree.LockFreeCase1"/>
  <testcase name="test" time="0.016" classname="lockfree.LockFreeCase1"/>
  <testcase name="test" time="0.006" classname="lockfree.LockFreeCase1"/>
  <testcase name="test" time="0.004" classname="lockfree.LockFreeCase1"/>
  <testcase name="test" time="0.005" classname="lockfree.LockFreeCase1"/>
  <testcase name="test" time="0.010" classname="lockfree.LockFreeCase1"/>
  <testcase name="test" time="0.017" classname="lockfree.LockFreeCase1"/>
  <testcase name="test" time="0.006" classname="lockfree.LockFreeCase1"/>
  <testcase name="test" time="0.013" classname="lockfree.LockFreeCase1"/>
  <testcase name="test" time="0.004" classname="lockfree.LockFreeCase1"/>
  <testcase name="test" time="0.008" classname="lockfree.LockFreeCase1"/>
  <testcase name="test" time="0.022" classname="lockfree.LockFreeCase1"/>
  <testcase name="test" time="0.003" classname="lockfree.LockFreeCase1"/>
  <testcase name="test" time="0.017" classname="lockfree.LockFreeCase1"/>
  <testcase name="test" time="0.009" classname="lockfree.LockFreeCase1"/>
  <testcase name="test" time="0.002" classname="lockfree.LockFreeCase1"/>
  <testcase name="test" time="0.023" classname="lockfree.LockFreeCase1"/>
  <testcase name="test" time="0.014" classname="lockfree.LockFreeCase1"/>
  <testcase name="test" time="0.018" classname="lockfree.LockFreeCase1"/>
  <testcase name="test" time="0.002" classname="lockfree.LockFreeCase1"/>
  <testcase name="test" time="0.010" classname="lockfree.LockFreeCase1"/>
  <testcase name="test" time="0.016" classname="lockfree.LockFreeCase1"/>
  <testcase name="test" time="0.015" classname="lockfree.LockFreeCase1"/>
  <testcase name="test" time="0.003" classname="lockfree.LockFreeCase1"/>
  <testcase name="test" time="0.008" classname="lockfree.LockFreeCase1"/>
  <testcase name="test" time="0.013" classname="lockfree.LockFreeCase1"/>
  <testcase name="test" time="0.022" classname="lockfree.LockFreeCase1"/>
  <testcase name="test" time="0.018" classname="lockfree.LockFreeCase1"/>
  <testcase name="test" time="0.018" classname="lockfree.LockFreeCase1"/>
  <testcase name="test" time="0.013" classname="lockfree.LockFreeCase1"/>
  <testcase name="test" time="0.011" classname="lockfree.LockFreeCase1"/>
  <testcase name="test" time="0.018" classname="lockfree.LockFreeCase1"/>
  <testcase name="test" time="0.008" classname="lockfree.LockFreeCase1"/>
  <testcase name="test" time="0.011" classname="lockfree.LockFreeCase1"/>
  <testcase name="test" time="0.005" classname="lockfree.LockFreeCase1"/>
  <testcase name="test" time="0.004" classname="lockfree.LockFreeCase1"/>
  <testcase name="test" time="0.006" classname="lockfree.LockFreeCase1"/>
  <testcase name="test" time="0.015" classname="lockfree.LockFreeCase1"/>
  <testcase name="test" time="0.005" classname="lockfree.LockFreeCase1"/>
  <testcase name="test" time="0.014" classname="lockfree.LockFreeCase1"/>
  <testcase name="test" time="0.010" classname="lockfree.LockFreeCase1"/>
  <testcase name="test" time="0.013" classname="lockfree.LockFreeCase1"/>
  <testcase name="test" time="0.009" classname="lockfree.LockFreeCase1"/>
  <testcase name="test" time="0.007" classname="lockfree.LockFreeCase1"/>
  <testcase name="test" time="0.012" classname="lockfree.LockFreeCase1"/>
  <testcase name="test" time="0.019" classname="lockfree.LockFreeCase1"/>
  <testcase name="test" time="0.013" classname="lockfree.LockFreeCase1"/>
  <testcase name="test" time="0.007" classname="lockfree.LockFreeCase1"/>
  <testcase name="test" time="0.015" classname="lockfree.LockFreeCase1"/>
  <testcase name="test" time="0.004" classname="lockfree.LockFreeCase1"/>
  <testcase name="test" time="0.007" classname="lockfree.LockFreeCase1"/>
  <testcase name="test" time="0.013" classname="lockfree.LockFreeCase1"/>
  <testcase name="test" time="0.020" classname="lockfree.LockFreeCase1"/>
  <testcase name="test" time="0.009" classname="lockfree.LockFreeCase1"/>
  <testcase name="test" time="0.022" classname="lockfree.LockFreeCase1"/>
  <testcase name="test" time="0.018" classname="lockfree.LockFreeCase1"/>
  <testcase name="test" time="0.011" classname="lockfree.LockFreeCase1"/>
  <testcase name="test" time="0.005" classname="lockfree.LockFreeCase1"/>
  <testcase name="test" time="0.016" classname="lockfree.LockFreeCase1"/>
  <testcase name="test" time="0.010" classname="lockfree.LockFreeCase1"/>
  <testcase name="test" time="0.016" classname="lockfree.LockFreeCase1"/>
  <testcase name="test" time="0.018" classname="lockfree.LockFreeCase1"/>
  <testcase name="test" time="0.016" classname="lockfree.LockFreeCase1"/>
  <testcase name="test" time="0.013" classname="lockfree.LockFreeCase1"/>
  <testcase name="test" time="0.012" classname="lockfree.LockFreeCase1"/>
  <testcase name="test" time="0.010" classname="lockfree.LockFreeCase1"/>
  <testcase name="test" time="0.015" classname="lockfree.LockFreeCase1"/>
  <testcase name="test" time="0.006" classname="lockfree.LockFreeCase1"/>
  <testcase name="test" time="0.013" classname="lockfree.LockFreeCase1"/>
  <testcase name="test" time="0.005" classname="lockfree.LockFreeCase1"/>
  <testcase name="test" time="0.018" classname="lockfree.LockFreeCase1"/>
  <testcase name="test" time="0.010" classname="lockfree.LockFreeCase1"/>
  <testcase name="test" time="0.018" classname="lockfree.LockFreeCase1"/>
  <testcase name="test" time="0.005" classname="lockfree.LockFreeCase1"/>
  <testcase name="test" time="0.012" classname="lockfree.LockFreeCase1"/>
  <testcase name="test" time="0.010" classname="lockfree.LockFreeCase1"/>
  <testcase name="test" time="0.016" classname="lockfree.LockFreeCase1"/>
  <testcase name="test" time="0.002" classname="lockfree.LockFreeCase1"/>
  <testcase name="test" time="0.007" classname="lockfree.LockFreeCase1"/>
  <testcase name="test" time="0.012" classname="lockfree.LockFreeCase1"/>
  <testcase name="test" time="0.013" classname="lockfree.LockFreeCase1"/>
  <testcase name="test" time="0.015" classname="lockfree.LockFreeCase1"/>
  <testcase name="test" time="0.022" classname="lockfree.LockFreeCase1"/>
  <testcase name="test" time="0.014" classname="lockfree.LockFreeCase1"/>
  <testcase name="test" time="0.003" classname="lockfree.LockFreeCase1"/>
  <testcase name="test" time="0.003" classname="lockfree.LockFreeCase1"/>
  <testcase name="test" time="0.025" classname="lockfree.LockFreeCase1"/>
  <testcase name="test" time="0.004" classname="lockfree.LockFreeCase1"/>
  <testcase name="test" time="0.006" classname="lockfree.LockFreeCase1"/>
  <testcase name="test" time="0.004" classname="lockfree.LockFreeCase1"/>
  <testcase name="test" time="0.006" classname="lockfree.LockFreeCase1"/>
  <testcase name="test" time="0.003" classname="lockfree.LockFreeCase1"/>
  <testcase name="test" time="0.022" classname="lockfree.LockFreeCase1"/>
  <testcase name="test" time="0.020" classname="lockfree.LockFreeCase1"/>
  <testcase name="test" time="0.004" classname="lockfree.LockFreeCase1"/>
  <testcase name="test" time="0.018" classname="lockfree.LockFreeCase1"/>
  <testcase name="test" time="0.015" classname="lockfree.LockFreeCase1"/>
  <testcase name="test" time="0.006" classname="lockfree.LockFreeCase1"/>
  <testcase name="test" time="0.012" classname="lockfree.LockFreeCase1"/>
  <testcase name="test" time="0.020" classname="lockfree.LockFreeCase1"/>
  <testcase name="test" time="0.008" classname="lockfree.LockFreeCase1"/>
  <testcase name="test" time="0.009" classname="lockfree.LockFreeCase1"/>
  <testcase name="test" time="0.009" classname="lockfree.LockFreeCase1"/>
  <testcase name="test" time="0.007" classname="lockfree.LockFreeCase1"/>
  <testcase name="test" time="0.016" classname="lockfree.LockFreeCase1"/>
  <testcase name="test" time="0.018" classname="lockfree.LockFreeCase1"/>
  <testcase name="test" time="0.011" classname="lockfree.LockFreeCase1"/>
  <testcase name="test" time="0.012" classname="lockfree.LockFreeCase1"/>
  <testcase name="test" time="0.017" classname="lockfree.LockFreeCase1"/>
  <testcase name="test" time="0.019" classname="lockfree.LockFreeCase1"/>
  <testcase name="test" time="0.020" classname="lockfree.LockFreeCase1"/>
  <testcase name="test" time="0.019" classname="lockfree.LockFreeCase1"/>
  <testcase name="test" time="0.019" classname="lockfree.LockFreeCase1"/>
  <testcase name="test" time="0.012" classname="lockfree.LockFreeCase1"/>
  <testcase name="test" time="0.004" classname="lockfree.LockFreeCase1"/>
  <testcase name="test" time="0.011" classname="lockfree.LockFreeCase1"/>
  <testcase name="test" time="0.017" classname="lockfree.LockFreeCase1"/>
  <testcase name="test" time="0.013" classname="lockfree.LockFreeCase1"/>
  <testcase name="test" time="0.015" classname="lockfree.LockFreeCase1"/>
  <testcase name="test" time="0.011" classname="lockfree.LockFreeCase1"/>
  <testcase name="test" time="0.015" classname="lockfree.LockFreeCase1"/>
  <testcase name="test" time="0.019" classname="lockfree.LockFreeCase1"/>
  <testcase name="test" time="0.003" classname="lockfree.LockFreeCase1"/>
  <testcase name="test" time="0.021" classname="lockfree.LockFreeCase1"/>
  <testcase name="test" time="0.017" classname="lockfree.LockFreeCase1"/>
  <testcase name="test" time="0.010" classname="lockfree.LockFreeCase1"/>
  <testcase name="test" time="0.006" classname="lockfree.LockFreeCase1"/>
  <testcase name="test" time="0.009" classname="lockfree.LockFreeCase1"/>
  <testcase name="test" time="0.003" classname="lockfree.LockFreeCase1"/>
  <testcase name="test" time="0.017" classname="lockfree.LockFreeCase1"/>
  <testcase name="test" time="0.013" classname="lockfree.LockFreeCase1"/>
  <testcase name="test" time="0.017" classname="lockfree.LockFreeCase1"/>
  <testcase name="test" time="0.007" classname="lockfree.LockFreeCase1"/>
  <testcase name="test" time="0.008" classname="lockfree.LockFreeCase1"/>
  <testcase name="test" time="0.005" classname="lockfree.LockFreeCase1"/>
  <testcase name="test" time="0.008" classname="lockfree.LockFreeCase1"/>
  <testcase name="test" time="0.009" classname="lockfree.LockFreeCase1"/>
  <testcase name="test" time="0.017" classname="lockfree.LockFreeCase1"/>
  <testcase name="test" time="0.016" classname="lockfree.LockFreeCase1"/>
  <testcase name="test" time="0.014" classname="lockfree.LockFreeCase1"/>
  <testcase name="test" time="0.011" classname="lockfree.LockFreeCase1"/>
  <testcase name="test" time="0.009" classname="lockfree.LockFreeCase1"/>
  <testcase name="test" time="0.009" classname="lockfree.LockFreeCase1"/>
  <testcase name="test" time="0.010" classname="lockfree.LockFreeCase1"/>
  <testcase name="test" time="0.013" classname="lockfree.LockFreeCase1"/>
  <testcase name="test" time="0.009" classname="lockfree.LockFreeCase1"/>
  <testcase name="test" time="0.012" classname="lockfree.LockFreeCase1"/>
  <testcase name="test" time="0.018" classname="lockfree.LockFreeCase1"/>
  <testcase name="test" time="0.009" classname="lockfree.LockFreeCase1"/>
  <testcase name="test" time="0.014" classname="lockfree.LockFreeCase1"/>
  <testcase name="test" time="0.009" classname="lockfree.LockFreeCase1"/>
  <testcase name="test" time="0.009" classname="lockfree.LockFreeCase1"/>
  <testcase name="test" time="0.011" classname="lockfree.LockFreeCase1"/>
  <testcase name="test" time="0.020" classname="lockfree.LockFreeCase1"/>
  <testcase name="test" time="0.018" classname="lockfree.LockFreeCase1"/>
  <testcase name="test" time="0.012" classname="lockfree.LockFreeCase1"/>
  <testcase name="test" time="0.013" classname="lockfree.LockFreeCase1"/>
  <testcase name="test" time="0.005" classname="lockfree.LockFreeCase1"/>
  <testcase name="test" time="0.002" classname="lockfree.LockFreeCase1"/>
  <testcase name="test" time="0.015" classname="lockfree.LockFreeCase1"/>
  <testcase name="test" time="0.018" classname="lockfree.LockFreeCase1"/>
  <testcase name="test" time="0.015" classname="lockfree.LockFreeCase1"/>
  <testcase name="test" time="0.003" classname="lockfree.LockFreeCase1"/>
  <testcase name="test" time="0.011" classname="lockfree.LockFreeCase1"/>
  <testcase name="test" time="0.007" classname="lockfree.LockFreeCase1"/>
  <testcase name="test" time="0.006" classname="lockfree.LockFreeCase1"/>
  <testcase name="test" time="0.020" classname="lockfree.LockFreeCase1"/>
  <testcase name="test" time="0.015" classname="lockfree.LockFreeCase1"/>
  <testcase name="test" time="0.008" classname="lockfree.LockFreeCase1"/>
  <testcase name="test" time="0.005" classname="lockfree.LockFreeCase1"/>
  <testcase name="test" time="0.019" classname="lockfree.LockFreeCase1"/>
  <testcase name="test" time="0.006" classname="lockfree.LockFreeCase1"/>
  <testcase name="test" time="0.010" classname="lockfree.LockFreeCase1"/>
  <testcase name="test" time="0.011" classname="lockfree.LockFreeCase1"/>
  <testcase name="test" time="0.002" classname="lockfree.LockFreeCase1"/>
  <testcase name="test" time="0.019" classname="lockfree.LockFreeCase1"/>
  <testcase name="test" time="0.019" classname="lockfree.LockFreeCase1"/>
  <testcase name="test" time="0.017" classname="lockfree.LockFreeCase1"/>
  <testcase name="test" time="0.006" classname="lockfree.LockFreeCase1"/>
  <testcase name="test" time="0.007" classname="lockfree.LockFreeCase1"/>
  <testcase name="test" time="0.007" classname="lockfree.LockFreeCase1"/>
  <testcase name="test" time="0.018" classname="lockfree.LockFreeCase1"/>
  <testcase name="test" time="0.008" classname="lockfree.LockFreeCase1"/>
  <testcase name="test" time="0.007" classname="lockfree.LockFreeCase1"/>
  <testcase name="test" time="0.018" classname="lockfree.LockFreeCase1"/>
  <testcase name="test" time="0.015" classname="lockfree.LockFreeCase1"/>
  <testcase name="test" time="0.008" classname="lockfree.LockFreeCase1"/>
  <testcase name="test" time="0.022" classname="lockfree.LockFreeCase1"/>
  <testcase name="test" time="0.013" classname="lockfree.LockFreeCase1"/>
  <testcase name="test" time="0.010" classname="lockfree.LockFreeCase1"/>
  <testcase name="test" time="0.007" classname="lockfree.LockFreeCase1"/>
  <testcase name="test" time="0.009" classname="lockfree.LockFreeCase1"/>
  <testcase name="test" time="0.003" classname="lockfree.LockFreeCase1"/>
  <testcase name="test" time="0.015" classname="lockfree.LockFreeCase1"/>
  <testcase name="test" time="0.016" classname="lockfree.LockFreeCase1"/>
  <testcase name="test" time="0.017" classname="lockfree.LockFreeCase1"/>
  <testcase name="test" time="0.013" classname="lockfree.LockFreeCase1"/>
  <testcase name="test" time="0.006" classname="lockfree.LockFreeCase1"/>
  <testcase name="test" time="0.009" classname="lockfree.LockFreeCase1"/>
  <testcase name="test" time="0.023" classname="lockfree.LockFreeCase1"/>
  <testcase name="test" time="0.003" classname="lockfree.LockFreeCase1"/>
  <testcase name="test" time="0.003" classname="lockfree.LockFreeCase1"/>
  <testcase name="test" time="0.021" classname="lockfree.LockFreeCase1"/>
  <testcase name="test" time="0.016" classname="lockfree.LockFreeCase1"/>
  <testcase name="test" time="0.006" classname="lockfree.LockFreeCase1"/>
  <testcase name="test" time="0.014" classname="lockfree.LockFreeCase1"/>
  <testcase name="test" time="0.004" classname="lockfree.LockFreeCase1"/>
  <testcase name="test" time="0.003" classname="lockfree.LockFreeCase1"/>
  <testcase name="test" time="0.019" classname="lockfree.LockFreeCase1"/>
  <testcase name="test" time="0.016" classname="lockfree.LockFreeCase1"/>
  <testcase name="test" time="0.008" classname="lockfree.LockFreeCase1"/>
  <testcase name="test" time="0.021" classname="lockfree.LockFreeCase1"/>
  <testcase name="test" time="0.024" classname="lockfree.LockFreeCase1"/>
  <testcase name="test" time="0.003" classname="lockfree.LockFreeCase1"/>
  <testcase name="test" time="0.009" classname="lockfree.LockFreeCase1"/>
  <testcase name="test" time="0.013" classname="lockfree.LockFreeCase1"/>
  <testcase name="test" time="0.017" classname="lockfree.LockFreeCase1"/>
  <testcase name="test" time="0.007" classname="lockfree.LockFreeCase1"/>
  <testcase name="test" time="0.017" classname="lockfree.LockFreeCase1"/>
  <testcase name="test" time="0.018" classname="lockfree.LockFreeCase1"/>
  <testcase name="test" time="0.012" classname="lockfree.LockFreeCase1"/>
  <testcase name="test" time="0.016" classname="lockfree.LockFreeCase1"/>
  <testcase name="test" time="0.015" classname="lockfree.LockFreeCase1"/>
  <testcase name="test" time="0.017" classname="lockfree.LockFreeCase1"/>
  <testcase name="test" time="0.012" classname="lockfree.LockFreeCase1"/>
  <testcase name="test" time="0.006" classname="lockfree.LockFreeCase1"/>
  <testcase name="test" time="0.016" classname="lockfree.LockFreeCase1"/>
  <testcase name="test" time="0.016" classname="lockfree.LockFreeCase1"/>
  <testcase name="test" time="0.006" classname="lockfree.LockFreeCase1"/>
  <testcase name="test" time="0.006" classname="lockfree.LockFreeCase1"/>
  <testcase name="test" time="0.012" classname="lockfree.LockFreeCase1"/>
  <testcase name="test" time="0.003" classname="lockfree.LockFreeCase1"/>
  <testcase name="test" time="0.004" classname="lockfree.LockFreeCase1"/>
  <testcase name="test" time="0.013" classname="lockfree.LockFreeCase1"/>
  <testcase name="test" time="0.008" classname="lockfree.LockFreeCase1"/>
  <testcase name="test" time="0.017" classname="lockfree.LockFreeCase1"/>
  <testcase name="test" time="0.006" classname="lockfree.LockFreeCase1"/>
  <testcase name="test" time="0.008" classname="lockfree.LockFreeCase1"/>
  <testcase name="test" time="0.020" classname="lockfree.LockFreeCase1"/>
  <testcase name="test" time="0.017" classname="lockfree.LockFreeCase1"/>
  <testcase name="test" time="0.010" classname="lockfree.LockFreeCase1"/>
  <testcase name="test" time="0.008" classname="lockfree.LockFreeCase1"/>
  <testcase name="test" time="0.014" classname="lockfree.LockFreeCase1"/>
  <testcase name="test" time="0.018" classname="lockfree.LockFreeCase1"/>
  <testcase name="test" time="0.016" classname="lockfree.LockFreeCase1"/>
  <testcase name="test" time="0.011" classname="lockfree.LockFreeCase1"/>
  <testcase name="test" time="0.011" classname="lockfree.LockFreeCase1"/>
  <testcase name="test" time="0.020" classname="lockfree.LockFreeCase1"/>
  <testcase name="test" time="0.009" classname="lockfree.LockFreeCase1"/>
  <testcase name="test" time="0.007" classname="lockfree.LockFreeCase1"/>
  <testcase name="test" time="0.004" classname="lockfree.LockFreeCase1"/>
  <testcase name="test" time="0.014" classname="lockfree.LockFreeCase1"/>
  <testcase name="test" time="0.019" classname="lockfree.LockFreeCase1"/>
  <testcase name="test" time="0.010" classname="lockfree.LockFreeCase1"/>
  <testcase name="test" time="0.023" classname="lockfree.LockFreeCase1"/>
  <testcase name="test" time="0.019" classname="lockfree.LockFreeCase1"/>
  <testcase name="test" time="0.004" classname="lockfree.LockFreeCase1"/>
  <testcase name="test" time="0.006" classname="lockfree.LockFreeCase1"/>
  <testcase name="test" time="0.020" classname="lockfree.LockFreeCase1"/>
  <testcase name="test" time="0.004" classname="lockfree.LockFreeCase1"/>
  <testcase name="test" time="0.019" classname="lockfree.LockFreeCase1"/>
  <testcase name="test" time="0.020" classname="lockfree.LockFreeCase1"/>
  <testcase name="test" time="0.014" classname="lockfree.LockFreeCase1"/>
  <testcase name="test" time="0.017" classname="lockfree.LockFreeCase1"/>
  <testcase name="test" time="0.021" classname="lockfree.LockFreeCase1"/>
  <testcase name="test" time="0.004" classname="lockfree.LockFreeCase1"/>
  <testcase name="test" time="0.010" classname="lockfree.LockFreeCase1"/>
  <testcase name="test" time="0.012" classname="lockfree.LockFreeCase1"/>
  <testcase name="test" time="0.005" classname="lockfree.LockFreeCase1"/>
  <testcase name="test" time="0.018" classname="lockfree.LockFreeCase1"/>
  <testcase name="test" time="0.022" classname="lockfree.LockFreeCase1"/>
  <testcase name="test" time="0.020" classname="lockfree.LockFreeCase1"/>
  <testcase name="test" time="0.003" classname="lockfree.LockFreeCase1"/>
  <testcase name="test" time="0.021" classname="lockfree.LockFreeCase1"/>
  <testcase name="test" time="0.010" classname="lockfree.LockFreeCase1"/>
  <testcase name="test" time="0.017" classname="lockfree.LockFreeCase1"/>
  <testcase name="test" time="0.003" classname="lockfree.LockFreeCase1"/>
  <testcase name="test" time="0.007" classname="lockfree.LockFreeCase1"/>
  <testcase name="test" time="0.014" classname="lockfree.LockFreeCase1"/>
  <testcase name="test" time="0.017" classname="lockfree.LockFreeCase1"/>
  <testcase name="test" time="0.017" classname="lockfree.LockFreeCase1"/>
  <testcase name="test" time="0.005" classname="lockfree.LockFreeCase1"/>
  <testcase name="test" time="0.005" classname="lockfree.LockFreeCase1"/>
  <testcase name="test" time="0.016" classname="lockfree.LockFreeCase1"/>
  <testcase name="test" time="0.016" classname="lockfree.LockFreeCase1"/>
  <testcase name="test" time="0.009" classname="lockfree.LockFreeCase1"/>
  <testcase name="test" time="0.002" classname="lockfree.LockFreeCase1"/>
  <testcase name="test" time="0.016" classname="lockfree.LockFreeCase1"/>
  <testcase name="test" time="0.013" classname="lockfree.LockFreeCase1"/>
  <testcase name="test" time="0.017" classname="lockfree.LockFreeCase1"/>
  <testcase name="test" time="0.011" classname="lockfree.LockFreeCase1"/>
  <testcase name="test" time="0.007" classname="lockfree.LockFreeCase1"/>
  <testcase name="test" time="0.012" classname="lockfree.LockFreeCase1"/>
  <testcase name="test" time="0.015" classname="lockfree.LockFreeCase1"/>
  <testcase name="test" time="0.011" classname="lockfree.LockFreeCase1"/>
  <testcase name="test" time="0.019" classname="lockfree.LockFreeCase1"/>
  <testcase name="test" time="0.009" classname="lockfree.LockFreeCase1"/>
  <testcase name="test" time="0.014" classname="lockfree.LockFreeCase1"/>
  <testcase name="test" time="0.018" classname="lockfree.LockFreeCase1"/>
  <testcase name="test" time="0.020" classname="lockfree.LockFreeCase1"/>
  <testcase name="test" time="0.004" classname="lockfree.LockFreeCase1"/>
  <testcase name="test" time="0.009" classname="lockfree.LockFreeCase1"/>
  <testcase name="test" time="0.017" classname="lockfree.LockFreeCase1"/>
  <testcase name="test" time="0.013" classname="lockfree.LockFreeCase1"/>
  <testcase name="test" time="0.011" classname="lockfree.LockFreeCase1"/>
  <testcase name="test" time="0.014" classname="lockfree.LockFreeCase1"/>
  <testcase name="test" time="0.015" classname="lockfree.LockFreeCase1"/>
  <testcase name="test" time="0.015" classname="lockfree.LockFreeCase1"/>
  <testcase name="test" time="0.005" classname="lockfree.LockFreeCase1"/>
  <testcase name="test" time="0.012" classname="lockfree.LockFreeCase1"/>
  <testcase name="test" time="0.019" classname="lockfree.LockFreeCase1"/>
  <testcase name="test" time="0.012" classname="lockfree.LockFreeCase1"/>
  <testcase name="test" time="0.018" classname="lockfree.LockFreeCase1"/>
  <testcase name="test" time="0.019" classname="lockfree.LockFreeCase1"/>
  <testcase name="test" time="0.019" classname="lockfree.LockFreeCase1"/>
  <testcase name="test" time="0.017" classname="lockfree.LockFreeCase1"/>
  <testcase name="test" time="0.012" classname="lockfree.LockFreeCase1"/>
  <testcase name="test" time="0.015" classname="lockfree.LockFreeCase1"/>
  <testcase name="test" time="0.019" classname="lockfree.LockFreeCase1"/>
  <testcase name="test" time="0.005" classname="lockfree.LockFreeCase1"/>
  <testcase name="test" time="0.017" classname="lockfree.LockFreeCase1"/>
  <testcase name="test" time="0.013" classname="lockfree.LockFreeCase1"/>
  <testcase name="test" time="0.005" classname="lockfree.LockFreeCase1"/>
  <testcase name="test" time="0.004" classname="lockfree.LockFreeCase1"/>
  <testcase name="test" time="0.008" classname="lockfree.LockFreeCase1"/>
  <testcase name="test" time="0.005" classname="lockfree.LockFreeCase1"/>
  <testcase name="test" time="0.024" classname="lockfree.LockFreeCase1"/>
  <testcase name="test" time="0.011" classname="lockfree.LockFreeCase1"/>
  <testcase name="test" time="0.023" classname="lockfree.LockFreeCase1"/>
  <testcase name="test" time="0.015" classname="lockfree.LockFreeCase1"/>
  <testcase name="test" time="0.003" classname="lockfree.LockFreeCase1"/>
  <testcase name="test" time="0.008" classname="lockfree.LockFreeCase1"/>
  <testcase name="test" time="0.007" classname="lockfree.LockFreeCase1"/>
  <testcase name="test" time="0.014" classname="lockfree.LockFreeCase1"/>
  <testcase name="test" time="0.017" classname="lockfree.LockFreeCase1"/>
  <testcase name="test" time="0.012" classname="lockfree.LockFreeCase1"/>
  <testcase name="test" time="0.003" classname="lockfree.LockFreeCase1"/>
  <testcase name="test" time="0.015" classname="lockfree.LockFreeCase1"/>
  <testcase name="test" time="0.006" classname="lockfree.LockFreeCase1"/>
  <testcase name="test" time="0.013" classname="lockfree.LockFreeCase1"/>
  <testcase name="test" time="0.016" classname="lockfree.LockFreeCase1"/>
  <testcase name="test" time="0.016" classname="lockfree.LockFreeCase1"/>
  <testcase name="test" time="0.010" classname="lockfree.LockFreeCase1"/>
  <testcase name="test" time="0.014" classname="lockfree.LockFreeCase1"/>
  <testcase name="test" time="0.005" classname="lockfree.LockFreeCase1"/>
  <testcase name="test" time="0.014" classname="lockfree.LockFreeCase1"/>
  <testcase name="test" time="0.008" classname="lockfree.LockFreeCase1"/>
  <testcase name="test" time="0.015" classname="lockfree.LockFreeCase1"/>
  <testcase name="test" time="0.006" classname="lockfree.LockFreeCase1"/>
  <testcase name="test" time="0.005" classname="lockfree.LockFreeCase1"/>
  <testcase name="test" time="0.009" classname="lockfree.LockFreeCase1"/>
  <testcase name="test" time="0.021" classname="lockfree.LockFreeCase1"/>
  <testcase name="test" time="0.007" classname="lockfree.LockFreeCase1"/>
  <testcase name="test" time="0.015" classname="lockfree.LockFreeCase1"/>
  <testcase name="test" time="0.007" classname="lockfree.LockFreeCase1"/>
  <testcase name="test" time="0.015" classname="lockfree.LockFreeCase1"/>
  <testcase name="test" time="0.009" classname="lockfree.LockFreeCase1"/>
</testsuite> <!-- lockfree.LockFreeCase1 -->
