<?xml version="1.0" encoding="UTF-8"?>
<!-- Generated by org.testng.reporters.JUnitReportReporter -->
<testsuite hostname="MW7WWXLOX6IAWR" name="tests.StructLockTest" tests="100" failures="0" timestamp="29 Apr 2016 07:52:06 GMT" time="0.404" errors="0">
  <testcase name="test2" time="0.000" classname="tests.StructLockTest"/>
  <testcase name="test2" time="0.000" classname="tests.StructLockTest"/>
  <testcase name="test2" time="0.000" classname="tests.StructLockTest"/>
  <testcase name="test2" time="0.000" classname="tests.StructLockTest"/>
  <testcase name="test2" time="0.016" classname="tests.StructLockTest"/>
  <testcase name="test2" time="0.016" classname="tests.StructLockTest"/>
  <testcase name="test2" time="0.000" classname="tests.StructLockTest"/>
  <testcase name="test2" time="0.000" classname="tests.StructLockTest"/>
  <testcase name="test2" time="0.000" classname="tests.StructLockTest"/>
  <testcase name="test2" time="0.000" classname="tests.StructLockTest"/>
  <testcase name="test2" time="0.000" classname="tests.StructLockTest"/>
  <testcase name="test2" time="0.000" classname="tests.StructLockTest"/>
  <testcase name="test2" time="0.000" classname="tests.StructLockTest"/>
  <testcase name="test2" time="0.016" classname="tests.StructLockTest"/>
  <testcase name="test2" time="0.000" classname="tests.StructLockTest"/>
  <testcase name="test2" time="0.000" classname="tests.StructLockTest"/>
  <testcase name="test2" time="0.000" classname="tests.StructLockTest"/>
  <testcase name="test2" time="0.015" classname="tests.StructLockTest"/>
  <testcase name="test2" time="0.000" classname="tests.StructLockTest"/>
  <testcase name="test2" time="0.000" classname="tests.StructLockTest"/>
  <testcase name="test2" time="0.000" classname="tests.StructLockTest"/>
  <testcase name="test2" time="0.000" classname="tests.StructLockTest"/>
  <testcase name="test2" time="0.000" classname="tests.StructLockTest"/>
  <testcase name="test2" time="0.000" classname="tests.StructLockTest"/>
  <testcase name="test2" time="0.000" classname="tests.StructLockTest"/>
  <testcase name="test2" time="0.000" classname="tests.StructLockTest"/>
  <testcase name="test2" time="0.000" classname="tests.StructLockTest"/>
  <testcase name="test2" time="0.000" classname="tests.StructLockTest"/>
  <testcase name="test2" time="0.000" classname="tests.StructLockTest"/>
  <testcase name="test2" time="0.000" classname="tests.StructLockTest"/>
  <testcase name="test2" time="0.015" classname="tests.StructLockTest"/>
  <testcase name="test2" time="0.015" classname="tests.StructLockTest"/>
  <testcase name="test2" time="0.015" classname="tests.StructLockTest"/>
  <testcase name="test2" time="0.000" classname="tests.StructLockTest"/>
  <testcase name="test2" time="0.000" classname="tests.StructLockTest"/>
  <testcase name="test2" time="0.000" classname="tests.StructLockTest"/>
  <testcase name="test2" time="0.000" classname="tests.StructLockTest"/>
  <testcase name="test2" time="0.000" classname="tests.StructLockTest"/>
  <testcase name="test2" time="0.000" classname="tests.StructLockTest"/>
  <testcase name="test2" time="0.000" classname="tests.StructLockTest"/>
  <testcase name="test2" time="0.000" classname="tests.StructLockTest"/>
  <testcase name="test2" time="0.016" classname="tests.StructLockTest"/>
  <testcase name="test2" time="0.000" classname="tests.StructLockTest"/>
  <testcase name="test2" time="0.000" classname="tests.StructLockTest"/>
  <testcase name="test2" time="0.016" classname="tests.StructLockTest"/>
  <testcase name="test2" time="0.015" classname="tests.StructLockTest"/>
  <testcase name="test2" time="0.000" classname="tests.StructLockTest"/>
  <testcase name="test2" time="0.000" classname="tests.StructLockTest"/>
  <testcase name="test2" time="0.015" classname="tests.StructLockTest"/>
  <testcase name="test2" time="0.000" classname="tests.StructLockTest"/>
  <testcase name="test2" time="0.015" classname="tests.StructLockTest"/>
  <testcase name="test2" time="0.000" classname="tests.StructLockTest"/>
  <testcase name="test2" time="0.016" classname="tests.StructLockTest"/>
  <testcase name="test2" time="0.016" classname="tests.StructLockTest"/>
  <testcase name="test2" time="0.015" classname="tests.StructLockTest"/>
  <testcase name="test2" time="0.016" classname="tests.StructLockTest"/>
  <testcase name="test2" time="0.015" classname="tests.StructLockTest"/>
  <testcase name="test2" time="0.015" classname="tests.StructLockTest"/>
  <testcase name="test2" time="0.015" classname="tests.StructLockTest"/>
  <testcase name="test2" time="0.016" classname="tests.StructLockTest"/>
  <testcase name="test2" time="0.000" classname="tests.StructLockTest"/>
  <testcase name="test2" time="0.000" classname="tests.StructLockTest"/>
  <testcase name="test2" time="0.000" classname="tests.StructLockTest"/>
  <testcase name="test2" time="0.000" classname="tests.StructLockTest"/>
  <testcase name="test2" time="0.000" classname="tests.StructLockTest"/>
  <testcase name="test2" time="0.000" classname="tests.StructLockTest"/>
  <testcase name="test2" time="0.000" classname="tests.StructLockTest"/>
  <testcase name="test2" time="0.000" classname="tests.StructLockTest"/>
  <testcase name="test2" time="0.000" classname="tests.StructLockTest"/>
  <testcase name="test2" time="0.016" classname="tests.StructLockTest"/>
  <testcase name="test2" time="0.000" classname="tests.StructLockTest"/>
  <testcase name="test2" time="0.000" classname="tests.StructLockTest"/>
  <testcase name="test2" time="0.016" classname="tests.StructLockTest"/>
  <testcase name="test2" time="0.000" classname="tests.StructLockTest"/>
  <testcase name="test2" time="0.000" classname="tests.StructLockTest"/>
  <testcase name="test2" time="0.000" classname="tests.StructLockTest"/>
  <testcase name="test2" time="0.000" classname="tests.StructLockTest"/>
  <testcase name="test2" time="0.000" classname="tests.StructLockTest"/>
  <testcase name="test2" time="0.000" classname="tests.StructLockTest"/>
  <testcase name="test2" time="0.000" classname="tests.StructLockTest"/>
  <testcase name="test2" time="0.000" classname="tests.StructLockTest"/>
  <testcase name="test2" time="0.016" classname="tests.StructLockTest"/>
  <testcase name="test2" time="0.000" classname="tests.StructLockTest"/>
  <testcase name="test2" time="0.000" classname="tests.StructLockTest"/>
  <testcase name="test2" time="0.000" classname="tests.StructLockTest"/>
  <testcase name="test2" time="0.000" classname="tests.StructLockTest"/>
  <testcase name="test2" time="0.015" classname="tests.StructLockTest"/>
  <testcase name="test2" time="0.000" classname="tests.StructLockTest"/>
  <testcase name="test2" time="0.000" classname="tests.StructLockTest"/>
  <testcase name="test2" time="0.000" classname="tests.StructLockTest"/>
  <testcase name="test2" time="0.000" classname="tests.StructLockTest"/>
  <testcase name="test2" time="0.000" classname="tests.StructLockTest"/>
  <testcase name="test2" time="0.000" classname="tests.StructLockTest"/>
  <testcase name="test2" time="0.000" classname="tests.StructLockTest"/>
  <testcase name="test2" time="0.016" classname="tests.StructLockTest"/>
  <testcase name="test2" time="0.000" classname="tests.StructLockTest"/>
  <testcase name="test2" time="0.000" classname="tests.StructLockTest"/>
  <testcase name="test2" time="0.000" classname="tests.StructLockTest"/>
  <testcase name="test2" time="0.016" classname="tests.StructLockTest"/>
  <testcase name="test2" time="0.000" classname="tests.StructLockTest"/>
</testsuite> <!-- tests.StructLockTest -->
