<?xml version="1.0" encoding="UTF-8"?>
<!-- Generated by org.testng.reporters.JUnitReportReporter -->
<testsuite hostname="DESKTOP-70SA8NV" name="tests.enqDeqTest" tests="3" failures="0" timestamp="28 Dec 2015 21:22:07 GMT" time="0.000" errors="0">
  <testcase name="test" time="0.000" classname="tests.enqDeqTest"/>
  <testcase name="test" time="0.000" classname="tests.enqDeqTest"/>
  <testcase name="test" time="0.000" classname="tests.enqDeqTest"/>
</testsuite> <!-- tests.enqDeqTest -->
